Loading plugins phase: Elapsed time ==> 0s.369ms
<CYPRESSTAG name="CyDsfit arguments...">
cydsfit arguments: -.fdsnotice -.fdswarpdepfile=warp_dependencies.txt -.fdselabdepfile=elab_dependencies.txt -.fdsbldfile=generated_files.txt -.fdsreffile=referenced_files.txt -p C:\Users\marco\OneDrive\Documenti\PSoC Creator\Prove_PSOC\LED_GUI_LOOP.cydsn\LED_GUI_LOOP.cyprj -d CY8C5888LTI-LP097 -s C:\Users\marco\OneDrive\Documenti\PSoC Creator\Prove_PSOC\LED_GUI_LOOP.cydsn\Generated_Source\PSoC5 -- -yv2 -q10 -ygs -o2 -v3 -.fftcfgtype=LE
</CYPRESSTAG>
<CYPRESSTAG name="Design elaboration results...">
</CYPRESSTAG>
Elaboration phase: Elapsed time ==> 1s.656ms
<CYPRESSTAG name="HDL generation results...">
</CYPRESSTAG>
HDL generation phase: Elapsed time ==> 0s.031ms
<CYPRESSTAG name="Synthesis results...">

     | | | | | | |
   _________________
  -|               |-
  -|               |-
  -|               |-
  -|    CYPRESS    |-
  -|               |-
  -|               |-   Warp Verilog Synthesis Compiler: Version 6.3 IR 41
  -|               |-   Copyright (C) 1991-2001 Cypress Semiconductor
   |_______________|
     | | | | | | |

======================================================================
Compiling:  LED_GUI_LOOP.v
Program  :   C:\Program Files (x86)\Cypress\PSoC Creator\4.4\PSoC Creator\warp\bin\warp.exe
Options  :    -yv2 -q10 -ygs -o2 -v3 -.fftcfgtype=LE -ya -.fftprj=C:\Users\marco\OneDrive\Documenti\PSoC Creator\Prove_PSOC\LED_GUI_LOOP.cydsn\LED_GUI_LOOP.cyprj -dcpsoc3 LED_GUI_LOOP.v -verilog
======================================================================

======================================================================
Compiling:  LED_GUI_LOOP.v
Program  :   C:\Program Files (x86)\Cypress\PSoC Creator\4.4\PSoC Creator\warp\bin\warp.exe
Options  :    -yv2 -q10 -ygs -o2 -v3 -.fftcfgtype=LE -ya -.fftprj=C:\Users\marco\OneDrive\Documenti\PSoC Creator\Prove_PSOC\LED_GUI_LOOP.cydsn\LED_GUI_LOOP.cyprj -dcpsoc3 LED_GUI_LOOP.v -verilog
======================================================================

======================================================================
Compiling:  LED_GUI_LOOP.v
Program  :   vlogfe
Options  :    -yv2 -q10 -ygs -o2 -v3 -.fftcfgtype=LE -ya -.fftprj=C:\Users\marco\OneDrive\Documenti\PSoC Creator\Prove_PSOC\LED_GUI_LOOP.cydsn\LED_GUI_LOOP.cyprj -dcpsoc3 -verilog LED_GUI_LOOP.v
======================================================================

vlogfe V6.3 IR 41:  Verilog parser
Sun Nov 06 18:30:09 2022


======================================================================
Compiling:  LED_GUI_LOOP.v
Program  :   vpp
Options  :    -yv2 -q10 LED_GUI_LOOP.v
======================================================================

vpp V6.3 IR 41:  Verilog Pre-Processor
Sun Nov 06 18:30:09 2022

Flattening file 'C:\Program Files (x86)\Cypress\PSoC Creator\4.4\PSoC Creator\psoc\content\CyPrimitives\cyprimitives.cylib\cy_virtualmux_v1_0\cy_virtualmux_v1_0.v'
Flattening file 'C:\Program Files (x86)\Cypress\PSoC Creator\4.4\PSoC Creator\psoc\content\CyComponentLibrary\CyComponentLibrary.cylib\B_UART_v2_50\B_UART_v2_50.v'
Flattening file 'C:\Program Files (x86)\Cypress\PSoC Creator\4.4\PSoC Creator\warp\lib\common\cypress.v'
Flattening file 'C:\Program Files (x86)\Cypress\PSoC Creator\4.4\PSoC Creator\warp\lib\common\cy_psoc3_inc.v'
Flattening file 'C:\Program Files (x86)\Cypress\PSoC Creator\4.4\PSoC Creator\psoc\content\CyPrimitives\cyprimitives.cylib\cy_constant_v1_0\cy_constant_v1_0.v'

vpp:  No errors.

Library 'work' => directory 'lcpsoc3'
General_symbol_table
General_symbol_table
Linking 'C:\Program Files (x86)\Cypress\PSoC Creator\4.4\PSoC Creator\warp\lib\common\std.vhd'.
Linking 'C:\Program Files (x86)\Cypress\PSoC Creator\4.4\PSoC Creator\warp\lib\common\cypress.vhd'.
Linking 'C:\Program Files (x86)\Cypress\PSoC Creator\4.4\PSoC Creator\warp\lib\common\work\cypress.vif'.
Linking 'C:\Program Files (x86)\Cypress\PSoC Creator\4.4\PSoC Creator\warp\lib\ieee\work\stdlogic.vif'.
Linking 'C:\Program Files (x86)\Cypress\PSoC Creator\4.4\PSoC Creator\warp\lib\common\stdlogic\lpmpkg.vif'.
Linking 'C:\Program Files (x86)\Cypress\PSoC Creator\4.4\PSoC Creator\warp\lib\common\stdlogic\rtlpkg.vif'.
Linking 'C:\Program Files (x86)\Cypress\PSoC Creator\4.4\PSoC Creator\warp\lib\common\stdlogic\mod_cnst.vif'.
Linking 'C:\Program Files (x86)\Cypress\PSoC Creator\4.4\PSoC Creator\warp\lib\common\stdlogic\mod_mthv.vif'.
Linking 'C:\Program Files (x86)\Cypress\PSoC Creator\4.4\PSoC Creator\warp\lib\common\stdlogic\mod_genv.vif'.
Using control file 'LED_GUI_LOOP.ctl'.
C:\Program Files (x86)\Cypress\PSoC Creator\4.4\PSoC Creator\psoc\content\CyComponentLibrary\CyComponentLibrary.cylib\B_UART_v2_50\B_UART_v2_50.v (line 1113, col 55):  Note: Substituting module 'add_vv_vv' for '+'.
C:\Program Files (x86)\Cypress\PSoC Creator\4.4\PSoC Creator\psoc\content\CyComponentLibrary\CyComponentLibrary.cylib\B_UART_v2_50\B_UART_v2_50.v (line 1122, col 48):  Note: Substituting module 'cmp_vv_vv' for '<'.
C:\Program Files (x86)\Cypress\PSoC Creator\4.4\PSoC Creator\psoc\content\CyComponentLibrary\CyComponentLibrary.cylib\B_UART_v2_50\B_UART_v2_50.v (line 1122, col 77):  Note: Substituting module 'cmp_vv_vv' for '<'.
C:\Program Files (x86)\Cypress\PSoC Creator\4.4\PSoC Creator\psoc\content\CyComponentLibrary\CyComponentLibrary.cylib\B_UART_v2_50\B_UART_v2_50.v (line 1389, col 59):  Note: Substituting module 'cmp_vv_vv' for '<'.
C:\Program Files (x86)\Cypress\PSoC Creator\4.4\PSoC Creator\psoc\content\CyComponentLibrary\CyComponentLibrary.cylib\B_UART_v2_50\B_UART_v2_50.v (line 1424, col 61):  Note: Substituting module 'cmp_vv_vv' for '/='.
C:\Program Files (x86)\Cypress\PSoC Creator\4.4\PSoC Creator\psoc\content\CyComponentLibrary\CyComponentLibrary.cylib\B_UART_v2_50\B_UART_v2_50.v (line 1547, col 106):  Note: Substituting module 'cmp_vv_vv' for '<'.
C:\Program Files (x86)\Cypress\PSoC Creator\4.4\PSoC Creator\psoc\content\CyComponentLibrary\CyComponentLibrary.cylib\B_UART_v2_50\B_UART_v2_50.v (line 1603, col 68):  Note: Substituting module 'cmp_vv_vv' for '<'.
C:\Program Files (x86)\Cypress\PSoC Creator\4.4\PSoC Creator\psoc\content\CyComponentLibrary\CyComponentLibrary.cylib\B_UART_v2_50\B_UART_v2_50.v (line 1604, col 68):  Note: Substituting module 'cmp_vv_vv' for '<'.
Linking 'C:\Program Files (x86)\Cypress\PSoC Creator\4.4\PSoC Creator\warp\lib\common\stdlogic\cy_psoc3pkg.vif'.
Linking 'C:\Program Files (x86)\Cypress\PSoC Creator\4.4\PSoC Creator\warp\lib\common\stdlogic\cy_psoc3.vif'.

vlogfe:  No errors.


======================================================================
Compiling:  LED_GUI_LOOP.v
Program  :   tovif
Options  :    -yv2 -q10 -ygs -o2 -v3 -.fftcfgtype=LE -ya -.fftprj=C:\Users\marco\OneDrive\Documenti\PSoC Creator\Prove_PSOC\LED_GUI_LOOP.cydsn\LED_GUI_LOOP.cyprj -dcpsoc3 -verilog LED_GUI_LOOP.v
======================================================================

tovif V6.3 IR 41:  High-level synthesis
Sun Nov 06 18:30:09 2022

Linking 'C:\Program Files (x86)\Cypress\PSoC Creator\4.4\PSoC Creator\warp\lib\common\std.vhd'.
Linking 'C:\Program Files (x86)\Cypress\PSoC Creator\4.4\PSoC Creator\warp\lib\common\cypress.vhd'.
Linking 'C:\Program Files (x86)\Cypress\PSoC Creator\4.4\PSoC Creator\warp\lib\common\work\cypress.vif'.
Linking 'C:\Program Files (x86)\Cypress\PSoC Creator\4.4\PSoC Creator\warp\lib\ieee\work\stdlogic.vif'.
Linking 'C:\Program Files (x86)\Cypress\PSoC Creator\4.4\PSoC Creator\warp\lib\common\stdlogic\lpmpkg.vif'.
Linking 'C:\Program Files (x86)\Cypress\PSoC Creator\4.4\PSoC Creator\warp\lib\common\stdlogic\rtlpkg.vif'.
Linking 'C:\Program Files (x86)\Cypress\PSoC Creator\4.4\PSoC Creator\warp\lib\common\stdlogic\mod_cnst.vif'.
Linking 'C:\Program Files (x86)\Cypress\PSoC Creator\4.4\PSoC Creator\warp\lib\common\stdlogic\mod_mthv.vif'.
Linking 'C:\Program Files (x86)\Cypress\PSoC Creator\4.4\PSoC Creator\warp\lib\common\stdlogic\mod_genv.vif'.
Linking 'C:\Users\marco\OneDrive\Documenti\PSoC Creator\Prove_PSOC\LED_GUI_LOOP.cydsn\codegentemp\LED_GUI_LOOP.ctl'.
Linking 'C:\Program Files (x86)\Cypress\PSoC Creator\4.4\PSoC Creator\psoc\content\CyPrimitives\cyprimitives.cylib\cy_virtualmux_v1_0\cy_virtualmux_v1_0.v'.
Linking 'C:\Users\marco\OneDrive\Documenti\PSoC Creator\Prove_PSOC\LED_GUI_LOOP.cydsn\codegentemp\LED_GUI_LOOP.v'.
Linking 'C:\Program Files (x86)\Cypress\PSoC Creator\4.4\PSoC Creator\psoc\content\CyComponentLibrary\CyComponentLibrary.cylib\B_UART_v2_50\B_UART_v2_50.v'.
Linking 'C:\Program Files (x86)\Cypress\PSoC Creator\4.4\PSoC Creator\warp\lib\common\cypress.v'.
Linking 'C:\Program Files (x86)\Cypress\PSoC Creator\4.4\PSoC Creator\warp\lib\common\cy_psoc3_inc.v'.
Linking 'C:\Program Files (x86)\Cypress\PSoC Creator\4.4\PSoC Creator\psoc\content\CyPrimitives\cyprimitives.cylib\cy_constant_v1_0\cy_constant_v1_0.v'.
Linking 'C:\Program Files (x86)\Cypress\PSoC Creator\4.4\PSoC Creator\warp\lib\common\stdlogic\cy_psoc3pkg.vif'.
Linking 'C:\Program Files (x86)\Cypress\PSoC Creator\4.4\PSoC Creator\warp\lib\common\stdlogic\cy_psoc3.vif'.
Linking 'C:\Program Files (x86)\Cypress\PSoC Creator\4.4\PSoC Creator\warp\lib\lcpsoc3\stdlogic\mod_cnst.vif'.
Linking 'C:\Program Files (x86)\Cypress\PSoC Creator\4.4\PSoC Creator\warp\lib\common\stdlogic\mcompare.vif'.

tovif:  No errors.


======================================================================
Compiling:  LED_GUI_LOOP.v
Program  :   topld
Options  :    -yv2 -q10 -ygs -o2 -v3 -.fftcfgtype=LE -ya -.fftprj=C:\Users\marco\OneDrive\Documenti\PSoC Creator\Prove_PSOC\LED_GUI_LOOP.cydsn\LED_GUI_LOOP.cyprj -dcpsoc3 -verilog LED_GUI_LOOP.v
======================================================================

topld V6.3 IR 41:  Synthesis and optimization
Sun Nov 06 18:30:10 2022

Linking 'C:\Program Files (x86)\Cypress\PSoC Creator\4.4\PSoC Creator\warp\lib\common\std.vhd'.
Linking 'C:\Program Files (x86)\Cypress\PSoC Creator\4.4\PSoC Creator\warp\lib\common\cypress.vhd'.
Linking 'C:\Program Files (x86)\Cypress\PSoC Creator\4.4\PSoC Creator\warp\lib\common\work\cypress.vif'.
Linking 'C:\Program Files (x86)\Cypress\PSoC Creator\4.4\PSoC Creator\warp\lib\ieee\work\stdlogic.vif'.
Linking 'C:\Program Files (x86)\Cypress\PSoC Creator\4.4\PSoC Creator\warp\lib\common\stdlogic\lpmpkg.vif'.
Linking 'C:\Program Files (x86)\Cypress\PSoC Creator\4.4\PSoC Creator\warp\lib\common\stdlogic\rtlpkg.vif'.
Linking 'C:\Program Files (x86)\Cypress\PSoC Creator\4.4\PSoC Creator\warp\lib\common\stdlogic\mod_cnst.vif'.
Linking 'C:\Program Files (x86)\Cypress\PSoC Creator\4.4\PSoC Creator\warp\lib\common\stdlogic\mod_mthv.vif'.
Linking 'C:\Program Files (x86)\Cypress\PSoC Creator\4.4\PSoC Creator\warp\lib\common\stdlogic\mod_genv.vif'.
Linking 'C:\Users\marco\OneDrive\Documenti\PSoC Creator\Prove_PSOC\LED_GUI_LOOP.cydsn\codegentemp\LED_GUI_LOOP.ctl'.
Linking 'C:\Program Files (x86)\Cypress\PSoC Creator\4.4\PSoC Creator\psoc\content\CyPrimitives\cyprimitives.cylib\cy_virtualmux_v1_0\cy_virtualmux_v1_0.v'.
Linking 'C:\Users\marco\OneDrive\Documenti\PSoC Creator\Prove_PSOC\LED_GUI_LOOP.cydsn\codegentemp\LED_GUI_LOOP.v'.
Linking 'C:\Program Files (x86)\Cypress\PSoC Creator\4.4\PSoC Creator\psoc\content\CyComponentLibrary\CyComponentLibrary.cylib\B_UART_v2_50\B_UART_v2_50.v'.
Linking 'C:\Program Files (x86)\Cypress\PSoC Creator\4.4\PSoC Creator\warp\lib\common\cypress.v'.
Linking 'C:\Program Files (x86)\Cypress\PSoC Creator\4.4\PSoC Creator\warp\lib\common\cy_psoc3_inc.v'.
Linking 'C:\Program Files (x86)\Cypress\PSoC Creator\4.4\PSoC Creator\psoc\content\CyPrimitives\cyprimitives.cylib\cy_constant_v1_0\cy_constant_v1_0.v'.
Linking 'C:\Program Files (x86)\Cypress\PSoC Creator\4.4\PSoC Creator\warp\lib\common\stdlogic\cy_psoc3pkg.vif'.
Linking 'C:\Program Files (x86)\Cypress\PSoC Creator\4.4\PSoC Creator\warp\lib\common\stdlogic\cy_psoc3.vif'.
Linking 'C:\Program Files (x86)\Cypress\PSoC Creator\4.4\PSoC Creator\warp\lib\lcpsoc3\stdlogic\mod_cnst.vif'.
Linking 'C:\Program Files (x86)\Cypress\PSoC Creator\4.4\PSoC Creator\warp\lib\common\stdlogic\mcompare.vif'.
Linking 'C:\Program Files (x86)\Cypress\PSoC Creator\4.4\PSoC Creator\warp\lib\lcpsoc3\stdlogic\cpsoc3.vif'.

----------------------------------------------------------
Detecting unused logic.
----------------------------------------------------------
    User names
	\UART:BUART:tx_hd_send_break\
	\UART:BUART:tx_ctrl_mark\
	\UART:BUART:reset_sr\
	Net_15
	Net_14
	Net_9
	\UART:BUART:sRX:s23Poll:MODULE_1:g2:a0:b_1\
	\UART:BUART:sRX:s23Poll:MODULE_1:g2:a0:b_0\
	\UART:BUART:sRX:s23Poll:MODULE_2:g2:a0:gta_0\
	\UART:BUART:sRX:s23Poll:MODULE_3:g2:a0:gta_0\
	Net_5
	\UART:BUART:sRX:MODULE_4:g2:a0:gta_0\
	\UART:BUART:sRX:MODULE_5:g1:a0:gx:u0:albi_1\
	\UART:BUART:sRX:MODULE_5:g1:a0:gx:u0:agbi_1\
	\UART:BUART:sRX:MODULE_5:g1:a0:gx:u0:lt_0\
	\UART:BUART:sRX:MODULE_5:g1:a0:gx:u0:gt_0\
	\UART:BUART:sRX:MODULE_5:g1:a0:gx:u0:lti_0\
	\UART:BUART:sRX:MODULE_5:g1:a0:gx:u0:gti_0\
	\UART:BUART:sRX:MODULE_5:g1:a0:gx:u0:albi_0\
	\UART:BUART:sRX:MODULE_5:g1:a0:gx:u0:agbi_0\
	\UART:BUART:sRX:MODULE_5:g1:a0:xeq\
	\UART:BUART:sRX:MODULE_5:g1:a0:xlt\
	\UART:BUART:sRX:MODULE_5:g1:a0:xlte\
	\UART:BUART:sRX:MODULE_5:g1:a0:xgt\
	\UART:BUART:sRX:MODULE_5:g1:a0:xgte\
	\UART:BUART:sRX:MODULE_5:lt\
	\UART:BUART:sRX:MODULE_5:eq\
	\UART:BUART:sRX:MODULE_5:gt\
	\UART:BUART:sRX:MODULE_5:gte\
	\UART:BUART:sRX:MODULE_5:lte\


Deleted 30 User equations/components.
Deleted 0 Synthesized equations/components.

------------------------------------------------------
Alias Detection
------------------------------------------------------
Aliasing one to tmpOE__PIN_INT_LED_net_0
Aliasing Net_4 to zero
Aliasing \UART:BUART:HalfDuplexSend\ to zero
Aliasing \UART:BUART:FinalParityType_1\ to zero
Aliasing \UART:BUART:FinalParityType_0\ to zero
Aliasing \UART:BUART:FinalAddrMode_2\ to zero
Aliasing \UART:BUART:FinalAddrMode_1\ to zero
Aliasing \UART:BUART:FinalAddrMode_0\ to zero
Aliasing \UART:BUART:rx_count7_bit8_wire\ to zero
Aliasing \UART:BUART:sRX:s23Poll:MODULE_1:g2:a0:g1:z1:s0:g1:u0:b_0\ to tmpOE__PIN_INT_LED_net_0
Aliasing \UART:BUART:sRX:s23Poll:MODIN2_1\ to \UART:BUART:sRX:s23Poll:MODIN1_1\
Aliasing \UART:BUART:sRX:s23Poll:MODIN2_0\ to \UART:BUART:sRX:s23Poll:MODIN1_0\
Aliasing \UART:BUART:sRX:s23Poll:MODULE_2:g2:a0:newb_1\ to zero
Aliasing \UART:BUART:sRX:s23Poll:MODULE_2:g2:a0:newb_0\ to tmpOE__PIN_INT_LED_net_0
Aliasing \UART:BUART:sRX:s23Poll:MODIN3_1\ to \UART:BUART:sRX:s23Poll:MODIN1_1\
Aliasing \UART:BUART:sRX:s23Poll:MODIN3_0\ to \UART:BUART:sRX:s23Poll:MODIN1_0\
Aliasing \UART:BUART:sRX:s23Poll:MODULE_3:g2:a0:newb_1\ to tmpOE__PIN_INT_LED_net_0
Aliasing \UART:BUART:sRX:s23Poll:MODULE_3:g2:a0:newb_0\ to zero
Aliasing \UART:BUART:rx_status_1\ to zero
Aliasing \UART:BUART:sRX:MODULE_4:g2:a0:newa_6\ to zero
Aliasing \UART:BUART:sRX:MODULE_4:g2:a0:newa_5\ to zero
Aliasing \UART:BUART:sRX:MODULE_4:g2:a0:newa_4\ to zero
Aliasing \UART:BUART:sRX:MODULE_4:g2:a0:newb_6\ to zero
Aliasing \UART:BUART:sRX:MODULE_4:g2:a0:newb_5\ to zero
Aliasing \UART:BUART:sRX:MODULE_4:g2:a0:newb_4\ to zero
Aliasing \UART:BUART:sRX:MODULE_4:g2:a0:newb_3\ to zero
Aliasing \UART:BUART:sRX:MODULE_4:g2:a0:newb_2\ to tmpOE__PIN_INT_LED_net_0
Aliasing \UART:BUART:sRX:MODULE_4:g2:a0:newb_1\ to tmpOE__PIN_INT_LED_net_0
Aliasing \UART:BUART:sRX:MODULE_4:g2:a0:newb_0\ to zero
Aliasing \UART:BUART:sRX:MODULE_5:g1:a0:gx:u0:aeqb_0\ to tmpOE__PIN_INT_LED_net_0
Aliasing tmpOE__RX_net_0 to tmpOE__PIN_INT_LED_net_0
Aliasing \UART:BUART:rx_break_status\\D\ to zero
Removing Lhs of wire one[6] = tmpOE__PIN_INT_LED_net_0[1]
Removing Lhs of wire \UART:Net_61\[10] = \UART:Net_9\[9]
Removing Lhs of wire Net_4[14] = zero[2]
Removing Lhs of wire \UART:BUART:HalfDuplexSend\[16] = zero[2]
Removing Lhs of wire \UART:BUART:FinalParityType_1\[17] = zero[2]
Removing Lhs of wire \UART:BUART:FinalParityType_0\[18] = zero[2]
Removing Lhs of wire \UART:BUART:FinalAddrMode_2\[19] = zero[2]
Removing Lhs of wire \UART:BUART:FinalAddrMode_1\[20] = zero[2]
Removing Lhs of wire \UART:BUART:FinalAddrMode_0\[21] = zero[2]
Removing Lhs of wire \UART:BUART:rx_count7_bit8_wire\[83] = zero[2]
Removing Lhs of wire \UART:BUART:sRX:s23Poll:add_vv_vv_MODGEN_1_1\[91] = \UART:BUART:sRX:s23Poll:MODULE_1:g2:a0:s_1\[102]
Removing Lhs of wire \UART:BUART:sRX:s23Poll:add_vv_vv_MODGEN_1_0\[93] = \UART:BUART:sRX:s23Poll:MODULE_1:g2:a0:s_0\[103]
Removing Lhs of wire \UART:BUART:sRX:s23Poll:cmp_vv_vv_MODGEN_2\[94] = \UART:BUART:sRX:s23Poll:MODULE_2:g2:a0:lta_0\[119]
Removing Lhs of wire \UART:BUART:sRX:s23Poll:cmp_vv_vv_MODGEN_3\[95] = \UART:BUART:sRX:s23Poll:MODULE_3:g2:a0:lta_0\[133]
Removing Lhs of wire \UART:BUART:sRX:s23Poll:MODULE_1:g2:a0:a_1\[96] = \UART:BUART:sRX:s23Poll:MODIN1_1\[97]
Removing Lhs of wire \UART:BUART:sRX:s23Poll:MODIN1_1\[97] = \UART:BUART:pollcount_1\[89]
Removing Lhs of wire \UART:BUART:sRX:s23Poll:MODULE_1:g2:a0:a_0\[98] = \UART:BUART:sRX:s23Poll:MODIN1_0\[99]
Removing Lhs of wire \UART:BUART:sRX:s23Poll:MODIN1_0\[99] = \UART:BUART:pollcount_0\[92]
Removing Lhs of wire \UART:BUART:sRX:s23Poll:MODULE_1:g2:a0:g1:z1:s0:g1:u0:c_0\[105] = tmpOE__PIN_INT_LED_net_0[1]
Removing Lhs of wire \UART:BUART:sRX:s23Poll:MODULE_1:g2:a0:g1:z1:s0:g1:u0:b_0\[106] = tmpOE__PIN_INT_LED_net_0[1]
Removing Lhs of wire \UART:BUART:sRX:s23Poll:MODULE_2:g2:a0:newa_1\[107] = \UART:BUART:pollcount_1\[89]
Removing Lhs of wire \UART:BUART:sRX:s23Poll:MODIN2_1\[108] = \UART:BUART:pollcount_1\[89]
Removing Lhs of wire \UART:BUART:sRX:s23Poll:MODULE_2:g2:a0:newa_0\[109] = \UART:BUART:pollcount_0\[92]
Removing Lhs of wire \UART:BUART:sRX:s23Poll:MODIN2_0\[110] = \UART:BUART:pollcount_0\[92]
Removing Lhs of wire \UART:BUART:sRX:s23Poll:MODULE_2:g2:a0:newb_1\[111] = zero[2]
Removing Lhs of wire \UART:BUART:sRX:s23Poll:MODULE_2:g2:a0:newb_0\[112] = tmpOE__PIN_INT_LED_net_0[1]
Removing Lhs of wire \UART:BUART:sRX:s23Poll:MODULE_2:g2:a0:dataa_1\[113] = \UART:BUART:pollcount_1\[89]
Removing Lhs of wire \UART:BUART:sRX:s23Poll:MODULE_2:g2:a0:dataa_0\[114] = \UART:BUART:pollcount_0\[92]
Removing Lhs of wire \UART:BUART:sRX:s23Poll:MODULE_2:g2:a0:datab_1\[115] = zero[2]
Removing Lhs of wire \UART:BUART:sRX:s23Poll:MODULE_2:g2:a0:datab_0\[116] = tmpOE__PIN_INT_LED_net_0[1]
Removing Lhs of wire \UART:BUART:sRX:s23Poll:MODULE_3:g2:a0:newa_1\[121] = \UART:BUART:pollcount_1\[89]
Removing Lhs of wire \UART:BUART:sRX:s23Poll:MODIN3_1\[122] = \UART:BUART:pollcount_1\[89]
Removing Lhs of wire \UART:BUART:sRX:s23Poll:MODULE_3:g2:a0:newa_0\[123] = \UART:BUART:pollcount_0\[92]
Removing Lhs of wire \UART:BUART:sRX:s23Poll:MODIN3_0\[124] = \UART:BUART:pollcount_0\[92]
Removing Lhs of wire \UART:BUART:sRX:s23Poll:MODULE_3:g2:a0:newb_1\[125] = tmpOE__PIN_INT_LED_net_0[1]
Removing Lhs of wire \UART:BUART:sRX:s23Poll:MODULE_3:g2:a0:newb_0\[126] = zero[2]
Removing Lhs of wire \UART:BUART:sRX:s23Poll:MODULE_3:g2:a0:dataa_1\[127] = \UART:BUART:pollcount_1\[89]
Removing Lhs of wire \UART:BUART:sRX:s23Poll:MODULE_3:g2:a0:dataa_0\[128] = \UART:BUART:pollcount_0\[92]
Removing Lhs of wire \UART:BUART:sRX:s23Poll:MODULE_3:g2:a0:datab_1\[129] = tmpOE__PIN_INT_LED_net_0[1]
Removing Lhs of wire \UART:BUART:sRX:s23Poll:MODULE_3:g2:a0:datab_0\[130] = zero[2]
Removing Lhs of wire \UART:BUART:rx_status_1\[137] = zero[2]
Removing Rhs of wire \UART:BUART:rx_status_2\[138] = \UART:BUART:rx_parity_error_status\[139]
Removing Rhs of wire \UART:BUART:rx_status_3\[140] = \UART:BUART:rx_stop_bit_error\[141]
Removing Lhs of wire \UART:BUART:sRX:cmp_vv_vv_MODGEN_4\[151] = \UART:BUART:sRX:MODULE_4:g2:a0:lta_0\[200]
Removing Lhs of wire \UART:BUART:sRX:cmp_vv_vv_MODGEN_5\[155] = \UART:BUART:sRX:MODULE_5:g1:a0:xneq\[222]
Removing Lhs of wire \UART:BUART:sRX:MODULE_4:g2:a0:newa_6\[156] = zero[2]
Removing Lhs of wire \UART:BUART:sRX:MODULE_4:g2:a0:newa_5\[157] = zero[2]
Removing Lhs of wire \UART:BUART:sRX:MODULE_4:g2:a0:newa_4\[158] = zero[2]
Removing Lhs of wire \UART:BUART:sRX:MODULE_4:g2:a0:newa_3\[159] = \UART:BUART:sRX:MODIN4_6\[160]
Removing Lhs of wire \UART:BUART:sRX:MODIN4_6\[160] = \UART:BUART:rx_count_6\[78]
Removing Lhs of wire \UART:BUART:sRX:MODULE_4:g2:a0:newa_2\[161] = \UART:BUART:sRX:MODIN4_5\[162]
Removing Lhs of wire \UART:BUART:sRX:MODIN4_5\[162] = \UART:BUART:rx_count_5\[79]
Removing Lhs of wire \UART:BUART:sRX:MODULE_4:g2:a0:newa_1\[163] = \UART:BUART:sRX:MODIN4_4\[164]
Removing Lhs of wire \UART:BUART:sRX:MODIN4_4\[164] = \UART:BUART:rx_count_4\[80]
Removing Lhs of wire \UART:BUART:sRX:MODULE_4:g2:a0:newa_0\[165] = \UART:BUART:sRX:MODIN4_3\[166]
Removing Lhs of wire \UART:BUART:sRX:MODIN4_3\[166] = \UART:BUART:rx_count_3\[81]
Removing Lhs of wire \UART:BUART:sRX:MODULE_4:g2:a0:newb_6\[167] = zero[2]
Removing Lhs of wire \UART:BUART:sRX:MODULE_4:g2:a0:newb_5\[168] = zero[2]
Removing Lhs of wire \UART:BUART:sRX:MODULE_4:g2:a0:newb_4\[169] = zero[2]
Removing Lhs of wire \UART:BUART:sRX:MODULE_4:g2:a0:newb_3\[170] = zero[2]
Removing Lhs of wire \UART:BUART:sRX:MODULE_4:g2:a0:newb_2\[171] = tmpOE__PIN_INT_LED_net_0[1]
Removing Lhs of wire \UART:BUART:sRX:MODULE_4:g2:a0:newb_1\[172] = tmpOE__PIN_INT_LED_net_0[1]
Removing Lhs of wire \UART:BUART:sRX:MODULE_4:g2:a0:newb_0\[173] = zero[2]
Removing Lhs of wire \UART:BUART:sRX:MODULE_4:g2:a0:dataa_6\[174] = zero[2]
Removing Lhs of wire \UART:BUART:sRX:MODULE_4:g2:a0:dataa_5\[175] = zero[2]
Removing Lhs of wire \UART:BUART:sRX:MODULE_4:g2:a0:dataa_4\[176] = zero[2]
Removing Lhs of wire \UART:BUART:sRX:MODULE_4:g2:a0:dataa_3\[177] = \UART:BUART:rx_count_6\[78]
Removing Lhs of wire \UART:BUART:sRX:MODULE_4:g2:a0:dataa_2\[178] = \UART:BUART:rx_count_5\[79]
Removing Lhs of wire \UART:BUART:sRX:MODULE_4:g2:a0:dataa_1\[179] = \UART:BUART:rx_count_4\[80]
Removing Lhs of wire \UART:BUART:sRX:MODULE_4:g2:a0:dataa_0\[180] = \UART:BUART:rx_count_3\[81]
Removing Lhs of wire \UART:BUART:sRX:MODULE_4:g2:a0:datab_6\[181] = zero[2]
Removing Lhs of wire \UART:BUART:sRX:MODULE_4:g2:a0:datab_5\[182] = zero[2]
Removing Lhs of wire \UART:BUART:sRX:MODULE_4:g2:a0:datab_4\[183] = zero[2]
Removing Lhs of wire \UART:BUART:sRX:MODULE_4:g2:a0:datab_3\[184] = zero[2]
Removing Lhs of wire \UART:BUART:sRX:MODULE_4:g2:a0:datab_2\[185] = tmpOE__PIN_INT_LED_net_0[1]
Removing Lhs of wire \UART:BUART:sRX:MODULE_4:g2:a0:datab_1\[186] = tmpOE__PIN_INT_LED_net_0[1]
Removing Lhs of wire \UART:BUART:sRX:MODULE_4:g2:a0:datab_0\[187] = zero[2]
Removing Lhs of wire \UART:BUART:sRX:MODULE_5:g1:a0:newa_0\[202] = \UART:BUART:rx_postpoll\[37]
Removing Lhs of wire \UART:BUART:sRX:MODULE_5:g1:a0:newb_0\[203] = \UART:BUART:rx_parity_bit\[154]
Removing Lhs of wire \UART:BUART:sRX:MODULE_5:g1:a0:dataa_0\[204] = \UART:BUART:rx_postpoll\[37]
Removing Lhs of wire \UART:BUART:sRX:MODULE_5:g1:a0:datab_0\[205] = \UART:BUART:rx_parity_bit\[154]
Removing Lhs of wire \UART:BUART:sRX:MODULE_5:g1:a0:gx:u0:a_0\[206] = \UART:BUART:rx_postpoll\[37]
Removing Lhs of wire \UART:BUART:sRX:MODULE_5:g1:a0:gx:u0:b_0\[207] = \UART:BUART:rx_parity_bit\[154]
Removing Lhs of wire \UART:BUART:sRX:MODULE_5:g1:a0:gx:u0:aeqb_0\[209] = tmpOE__PIN_INT_LED_net_0[1]
Removing Lhs of wire \UART:BUART:sRX:MODULE_5:g1:a0:gx:u0:eq_0\[210] = \UART:BUART:sRX:MODULE_5:g1:a0:gx:u0:xnor_array_0\[208]
Removing Lhs of wire \UART:BUART:sRX:MODULE_5:g1:a0:gx:u0:eqi_0\[211] = \UART:BUART:sRX:MODULE_5:g1:a0:gx:u0:xnor_array_0\[208]
Removing Lhs of wire tmpOE__RX_net_0[233] = tmpOE__PIN_INT_LED_net_0[1]
Removing Lhs of wire \UART:BUART:reset_reg\\D\[237] = zero[2]
Removing Lhs of wire \UART:BUART:rx_bitclk\\D\[243] = \UART:BUART:rx_bitclk_pre\[72]
Removing Lhs of wire \UART:BUART:rx_parity_error_pre\\D\[252] = \UART:BUART:rx_parity_error_pre\[149]
Removing Lhs of wire \UART:BUART:rx_break_status\\D\[253] = zero[2]

------------------------------------------------------
Aliased 0 equations, 91 wires.
------------------------------------------------------

----------------------------------------------------------
Circuit simplification
----------------------------------------------------------

Substituting virtuals - pass 1:

Note:  Expanding virtual equation for 'tmpOE__PIN_INT_LED_net_0' (cost = 0):
tmpOE__PIN_INT_LED_net_0 <=  ('1') ;

Note:  Expanding virtual equation for 'zero' (cost = 0):
zero <=  ('0') ;

Note:  Expanding virtual equation for '\UART:BUART:rx_addressmatch\' (cost = 0):
\UART:BUART:rx_addressmatch\ <= (\UART:BUART:rx_addressmatch2\
	OR \UART:BUART:rx_addressmatch1\);

Note:  Expanding virtual equation for '\UART:BUART:rx_bitclk_pre\' (cost = 1):
\UART:BUART:rx_bitclk_pre\ <= ((not \UART:BUART:rx_count_2\ and not \UART:BUART:rx_count_1\ and not \UART:BUART:rx_count_0\));

Note:  Expanding virtual equation for '\UART:BUART:rx_bitclk_pre16x\' (cost = 0):
\UART:BUART:rx_bitclk_pre16x\ <= ((not \UART:BUART:rx_count_2\ and \UART:BUART:rx_count_1\ and \UART:BUART:rx_count_0\));

Note:  Expanding virtual equation for '\UART:BUART:rx_poll_bit1\' (cost = 1):
\UART:BUART:rx_poll_bit1\ <= ((not \UART:BUART:rx_count_2\ and not \UART:BUART:rx_count_1\ and \UART:BUART:rx_count_0\));

Note:  Expanding virtual equation for '\UART:BUART:rx_poll_bit2\' (cost = 1):
\UART:BUART:rx_poll_bit2\ <= ((not \UART:BUART:rx_count_2\ and not \UART:BUART:rx_count_1\ and not \UART:BUART:rx_count_0\));

Note:  Expanding virtual equation for '\UART:BUART:pollingrange\' (cost = 4):
\UART:BUART:pollingrange\ <= ((not \UART:BUART:rx_count_2\ and not \UART:BUART:rx_count_1\));

Note:  Expanding virtual equation for '\UART:BUART:sRX:s23Poll:MODULE_1:g2:a0:g1:z1:s0:g1:u0:c_1\' (cost = 0):
\UART:BUART:sRX:s23Poll:MODULE_1:g2:a0:g1:z1:s0:g1:u0:c_1\ <= (\UART:BUART:pollcount_0\);

Note:  Expanding virtual equation for '\UART:BUART:sRX:s23Poll:MODULE_1:g2:a0:s_0\' (cost = 0):
\UART:BUART:sRX:s23Poll:MODULE_1:g2:a0:s_0\ <= (not \UART:BUART:pollcount_0\);

Note:  Expanding virtual equation for '\UART:BUART:sRX:s23Poll:MODULE_2:g2:a0:lta_1\' (cost = 0):
\UART:BUART:sRX:s23Poll:MODULE_2:g2:a0:lta_1\ <=  ('0') ;

Note:  Expanding virtual equation for '\UART:BUART:sRX:s23Poll:MODULE_2:g2:a0:gta_1\' (cost = 0):
\UART:BUART:sRX:s23Poll:MODULE_2:g2:a0:gta_1\ <= (\UART:BUART:pollcount_1\);

Note:  Expanding virtual equation for '\UART:BUART:sRX:s23Poll:MODULE_3:g2:a0:lta_1\' (cost = 0):
\UART:BUART:sRX:s23Poll:MODULE_3:g2:a0:lta_1\ <= (not \UART:BUART:pollcount_1\);

Note:  Expanding virtual equation for '\UART:BUART:sRX:s23Poll:MODULE_3:g2:a0:gta_1\' (cost = 0):
\UART:BUART:sRX:s23Poll:MODULE_3:g2:a0:gta_1\ <=  ('0') ;

Note:  Expanding virtual equation for '\UART:BUART:sRX:MODULE_4:g2:a0:lta_6\' (cost = 0):
\UART:BUART:sRX:MODULE_4:g2:a0:lta_6\ <=  ('0') ;

Note:  Expanding virtual equation for '\UART:BUART:sRX:MODULE_4:g2:a0:gta_6\' (cost = 0):
\UART:BUART:sRX:MODULE_4:g2:a0:gta_6\ <=  ('0') ;

Note:  Expanding virtual equation for '\UART:BUART:sRX:MODULE_4:g2:a0:lta_5\' (cost = 0):
\UART:BUART:sRX:MODULE_4:g2:a0:lta_5\ <=  ('0') ;

Note:  Expanding virtual equation for '\UART:BUART:sRX:MODULE_4:g2:a0:gta_5\' (cost = 0):
\UART:BUART:sRX:MODULE_4:g2:a0:gta_5\ <=  ('0') ;

Note:  Expanding virtual equation for '\UART:BUART:sRX:MODULE_4:g2:a0:lta_4\' (cost = 0):
\UART:BUART:sRX:MODULE_4:g2:a0:lta_4\ <=  ('0') ;

Note:  Expanding virtual equation for '\UART:BUART:sRX:MODULE_4:g2:a0:gta_4\' (cost = 0):
\UART:BUART:sRX:MODULE_4:g2:a0:gta_4\ <=  ('0') ;

Note:  Expanding virtual equation for '\UART:BUART:sRX:MODULE_4:g2:a0:lta_3\' (cost = 0):
\UART:BUART:sRX:MODULE_4:g2:a0:lta_3\ <=  ('0') ;

Note:  Expanding virtual equation for '\UART:BUART:sRX:MODULE_4:g2:a0:gta_3\' (cost = 0):
\UART:BUART:sRX:MODULE_4:g2:a0:gta_3\ <= (\UART:BUART:rx_count_6\);

Note:  Expanding virtual equation for '\UART:BUART:sRX:MODULE_4:g2:a0:lta_2\' (cost = 1):
\UART:BUART:sRX:MODULE_4:g2:a0:lta_2\ <= ((not \UART:BUART:rx_count_6\ and not \UART:BUART:rx_count_5\));

Note:  Expanding virtual equation for '\UART:BUART:sRX:MODULE_4:g2:a0:gta_2\' (cost = 0):
\UART:BUART:sRX:MODULE_4:g2:a0:gta_2\ <= (\UART:BUART:rx_count_6\);

Note:  Expanding virtual equation for '\UART:BUART:sRX:MODULE_4:g2:a0:lta_1\' (cost = 2):
\UART:BUART:sRX:MODULE_4:g2:a0:lta_1\ <= ((not \UART:BUART:rx_count_6\ and not \UART:BUART:rx_count_4\)
	OR (not \UART:BUART:rx_count_6\ and not \UART:BUART:rx_count_5\));

Note:  Expanding virtual equation for '\UART:BUART:sRX:MODULE_4:g2:a0:gta_1\' (cost = 0):
\UART:BUART:sRX:MODULE_4:g2:a0:gta_1\ <= (\UART:BUART:rx_count_6\);

Note:  Expanding virtual equation for '\UART:BUART:sRX:MODULE_4:g2:a0:lta_0\' (cost = 8):
\UART:BUART:sRX:MODULE_4:g2:a0:lta_0\ <= ((not \UART:BUART:rx_count_6\ and not \UART:BUART:rx_count_4\)
	OR (not \UART:BUART:rx_count_6\ and not \UART:BUART:rx_count_5\));


Substituting virtuals - pass 2:

Note:  Expanding virtual equation for '\UART:BUART:sRX:s23Poll:MODULE_2:g2:a0:lta_0\' (cost = 4):
\UART:BUART:sRX:s23Poll:MODULE_2:g2:a0:lta_0\ <= ((not \UART:BUART:pollcount_1\ and not \UART:BUART:pollcount_0\));

Note:  Expanding virtual equation for '\UART:BUART:sRX:s23Poll:MODULE_3:g2:a0:lta_0\' (cost = 0):
\UART:BUART:sRX:s23Poll:MODULE_3:g2:a0:lta_0\ <= (not \UART:BUART:pollcount_1\);

Note:  Expanding virtual equation for '\UART:BUART:sRX:s23Poll:MODULE_1:g2:a0:s_1\' (cost = 2):
\UART:BUART:sRX:s23Poll:MODULE_1:g2:a0:s_1\ <= ((not \UART:BUART:pollcount_0\ and \UART:BUART:pollcount_1\)
	OR (not \UART:BUART:pollcount_1\ and \UART:BUART:pollcount_0\));


Substituting virtuals - pass 3:

Note:  Expanding virtual equation for '\UART:BUART:rx_postpoll\' (cost = 72):
\UART:BUART:rx_postpoll\ <= (\UART:BUART:pollcount_1\
	OR (Net_6 and \UART:BUART:pollcount_0\));

Note:  Expanding virtual equation for '\UART:BUART:sRX:MODULE_5:g1:a0:gx:u0:xnor_array_0\' (cost = 4):
\UART:BUART:sRX:MODULE_5:g1:a0:gx:u0:xnor_array_0\ <= ((not \UART:BUART:pollcount_1\ and not Net_6 and not \UART:BUART:rx_parity_bit\)
	OR (not \UART:BUART:pollcount_1\ and not \UART:BUART:pollcount_0\ and not \UART:BUART:rx_parity_bit\)
	OR (\UART:BUART:pollcount_1\ and \UART:BUART:rx_parity_bit\)
	OR (Net_6 and \UART:BUART:pollcount_0\ and \UART:BUART:rx_parity_bit\));

Note:  Expanding virtual equation for '\UART:BUART:sRX:MODULE_5:g1:a0:gx:u0:aeqb_1\' (cost = 4):
\UART:BUART:sRX:MODULE_5:g1:a0:gx:u0:aeqb_1\ <= ((not \UART:BUART:pollcount_1\ and not Net_6 and not \UART:BUART:rx_parity_bit\)
	OR (not \UART:BUART:pollcount_1\ and not \UART:BUART:pollcount_0\ and not \UART:BUART:rx_parity_bit\)
	OR (\UART:BUART:pollcount_1\ and \UART:BUART:rx_parity_bit\)
	OR (Net_6 and \UART:BUART:pollcount_0\ and \UART:BUART:rx_parity_bit\));


Substituting virtuals - pass 4:


----------------------------------------------------------
Circuit simplification results:

	Expanded 33 signals.
	Turned 0 signals into soft nodes.
	Maximum default expansion cost was set at 3.
----------------------------------------------------------

------------------------------------------------------
Alias Detection
------------------------------------------------------
Aliasing \UART:BUART:rx_status_0\ to zero
Aliasing \UART:BUART:rx_status_6\ to zero
Aliasing \UART:BUART:rx_markspace_status\\D\ to zero
Aliasing \UART:BUART:rx_parity_error_status\\D\ to zero
Aliasing \UART:BUART:rx_addr_match_status\\D\ to zero
Removing Rhs of wire \UART:BUART:rx_bitclk_enable\[36] = \UART:BUART:rx_bitclk\[84]
Removing Lhs of wire \UART:BUART:rx_status_0\[135] = zero[2]
Removing Lhs of wire \UART:BUART:rx_status_6\[144] = zero[2]
Removing Lhs of wire \UART:BUART:rx_markspace_status\\D\[247] = zero[2]
Removing Lhs of wire \UART:BUART:rx_parity_error_status\\D\[248] = zero[2]
Removing Lhs of wire \UART:BUART:rx_addr_match_status\\D\[250] = zero[2]
Removing Lhs of wire \UART:BUART:rx_markspace_pre\\D\[251] = \UART:BUART:rx_markspace_pre\[148]
Removing Lhs of wire \UART:BUART:rx_parity_bit\\D\[256] = \UART:BUART:rx_parity_bit\[154]

------------------------------------------------------
Aliased 0 equations, 8 wires.
------------------------------------------------------

----------------------------------------------------------
Circuit simplification
----------------------------------------------------------

Eliminating unused logic - pass 1:

Note:  Deleted unused equation:
\UART:BUART:sRX:MODULE_5:g1:a0:xneq\ <= ((not \UART:BUART:rx_parity_bit\ and Net_6 and \UART:BUART:pollcount_0\)
	OR (not \UART:BUART:pollcount_1\ and not \UART:BUART:pollcount_0\ and \UART:BUART:rx_parity_bit\)
	OR (not \UART:BUART:pollcount_1\ and not Net_6 and \UART:BUART:rx_parity_bit\)
	OR (not \UART:BUART:rx_parity_bit\ and \UART:BUART:pollcount_1\));


Eliminating unused logic - pass 2:


Substituting virtuals - pass 1:


----------------------------------------------------------
Circuit simplification results:

	Expanded 0 signals.
	Turned 0 signals into soft nodes.
	Maximum default expansion cost was set at 3.
----------------------------------------------------------

topld:  No errors.

CYPRESS_DIR    : C:\Program Files (x86)\Cypress\PSoC Creator\4.4\PSoC Creator\warp
Warp Program   : C:\Program Files (x86)\Cypress\PSoC Creator\4.4\PSoC Creator\warp\bin\warp.exe
Warp Arguments : -yv2 -q10 -ygs -o2 -v3 -.fftcfgtype=LE -ya "-.fftprj=C:\Users\marco\OneDrive\Documenti\PSoC Creator\Prove_PSOC\LED_GUI_LOOP.cydsn\LED_GUI_LOOP.cyprj" -dcpsoc3 LED_GUI_LOOP.v -verilog
</CYPRESSTAG>
Warp synthesis phase: Elapsed time ==> 1s.224ms
<CYPRESSTAG name="Fitter results...">
<CYPRESSTAG name="Fitter startup details...">
cyp3fit: V4.4.0.80, Family: PSoC3, Started at: Sunday, 06 November 2022 18:30:10
Options: -yv2 -q10 -ygs -o2 -v3 -.fftcfgtype=LE -ya -.fftprj=C:\Users\marco\OneDrive\Documenti\PSoC Creator\Prove_PSOC\LED_GUI_LOOP.cydsn\LED_GUI_LOOP.cyprj -d CY8C5888LTI-LP097 LED_GUI_LOOP.v -verilog
</CYPRESSTAG>
<CYPRESSTAG name="Design parsing">
Design parsing phase: Elapsed time ==> 0s.003ms
</CYPRESSTAG>
<CYPRESSTAG name="Tech Mapping">
<CYPRESSTAG name="Initial Mapping" icon="FILE_RPT_TECHM">
    Converted constant MacroCell: \UART:BUART:reset_reg\ from registered to combinatorial
    Converted constant MacroCell: \UART:BUART:rx_markspace_status\ from registered to combinatorial
    Converted constant MacroCell: \UART:BUART:rx_status_2\ from registered to combinatorial
    Converted constant MacroCell: \UART:BUART:rx_addr_match_status\ from registered to combinatorial
    Converted constant MacroCell: \UART:BUART:rx_break_status\ from registered to combinatorial
<CYPRESSTAG name="Global Clock Selection" icon="FILE_RPT_TECHM">
    Digital Clock 0: Automatic-assigning  clock 'UART_IntClock'. Fanout=1, Signal=\UART:Net_9\
</CYPRESSTAG>

Removing unused cells resulting from optimization
Done removing unused cells.
<CYPRESSTAG name="UDB Clock/Enable Remapping Results">
    UDB Clk/Enable \UART:BUART:ClkSync\: with output requested to be synchronous
        ClockIn: UART_IntClock was determined to be a global clock that is synchronous to BUS_CLK
        EnableIn: Constant 1 was determined to be synchronous to ClockIn
        ClockOut: UART_IntClock, EnableOut: Constant 1
</CYPRESSTAG>

Removing unused cells resulting from optimization
Done removing unused cells.
<CYPRESSTAG name="Duplicate Macrocell detection">
</CYPRESSTAG>
</CYPRESSTAG>
<CYPRESSTAG name="Duplicate Macrocell detection">

Removing duplicate macrocells
    Removing \UART:BUART:rx_parity_bit\, Duplicate of \UART:BUART:rx_state_1\ 
    MacroCell: Name=\UART:BUART:rx_parity_bit\, Mode=(T-Register)
        Total # of inputs        : 0
        Total # of product terms : 0
        List of special equations: 
            Clock  = (\UART:Net_9\) => Global
            Clock Enable: True
        Main Equation            : 0 pterms
        (
            0
        );
        Output = \UART:BUART:rx_parity_bit\ (fanout=0)

    Removing \UART:BUART:rx_address_detected\, Duplicate of \UART:BUART:rx_state_1\ 
    MacroCell: Name=\UART:BUART:rx_address_detected\, Mode=(T-Register)
        Total # of inputs        : 0
        Total # of product terms : 0
        List of special equations: 
            Clock  = (\UART:Net_9\) => Global
            Clock Enable: True
        Main Equation            : 0 pterms
        (
            0
        );
        Output = \UART:BUART:rx_address_detected\ (fanout=0)

    Removing \UART:BUART:rx_parity_error_pre\, Duplicate of \UART:BUART:rx_state_1\ 
    MacroCell: Name=\UART:BUART:rx_parity_error_pre\, Mode=(T-Register)
        Total # of inputs        : 0
        Total # of product terms : 0
        List of special equations: 
            Clock  = (\UART:Net_9\) => Global
            Clock Enable: True
        Main Equation            : 0 pterms
        (
            0
        );
        Output = \UART:BUART:rx_parity_error_pre\ (fanout=0)

    Removing \UART:BUART:rx_markspace_pre\, Duplicate of \UART:BUART:rx_state_1\ 
    MacroCell: Name=\UART:BUART:rx_markspace_pre\, Mode=(T-Register)
        Total # of inputs        : 0
        Total # of product terms : 0
        List of special equations: 
            Clock  = (\UART:Net_9\) => Global
            Clock Enable: True
        Main Equation            : 0 pterms
        (
            0
        );
        Output = \UART:BUART:rx_markspace_pre\ (fanout=0)

End removing duplicate macrocells: used 1 pass
</CYPRESSTAG>
<CYPRESSTAG name="Design Equations" icon="FILE_RPT_EQUATION">

------------------------------------------------------------
Design Equations
------------------------------------------------------------
    <CYPRESSTAG name="Pin listing">

    ------------------------------------------------------------
    Pin listing
    ------------------------------------------------------------

    Pin : Name = PIN_INT_LED(0)
        Attributes:
            In Group/Port: True
            In Sync Option: AUTO
            Out Sync Option: NOSYNC
            Interrupt generated: False
            Interrupt mode: NONE
            Drive mode: CMOS_OUT
            VTrip: EITHER
            Slew: FAST
            Input Sync needed: False
            Output Sync needed: False
            SC shield enabled: False
            POR State: ANY
            LCD Mode: COMMON
            Register Mode: RegComb
            CaSense Mode: NEITHER
            Treat as pin: True
            Is OE Registered: False
            Uses Analog: False
            Can contain Digital: True
            Is SIO: False
            SIO Output Buf: NONREGULATED
            SIO Input Buf: SINGLE_ENDED
            SIO HiFreq: LOW
            SIO Hyst: DISABLED
            SIO Vtrip: MULTIPLIER_0_5
            SIO Multiplier Index: 0
            SIO RefSel: VCC_IO
            Required Capabilities: DIGITAL
            Initial Value: 0
            IO Voltage: 0
        PORT MAP (
            pa_out => PIN_INT_LED(0)__PA ,
            pad => PIN_INT_LED(0)_PAD );
        Properties:
        {
        }

    Pin : Name = RX(0)
        Attributes:
            In Group/Port: True
            In Sync Option: SYNC
            Out Sync Option: AUTO
            Interrupt generated: False
            Interrupt mode: NONE
            Drive mode: HI_Z_DIGITAL
            VTrip: CMOS
            Slew: FAST
            Input Sync needed: True
            Output Sync needed: False
            SC shield enabled: False
            POR State: ANY
            LCD Mode: COMMON
            Register Mode: RegComb
            CaSense Mode: NEITHER
            Treat as pin: True
            Is OE Registered: False
            Uses Analog: False
            Can contain Digital: True
            Is SIO: False
            SIO Output Buf: NONREGULATED
            SIO Input Buf: SINGLE_ENDED
            SIO HiFreq: LOW
            SIO Hyst: DISABLED
            SIO Vtrip: MULTIPLIER_0_5
            SIO Multiplier Index: 0
            SIO RefSel: VCC_IO
            Required Capabilities: DIGITAL, ROUTABLE
            Initial Value: 0
            IO Voltage: 0
        PORT MAP (
            pa_out => RX(0)__PA ,
            fb => Net_6 ,
            pad => RX(0)_PAD );
        Properties:
        {
        }
    </CYPRESSTAG>
    <CYPRESSTAG name="Macrocell listing" icon="FILE_RPT_EQUATION">

    ------------------------------------------------------------
    Macrocell listing
    ------------------------------------------------------------

    MacroCell: Name=\UART:BUART:rx_counter_load\, Mode=(Combinatorial)
        Total # of inputs        : 4
        Total # of product terms : 1
            Clock Enable: True
        Main Equation            : 1 pterm
        (
              !\UART:BUART:rx_state_1\ * !\UART:BUART:rx_state_0\ * 
              !\UART:BUART:rx_state_3\ * !\UART:BUART:rx_state_2\
        );
        Output = \UART:BUART:rx_counter_load\ (fanout=1)

    MacroCell: Name=\UART:BUART:rx_postpoll\, Mode=(Combinatorial)
        Total # of inputs        : 3
        Total # of product terms : 2
            Clock Enable: True
        Main Equation            : 2 pterms
        (
              \UART:BUART:pollcount_1\
            + Net_6 * \UART:BUART:pollcount_0\
        );
        Output = \UART:BUART:rx_postpoll\ (fanout=1)

    MacroCell: Name=\UART:BUART:rx_status_4\, Mode=(Combinatorial)
        Total # of inputs        : 2
        Total # of product terms : 1
            Clock Enable: True
        Main Equation            : 1 pterm
        (
              \UART:BUART:rx_load_fifo\ * \UART:BUART:rx_fifofull\
        );
        Output = \UART:BUART:rx_status_4\ (fanout=1)

    MacroCell: Name=\UART:BUART:rx_status_5\, Mode=(Combinatorial)
        Total # of inputs        : 2
        Total # of product terms : 1
            Clock Enable: True
        Main Equation            : 1 pterm
        (
              \UART:BUART:rx_fifonotempty\ * \UART:BUART:rx_state_stop1_reg\
        );
        Output = \UART:BUART:rx_status_5\ (fanout=1)

    MacroCell: Name=\UART:BUART:rx_state_1\, Mode=(T-Register)
        Total # of inputs        : 0
        Total # of product terms : 0
        List of special equations: 
            Clock  = (\UART:Net_9\) => Global
            Clock Enable: True
        Main Equation            : 0 pterms
        (
            0
        );
        Output = \UART:BUART:rx_state_1\ (fanout=8)

    MacroCell: Name=\UART:BUART:rx_state_0\, Mode=(T-Register)
        Total # of inputs        : 11
        Total # of product terms : 4
        List of special equations: 
            Clock  = (\UART:Net_9\) => Global
            Clock Enable: True
        Main Equation            : 4 pterms
        (
              !\UART:BUART:rx_state_1\ * !\UART:BUART:rx_state_0\ * 
              \UART:BUART:rx_bitclk_enable\ * !\UART:BUART:rx_state_3\ * 
              \UART:BUART:rx_state_2\ * !\UART:BUART:pollcount_1\ * !Net_6
            + !\UART:BUART:rx_state_1\ * !\UART:BUART:rx_state_0\ * 
              \UART:BUART:rx_bitclk_enable\ * !\UART:BUART:rx_state_3\ * 
              \UART:BUART:rx_state_2\ * !\UART:BUART:pollcount_1\ * 
              !\UART:BUART:pollcount_0\
            + !\UART:BUART:rx_state_1\ * \UART:BUART:rx_state_0\ * 
              !\UART:BUART:rx_state_3\ * !\UART:BUART:rx_state_2\ * 
              !\UART:BUART:rx_count_6\ * !\UART:BUART:rx_count_5\
            + !\UART:BUART:rx_state_1\ * \UART:BUART:rx_state_0\ * 
              !\UART:BUART:rx_state_3\ * !\UART:BUART:rx_state_2\ * 
              !\UART:BUART:rx_count_6\ * !\UART:BUART:rx_count_4\
        );
        Output = \UART:BUART:rx_state_0\ (fanout=8)

    MacroCell: Name=\UART:BUART:rx_load_fifo\, Mode=(D-Register)
        Total # of inputs        : 8
        Total # of product terms : 3
        List of special equations: 
            Clock  = (\UART:Net_9\) => Global
            Clock Enable: True
        Main Equation            : 3 pterms
        (
              !\UART:BUART:rx_state_1\ * !\UART:BUART:rx_state_0\ * 
              \UART:BUART:rx_bitclk_enable\ * \UART:BUART:rx_state_3\ * 
              !\UART:BUART:rx_state_2\
            + !\UART:BUART:rx_state_1\ * \UART:BUART:rx_state_0\ * 
              !\UART:BUART:rx_state_3\ * !\UART:BUART:rx_state_2\ * 
              !\UART:BUART:rx_count_6\ * !\UART:BUART:rx_count_5\
            + !\UART:BUART:rx_state_1\ * \UART:BUART:rx_state_0\ * 
              !\UART:BUART:rx_state_3\ * !\UART:BUART:rx_state_2\ * 
              !\UART:BUART:rx_count_6\ * !\UART:BUART:rx_count_4\
        );
        Output = \UART:BUART:rx_load_fifo\ (fanout=2)

    MacroCell: Name=\UART:BUART:rx_state_3\, Mode=(T-Register)
        Total # of inputs        : 8
        Total # of product terms : 3
        List of special equations: 
            Clock  = (\UART:Net_9\) => Global
            Clock Enable: True
        Main Equation            : 3 pterms
        (
              !\UART:BUART:rx_state_1\ * !\UART:BUART:rx_state_0\ * 
              \UART:BUART:rx_bitclk_enable\ * \UART:BUART:rx_state_3\ * 
              \UART:BUART:rx_state_2\
            + !\UART:BUART:rx_state_1\ * \UART:BUART:rx_state_0\ * 
              !\UART:BUART:rx_state_3\ * !\UART:BUART:rx_state_2\ * 
              !\UART:BUART:rx_count_6\ * !\UART:BUART:rx_count_5\
            + !\UART:BUART:rx_state_1\ * \UART:BUART:rx_state_0\ * 
              !\UART:BUART:rx_state_3\ * !\UART:BUART:rx_state_2\ * 
              !\UART:BUART:rx_count_6\ * !\UART:BUART:rx_count_4\
        );
        Output = \UART:BUART:rx_state_3\ (fanout=7)

    MacroCell: Name=\UART:BUART:rx_state_2\, Mode=(T-Register)
        Total # of inputs        : 10
        Total # of product terms : 5
        List of special equations: 
            Clock  = (\UART:Net_9\) => Global
            Clock Enable: True
        Main Equation            : 5 pterms
        (
              !\UART:BUART:rx_state_1\ * !\UART:BUART:rx_state_0\ * 
              \UART:BUART:rx_bitclk_enable\ * \UART:BUART:rx_state_3\
            + !\UART:BUART:rx_state_1\ * !\UART:BUART:rx_state_0\ * 
              \UART:BUART:rx_bitclk_enable\ * \UART:BUART:rx_state_2\
            + !\UART:BUART:rx_state_1\ * !\UART:BUART:rx_state_0\ * 
              !\UART:BUART:rx_state_3\ * !\UART:BUART:rx_state_2\ * !Net_6 * 
              \UART:BUART:rx_last\
            + !\UART:BUART:rx_state_1\ * \UART:BUART:rx_state_0\ * 
              !\UART:BUART:rx_state_3\ * !\UART:BUART:rx_state_2\ * 
              !\UART:BUART:rx_count_6\ * !\UART:BUART:rx_count_5\
            + !\UART:BUART:rx_state_1\ * \UART:BUART:rx_state_0\ * 
              !\UART:BUART:rx_state_3\ * !\UART:BUART:rx_state_2\ * 
              !\UART:BUART:rx_count_6\ * !\UART:BUART:rx_count_4\
        );
        Output = \UART:BUART:rx_state_2\ (fanout=7)

    MacroCell: Name=\UART:BUART:rx_bitclk_enable\, Mode=(D-Register)
        Total # of inputs        : 3
        Total # of product terms : 1
        List of special equations: 
            Clock  = (\UART:Net_9\) => Global
            Clock Enable: True
        Main Equation            : 1 pterm
        (
              !\UART:BUART:rx_count_2\ * !\UART:BUART:rx_count_1\ * 
              !\UART:BUART:rx_count_0\
        );
        Output = \UART:BUART:rx_bitclk_enable\ (fanout=6)

    MacroCell: Name=\UART:BUART:rx_state_stop1_reg\, Mode=(D-Register)
        Total # of inputs        : 4
        Total # of product terms : 1
        List of special equations: 
            Clock  = (\UART:Net_9\) => Global
            Clock Enable: True
        Main Equation            : 1 pterm
        !(
              !\UART:BUART:rx_state_1\ * !\UART:BUART:rx_state_0\ * 
              \UART:BUART:rx_state_3\ * \UART:BUART:rx_state_2\
        );
        Output = \UART:BUART:rx_state_stop1_reg\ (fanout=1)

    MacroCell: Name=\UART:BUART:pollcount_1\, Mode=(D-Register)
        Total # of inputs        : 5
        Total # of product terms : 3
        List of special equations: 
            Clock  = (\UART:Net_9\) => Global
            Clock Enable: True
        Main Equation            : 3 pterms
        (
              !\UART:BUART:rx_count_2\ * !\UART:BUART:rx_count_1\ * 
              !\UART:BUART:pollcount_1\ * Net_6 * \UART:BUART:pollcount_0\
            + !\UART:BUART:rx_count_2\ * !\UART:BUART:rx_count_1\ * 
              \UART:BUART:pollcount_1\ * !Net_6
            + !\UART:BUART:rx_count_2\ * !\UART:BUART:rx_count_1\ * 
              \UART:BUART:pollcount_1\ * !\UART:BUART:pollcount_0\
        );
        Output = \UART:BUART:pollcount_1\ (fanout=4)

    MacroCell: Name=\UART:BUART:pollcount_0\, Mode=(D-Register)
        Total # of inputs        : 4
        Total # of product terms : 2
        List of special equations: 
            Clock  = (\UART:Net_9\) => Global
            Clock Enable: True
        Main Equation            : 2 pterms
        (
              !\UART:BUART:rx_count_2\ * !\UART:BUART:rx_count_1\ * !Net_6 * 
              \UART:BUART:pollcount_0\
            + !\UART:BUART:rx_count_2\ * !\UART:BUART:rx_count_1\ * Net_6 * 
              !\UART:BUART:pollcount_0\
        );
        Output = \UART:BUART:pollcount_0\ (fanout=5)

    MacroCell: Name=\UART:BUART:rx_status_3\, Mode=(D-Register)
        Total # of inputs        : 8
        Total # of product terms : 2
        List of special equations: 
            Clock  = (\UART:Net_9\) => Global
            Clock Enable: True
        Main Equation            : 2 pterms
        (
              !\UART:BUART:rx_state_1\ * !\UART:BUART:rx_state_0\ * 
              \UART:BUART:rx_bitclk_enable\ * \UART:BUART:rx_state_3\ * 
              \UART:BUART:rx_state_2\ * !\UART:BUART:pollcount_1\ * !Net_6
            + !\UART:BUART:rx_state_1\ * !\UART:BUART:rx_state_0\ * 
              \UART:BUART:rx_bitclk_enable\ * \UART:BUART:rx_state_3\ * 
              \UART:BUART:rx_state_2\ * !\UART:BUART:pollcount_1\ * 
              !\UART:BUART:pollcount_0\
        );
        Output = \UART:BUART:rx_status_3\ (fanout=1)

    MacroCell: Name=\UART:BUART:rx_last\, Mode=(D-Register)
        Total # of inputs        : 1
        Total # of product terms : 1
        List of special equations: 
            Clock  = (\UART:Net_9\) => Global
            Clock Enable: True
        Main Equation            : 1 pterm
        (
              Net_6
        );
        Output = \UART:BUART:rx_last\ (fanout=1)
    </CYPRESSTAG>
    <CYPRESSTAG name="Datapath listing">

    ------------------------------------------------------------
    Datapath listing
    ------------------------------------------------------------

    datapathcell: Name =\UART:BUART:sRX:RxShifter:u0\
        PORT MAP (
            clock => \UART:Net_9\ ,
            cs_addr_2 => \UART:BUART:rx_state_1\ ,
            cs_addr_1 => \UART:BUART:rx_state_0\ ,
            cs_addr_0 => \UART:BUART:rx_bitclk_enable\ ,
            route_si => \UART:BUART:rx_postpoll\ ,
            f0_load => \UART:BUART:rx_load_fifo\ ,
            f0_bus_stat_comb => \UART:BUART:rx_fifonotempty\ ,
            f0_blk_stat_comb => \UART:BUART:rx_fifofull\ );
        Properties:
        {
            a0_init = "00000000"
            a1_init = "00000000"
            ce0_sync = 1
            ce1_sync = 1
            cl0_sync = 1
            cl1_sync = 1
            cmsb_sync = 1
            co_msb_sync = 1
            cy_dpconfig = "0000000000000000000000000000000000000000000000000000001001000000000100000000000000010000001100000001000000000000000100100001000011111111000000001111111111111111101000000110001001000001111100000000000000001100"
            d0_init = "00000000"
            d1_init = "00000000"
            f0_blk_sync = 1
            f0_bus_sync = 1
            f1_blk_sync = 1
            f1_bus_sync = 1
            ff0_sync = 1
            ff1_sync = 1
            ov_msb_sync = 1
            so_sync = 1
            z0_sync = 1
            z1_sync = 1
        }
        Clock Polarity: Active High
        Clock Enable: True
    </CYPRESSTAG>
    <CYPRESSTAG name="Status register listing">
    </CYPRESSTAG>
    <CYPRESSTAG name="StatusI register listing">

    ------------------------------------------------------------
    StatusI register listing
    ------------------------------------------------------------

    statusicell: Name =\UART:BUART:sRX:RxSts\
        PORT MAP (
            clock => \UART:Net_9\ ,
            status_5 => \UART:BUART:rx_status_5\ ,
            status_4 => \UART:BUART:rx_status_4\ ,
            status_3 => \UART:BUART:rx_status_3\ );
        Properties:
        {
            cy_force_order = 1
            cy_int_mask = "1111111"
            cy_md_select = "1011111"
        }
        Clock Polarity: Active High
        Clock Enable: True
    </CYPRESSTAG>
    <CYPRESSTAG name="Sync listing">
    </CYPRESSTAG>
    <CYPRESSTAG name="Control register listing">
    </CYPRESSTAG>
    <CYPRESSTAG name="Count7 listing">

    ------------------------------------------------------------
    Count7 listing
    ------------------------------------------------------------

    count7cell: Name =\UART:BUART:sRX:RxBitCounter\
        PORT MAP (
            clock => \UART:Net_9\ ,
            load => \UART:BUART:rx_counter_load\ ,
            count_6 => \UART:BUART:rx_count_6\ ,
            count_5 => \UART:BUART:rx_count_5\ ,
            count_4 => \UART:BUART:rx_count_4\ ,
            count_3 => \UART:BUART:rx_count_3\ ,
            count_2 => \UART:BUART:rx_count_2\ ,
            count_1 => \UART:BUART:rx_count_1\ ,
            count_0 => \UART:BUART:rx_count_0\ ,
            tc => \UART:BUART:rx_count7_tc\ );
        Properties:
        {
            cy_alt_mode = 0
            cy_init_value = "0000000"
            cy_period = "1110010"
            cy_route_en = 1
            cy_route_ld = 1
        }
        Clock Polarity: Active High
        Clock Enable: True
    </CYPRESSTAG>
    <CYPRESSTAG name="DRQ listing">
    </CYPRESSTAG>
    <CYPRESSTAG name="Interrupt listing">
    </CYPRESSTAG>
</CYPRESSTAG>
<CYPRESSTAG name="Technology mapping summary" expanded>

------------------------------------------------------------
Technology mapping summary
------------------------------------------------------------

Resource Type                 : Used : Free :  Max :  % Used
============================================================
Digital Clocks                :    1 :    7 :    8 : 12.50 %
Analog Clocks                 :    0 :    4 :    4 :  0.00 %
CapSense Buffers              :    0 :    2 :    2 :  0.00 %
Digital Filter Block          :    0 :    1 :    1 :  0.00 %
Interrupts                    :    0 :   32 :   32 :  0.00 %
IO                            :    5 :   43 :   48 : 10.42 %
Segment LCD                   :    0 :    1 :    1 :  0.00 %
CAN 2.0b                      :    0 :    1 :    1 :  0.00 %
I2C                           :    0 :    1 :    1 :  0.00 %
USB                           :    0 :    1 :    1 :  0.00 %
DMA Channels                  :    0 :   24 :   24 :  0.00 %
Timer                         :    0 :    4 :    4 :  0.00 %
UDB                           :      :      :      :        
  Macrocells                  :   15 :  177 :  192 :  7.81 %
  Unique P-terms              :   24 :  360 :  384 :  6.25 %
  Total P-terms               :   30 :      :      :        
  Datapath Cells              :    1 :   23 :   24 :  4.17 %
  Status Cells                :    2 :   22 :   24 :  8.33 %
    StatusI Registers         :    1 :      :      :        
    Routed Count7 Load/Enable :    1 :      :      :        
  Control Cells               :    1 :   23 :   24 :  4.17 %
    Count7 Cells              :    1 :      :      :        
Opamp                         :    0 :    4 :    4 :  0.00 %
Comparator                    :    0 :    4 :    4 :  0.00 %
Delta-Sigma ADC               :    0 :    1 :    1 :  0.00 %
LPF                           :    0 :    2 :    2 :  0.00 %
SAR ADC                       :    0 :    2 :    2 :  0.00 %
Analog (SC/CT) Blocks         :    0 :    4 :    4 :  0.00 %
DAC                           :      :      :      :        
  VIDAC                       :    0 :    4 :    4 :  0.00 %
</CYPRESSTAG>
Technology Mapping: Elapsed time ==> 0s.159ms
Tech Mapping phase: Elapsed time ==> 0s.224ms
</CYPRESSTAG>
<CYPRESSTAG name="Analog Placement">
Initial Analog Placement Results:
IO_1@[IOP=(2)][IoId=(1)] : PIN_INT_LED(0) (fixed)
IO_6@[IOP=(12)][IoId=(6)] : RX(0) (fixed)
Analog Placement phase: Elapsed time ==> 0s.027ms
</CYPRESSTAG>
<CYPRESSTAG name="Analog Routing">
Analog Routing phase: Elapsed time ==> 0s.000ms
</CYPRESSTAG>
<CYPRESSTAG name="Analog Code Generation">
============ Analog Final Answer Routes ============
Dump of CyAnalogRoutingResultsDB
Map of net to items {
}
Map of item to net {
}
Mux Info {
}
Dump of CyP35AnalogRoutingResultsDB
IsVddaHalfUsedForComp = False
IsVddaHalfUsedForSar0 = False
IsVddaHalfUsedForSar1 = False
Analog Code Generation phase: Elapsed time ==> 0s.253ms
</CYPRESSTAG>
<CYPRESSTAG name="Digital Placement">
<CYPRESSTAG name="Detailed placement messages">
I2076: Total run-time: 0.7 sec.

</CYPRESSTAG>
<CYPRESSTAG name="PLD Packing">
<CYPRESSTAG name="PLD Packing Summary" expanded>

------------------------------------------------------------
PLD Packing Summary
------------------------------------------------------------
            Resource Type : Used : Free :  Max :  % Used
    ====================================================
                     PLDs :    7 :   41 :   48 :  14.58%

<CYPRESSTAG name="PLD Statistics">

        PLD Resource Type :     Average/LAB
    =======================================
                   Inputs :            8.14
                   Pterms :            4.29
               Macrocells :            2.14
</CYPRESSTAG>
<CYPRESSTAG name="Packed PLD Contents">
Packed PLD Contents not displayed at this verbose level.</CYPRESSTAG>
</CYPRESSTAG>
PLD Packing: Elapsed time ==> 0s.000ms
</CYPRESSTAG>
<CYPRESSTAG name="Partitioning">
<CYPRESSTAG name="Initial Partitioning Summary">
Initial Partitioning Summary not displayed at this verbose level.</CYPRESSTAG>
<CYPRESSTAG name="Final Partitioning Summary">
Final Partitioning Summary not displayed at this verbose level.</CYPRESSTAG>
Partitioning: Elapsed time ==> 0s.015ms
</CYPRESSTAG>
<CYPRESSTAG name="Final Placement Summary">

------------------------------------------------------------
Final Placement Summary
------------------------------------------------------------

       Resource Type :      Count : Avg Inputs : Avg Outputs
    ========================================================
                 UDB :          4 :      10.50 :       3.75
<CYPRESSTAG name="Final Placement Details">
<CYPRESSTAG name="Component Details">

------------------------------------------------------------
Component Placement Details
------------------------------------------------------------
UDB [UDB=(0,0)] contents:
LAB@[UDB=(0,0)][LB=0] #macrocells=3, #inputs=11, #pterms=5
{
    [McSlotId=0]:     MacroCell: Name=\UART:BUART:rx_state_0\, Mode=(T-Register) @ [UDB=(0,0)][LB=0][MC=0]
        Total # of inputs        : 11
        Total # of product terms : 4
        List of special equations: 
            Clock  = (\UART:Net_9\) => Global
            Clock Enable: True
        Main Equation            : 4 pterms
        (
              !\UART:BUART:rx_state_1\ * !\UART:BUART:rx_state_0\ * 
              \UART:BUART:rx_bitclk_enable\ * !\UART:BUART:rx_state_3\ * 
              \UART:BUART:rx_state_2\ * !\UART:BUART:pollcount_1\ * !Net_6
            + !\UART:BUART:rx_state_1\ * !\UART:BUART:rx_state_0\ * 
              \UART:BUART:rx_bitclk_enable\ * !\UART:BUART:rx_state_3\ * 
              \UART:BUART:rx_state_2\ * !\UART:BUART:pollcount_1\ * 
              !\UART:BUART:pollcount_0\
            + !\UART:BUART:rx_state_1\ * \UART:BUART:rx_state_0\ * 
              !\UART:BUART:rx_state_3\ * !\UART:BUART:rx_state_2\ * 
              !\UART:BUART:rx_count_6\ * !\UART:BUART:rx_count_5\
            + !\UART:BUART:rx_state_1\ * \UART:BUART:rx_state_0\ * 
              !\UART:BUART:rx_state_3\ * !\UART:BUART:rx_state_2\ * 
              !\UART:BUART:rx_count_6\ * !\UART:BUART:rx_count_4\
        );
        Output = \UART:BUART:rx_state_0\ (fanout=8)
        Properties               : 
        {
        }

    [McSlotId=1]:     MacroCell: Name=\UART:BUART:rx_last\, Mode=(D-Register) @ [UDB=(0,0)][LB=0][MC=1]
        Total # of inputs        : 1
        Total # of product terms : 1
        List of special equations: 
            Clock  = (\UART:Net_9\) => Global
            Clock Enable: True
        Main Equation            : 1 pterm
        (
              Net_6
        );
        Output = \UART:BUART:rx_last\ (fanout=1)
        Properties               : 
        {
        }

    [McSlotId=2]: (empty)
    [McSlotId=3]:     MacroCell: Name=\UART:BUART:rx_state_1\, Mode=(T-Register) @ [UDB=(0,0)][LB=0][MC=3]
        Total # of inputs        : 0
        Total # of product terms : 0
        List of special equations: 
            Clock  = (\UART:Net_9\) => Global
            Clock Enable: True
        Main Equation            : 0 pterms
        (
            0
        );
        Output = \UART:BUART:rx_state_1\ (fanout=8)
        Properties               : 
        {
        }
}

LAB@[UDB=(0,0)][LB=1] #macrocells=2, #inputs=12, #pterms=7
{
    [McSlotId=0]:     MacroCell: Name=\UART:BUART:rx_state_2\, Mode=(T-Register) @ [UDB=(0,0)][LB=1][MC=0]
        Total # of inputs        : 10
        Total # of product terms : 5
        List of special equations: 
            Clock  = (\UART:Net_9\) => Global
            Clock Enable: True
        Main Equation            : 5 pterms
        (
              !\UART:BUART:rx_state_1\ * !\UART:BUART:rx_state_0\ * 
              \UART:BUART:rx_bitclk_enable\ * \UART:BUART:rx_state_3\
            + !\UART:BUART:rx_state_1\ * !\UART:BUART:rx_state_0\ * 
              \UART:BUART:rx_bitclk_enable\ * \UART:BUART:rx_state_2\
            + !\UART:BUART:rx_state_1\ * !\UART:BUART:rx_state_0\ * 
              !\UART:BUART:rx_state_3\ * !\UART:BUART:rx_state_2\ * !Net_6 * 
              \UART:BUART:rx_last\
            + !\UART:BUART:rx_state_1\ * \UART:BUART:rx_state_0\ * 
              !\UART:BUART:rx_state_3\ * !\UART:BUART:rx_state_2\ * 
              !\UART:BUART:rx_count_6\ * !\UART:BUART:rx_count_5\
            + !\UART:BUART:rx_state_1\ * \UART:BUART:rx_state_0\ * 
              !\UART:BUART:rx_state_3\ * !\UART:BUART:rx_state_2\ * 
              !\UART:BUART:rx_count_6\ * !\UART:BUART:rx_count_4\
        );
        Output = \UART:BUART:rx_state_2\ (fanout=7)
        Properties               : 
        {
        }

    [McSlotId=1]: (empty)
    [McSlotId=2]:     MacroCell: Name=\UART:BUART:rx_status_3\, Mode=(D-Register) @ [UDB=(0,0)][LB=1][MC=2]
        Total # of inputs        : 8
        Total # of product terms : 2
        List of special equations: 
            Clock  = (\UART:Net_9\) => Global
            Clock Enable: True
        Main Equation            : 2 pterms
        (
              !\UART:BUART:rx_state_1\ * !\UART:BUART:rx_state_0\ * 
              \UART:BUART:rx_bitclk_enable\ * \UART:BUART:rx_state_3\ * 
              \UART:BUART:rx_state_2\ * !\UART:BUART:pollcount_1\ * !Net_6
            + !\UART:BUART:rx_state_1\ * !\UART:BUART:rx_state_0\ * 
              \UART:BUART:rx_bitclk_enable\ * \UART:BUART:rx_state_3\ * 
              \UART:BUART:rx_state_2\ * !\UART:BUART:pollcount_1\ * 
              !\UART:BUART:pollcount_0\
        );
        Output = \UART:BUART:rx_status_3\ (fanout=1)
        Properties               : 
        {
        }

    [McSlotId=3]: (empty)
}

count7cell: Name =\UART:BUART:sRX:RxBitCounter\
    PORT MAP (
        clock => \UART:Net_9\ ,
        load => \UART:BUART:rx_counter_load\ ,
        count_6 => \UART:BUART:rx_count_6\ ,
        count_5 => \UART:BUART:rx_count_5\ ,
        count_4 => \UART:BUART:rx_count_4\ ,
        count_3 => \UART:BUART:rx_count_3\ ,
        count_2 => \UART:BUART:rx_count_2\ ,
        count_1 => \UART:BUART:rx_count_1\ ,
        count_0 => \UART:BUART:rx_count_0\ ,
        tc => \UART:BUART:rx_count7_tc\ );
    Properties:
    {
        cy_alt_mode = 0
        cy_init_value = "0000000"
        cy_period = "1110010"
        cy_route_en = 1
        cy_route_ld = 1
    }
    Clock Polarity: Active High
    Clock Enable: True

UDB [UDB=(0,1)] contents:
LAB@[UDB=(0,1)][LB=0] #macrocells=4, #inputs=6, #pterms=8
{
    [McSlotId=0]:     MacroCell: Name=\UART:BUART:pollcount_1\, Mode=(D-Register) @ [UDB=(0,1)][LB=0][MC=0]
        Total # of inputs        : 5
        Total # of product terms : 3
        List of special equations: 
            Clock  = (\UART:Net_9\) => Global
            Clock Enable: True
        Main Equation            : 3 pterms
        (
              !\UART:BUART:rx_count_2\ * !\UART:BUART:rx_count_1\ * 
              !\UART:BUART:pollcount_1\ * Net_6 * \UART:BUART:pollcount_0\
            + !\UART:BUART:rx_count_2\ * !\UART:BUART:rx_count_1\ * 
              \UART:BUART:pollcount_1\ * !Net_6
            + !\UART:BUART:rx_count_2\ * !\UART:BUART:rx_count_1\ * 
              \UART:BUART:pollcount_1\ * !\UART:BUART:pollcount_0\
        );
        Output = \UART:BUART:pollcount_1\ (fanout=4)
        Properties               : 
        {
        }

    [McSlotId=1]:     MacroCell: Name=\UART:BUART:rx_postpoll\, Mode=(Combinatorial) @ [UDB=(0,1)][LB=0][MC=1]
        Total # of inputs        : 3
        Total # of product terms : 2
            Clock Enable: True
        Main Equation            : 2 pterms
        (
              \UART:BUART:pollcount_1\
            + Net_6 * \UART:BUART:pollcount_0\
        );
        Output = \UART:BUART:rx_postpoll\ (fanout=1)
        Properties               : 
        {
        }

    [McSlotId=2]:     MacroCell: Name=\UART:BUART:pollcount_0\, Mode=(D-Register) @ [UDB=(0,1)][LB=0][MC=2]
        Total # of inputs        : 4
        Total # of product terms : 2
        List of special equations: 
            Clock  = (\UART:Net_9\) => Global
            Clock Enable: True
        Main Equation            : 2 pterms
        (
              !\UART:BUART:rx_count_2\ * !\UART:BUART:rx_count_1\ * !Net_6 * 
              \UART:BUART:pollcount_0\
            + !\UART:BUART:rx_count_2\ * !\UART:BUART:rx_count_1\ * Net_6 * 
              !\UART:BUART:pollcount_0\
        );
        Output = \UART:BUART:pollcount_0\ (fanout=5)
        Properties               : 
        {
        }

    [McSlotId=3]:     MacroCell: Name=\UART:BUART:rx_bitclk_enable\, Mode=(D-Register) @ [UDB=(0,1)][LB=0][MC=3]
        Total # of inputs        : 3
        Total # of product terms : 1
        List of special equations: 
            Clock  = (\UART:Net_9\) => Global
            Clock Enable: True
        Main Equation            : 1 pterm
        (
              !\UART:BUART:rx_count_2\ * !\UART:BUART:rx_count_1\ * 
              !\UART:BUART:rx_count_0\
        );
        Output = \UART:BUART:rx_bitclk_enable\ (fanout=6)
        Properties               : 
        {
        }
}

LAB@[UDB=(0,1)][LB=1] #macrocells=3, #inputs=12, #pterms=5
{
    [McSlotId=0]:     MacroCell: Name=\UART:BUART:rx_status_5\, Mode=(Combinatorial) @ [UDB=(0,1)][LB=1][MC=0]
        Total # of inputs        : 2
        Total # of product terms : 1
            Clock Enable: True
        Main Equation            : 1 pterm
        (
              \UART:BUART:rx_fifonotempty\ * \UART:BUART:rx_state_stop1_reg\
        );
        Output = \UART:BUART:rx_status_5\ (fanout=1)
        Properties               : 
        {
        }

    [McSlotId=1]:     MacroCell: Name=\UART:BUART:rx_status_4\, Mode=(Combinatorial) @ [UDB=(0,1)][LB=1][MC=1]
        Total # of inputs        : 2
        Total # of product terms : 1
            Clock Enable: True
        Main Equation            : 1 pterm
        (
              \UART:BUART:rx_load_fifo\ * \UART:BUART:rx_fifofull\
        );
        Output = \UART:BUART:rx_status_4\ (fanout=1)
        Properties               : 
        {
        }

    [McSlotId=2]: (empty)
    [McSlotId=3]:     MacroCell: Name=\UART:BUART:rx_load_fifo\, Mode=(D-Register) @ [UDB=(0,1)][LB=1][MC=3]
        Total # of inputs        : 8
        Total # of product terms : 3
        List of special equations: 
            Clock  = (\UART:Net_9\) => Global
            Clock Enable: True
        Main Equation            : 3 pterms
        (
              !\UART:BUART:rx_state_1\ * !\UART:BUART:rx_state_0\ * 
              \UART:BUART:rx_bitclk_enable\ * \UART:BUART:rx_state_3\ * 
              !\UART:BUART:rx_state_2\
            + !\UART:BUART:rx_state_1\ * \UART:BUART:rx_state_0\ * 
              !\UART:BUART:rx_state_3\ * !\UART:BUART:rx_state_2\ * 
              !\UART:BUART:rx_count_6\ * !\UART:BUART:rx_count_5\
            + !\UART:BUART:rx_state_1\ * \UART:BUART:rx_state_0\ * 
              !\UART:BUART:rx_state_3\ * !\UART:BUART:rx_state_2\ * 
              !\UART:BUART:rx_count_6\ * !\UART:BUART:rx_count_4\
        );
        Output = \UART:BUART:rx_load_fifo\ (fanout=2)
        Properties               : 
        {
        }
}

datapathcell: Name =\UART:BUART:sRX:RxShifter:u0\
    PORT MAP (
        clock => \UART:Net_9\ ,
        cs_addr_2 => \UART:BUART:rx_state_1\ ,
        cs_addr_1 => \UART:BUART:rx_state_0\ ,
        cs_addr_0 => \UART:BUART:rx_bitclk_enable\ ,
        route_si => \UART:BUART:rx_postpoll\ ,
        f0_load => \UART:BUART:rx_load_fifo\ ,
        f0_bus_stat_comb => \UART:BUART:rx_fifonotempty\ ,
        f0_blk_stat_comb => \UART:BUART:rx_fifofull\ );
    Properties:
    {
        a0_init = "00000000"
        a1_init = "00000000"
        ce0_sync = 1
        ce1_sync = 1
        cl0_sync = 1
        cl1_sync = 1
        cmsb_sync = 1
        co_msb_sync = 1
        cy_dpconfig = "0000000000000000000000000000000000000000000000000000001001000000000100000000000000010000001100000001000000000000000100100001000011111111000000001111111111111111101000000110001001000001111100000000000000001100"
        d0_init = "00000000"
        d1_init = "00000000"
        f0_blk_sync = 1
        f0_bus_sync = 1
        f1_blk_sync = 1
        f1_bus_sync = 1
        ff0_sync = 1
        ff1_sync = 1
        ov_msb_sync = 1
        so_sync = 1
        z0_sync = 1
        z1_sync = 1
    }
    Clock Polarity: Active High
    Clock Enable: True

statusicell: Name =\UART:BUART:sRX:RxSts\
    PORT MAP (
        clock => \UART:Net_9\ ,
        status_5 => \UART:BUART:rx_status_5\ ,
        status_4 => \UART:BUART:rx_status_4\ ,
        status_3 => \UART:BUART:rx_status_3\ );
    Properties:
    {
        cy_force_order = 1
        cy_int_mask = "1111111"
        cy_md_select = "1011111"
    }
    Clock Polarity: Active High
    Clock Enable: True

UDB [UDB=(0,2)] is empty.
UDB [UDB=(0,3)] is empty.
UDB [UDB=(0,4)] is empty.
UDB [UDB=(0,5)] is empty.
UDB [UDB=(1,0)] contents:
LAB@[UDB=(1,0)][LB=0] #macrocells=1, #inputs=4, #pterms=1
{
    [McSlotId=0]: (empty)
    [McSlotId=1]:     MacroCell: Name=\UART:BUART:rx_counter_load\, Mode=(Combinatorial) @ [UDB=(1,0)][LB=0][MC=1]
        Total # of inputs        : 4
        Total # of product terms : 1
            Clock Enable: True
        Main Equation            : 1 pterm
        (
              !\UART:BUART:rx_state_1\ * !\UART:BUART:rx_state_0\ * 
              !\UART:BUART:rx_state_3\ * !\UART:BUART:rx_state_2\
        );
        Output = \UART:BUART:rx_counter_load\ (fanout=2)
        Properties               : 
        {
        }

    [McSlotId=2]: (empty)
    [McSlotId=3]: (empty)
}

UDB [UDB=(1,1)] contents:
LAB@[UDB=(1,1)][LB=0] #macrocells=1, #inputs=4, #pterms=1
{
    [McSlotId=0]: (empty)
    [McSlotId=1]:     MacroCell: Name=\UART:BUART:rx_state_stop1_reg\, Mode=(D-Register) @ [UDB=(1,1)][LB=0][MC=1]
        Total # of inputs        : 4
        Total # of product terms : 1
        List of special equations: 
            Clock  = (\UART:Net_9\) => Global
            Clock Enable: True
        Main Equation            : 1 pterm
        !(
              !\UART:BUART:rx_state_1\ * !\UART:BUART:rx_state_0\ * 
              \UART:BUART:rx_state_3\ * \UART:BUART:rx_state_2\
        );
        Output = \UART:BUART:rx_state_stop1_reg\ (fanout=1)
        Properties               : 
        {
        }

    [McSlotId=2]: (empty)
    [McSlotId=3]: (empty)
}

LAB@[UDB=(1,1)][LB=1] #macrocells=1, #inputs=8, #pterms=3
{
    [McSlotId=0]: (empty)
    [McSlotId=1]:     MacroCell: Name=\UART:BUART:rx_state_3\, Mode=(T-Register) @ [UDB=(1,1)][LB=1][MC=1]
        Total # of inputs        : 8
        Total # of product terms : 3
        List of special equations: 
            Clock  = (\UART:Net_9\) => Global
            Clock Enable: True
        Main Equation            : 3 pterms
        (
              !\UART:BUART:rx_state_1\ * !\UART:BUART:rx_state_0\ * 
              \UART:BUART:rx_bitclk_enable\ * \UART:BUART:rx_state_3\ * 
              \UART:BUART:rx_state_2\
            + !\UART:BUART:rx_state_1\ * \UART:BUART:rx_state_0\ * 
              !\UART:BUART:rx_state_3\ * !\UART:BUART:rx_state_2\ * 
              !\UART:BUART:rx_count_6\ * !\UART:BUART:rx_count_5\
            + !\UART:BUART:rx_state_1\ * \UART:BUART:rx_state_0\ * 
              !\UART:BUART:rx_state_3\ * !\UART:BUART:rx_state_2\ * 
              !\UART:BUART:rx_count_6\ * !\UART:BUART:rx_count_4\
        );
        Output = \UART:BUART:rx_state_3\ (fanout=7)
        Properties               : 
        {
        }

    [McSlotId=2]: (empty)
    [McSlotId=3]: (empty)
}

UDB [UDB=(1,2)] is empty.
UDB [UDB=(1,3)] is empty.
UDB [UDB=(1,4)] is empty.
UDB [UDB=(1,5)] is empty.
UDB [UDB=(2,0)] is empty.
UDB [UDB=(2,1)] is empty.
UDB [UDB=(2,2)] is empty.
UDB [UDB=(2,3)] is empty.
UDB [UDB=(2,4)] is empty.
UDB [UDB=(2,5)] is empty.
UDB [UDB=(3,0)] is empty.
UDB [UDB=(3,1)] is empty.
UDB [UDB=(3,2)] is empty.
UDB [UDB=(3,3)] is empty.
UDB [UDB=(3,4)] is empty.
UDB [UDB=(3,5)] is empty.
Intr container @ [IntrContainer=(0)]: empty
Drq container @ [DrqContainer=(0)]: empty
Port 0 contains the following IO cells:
Port 1 contains the following IO cells:
Port 2 contains the following IO cells:
[IoId=1]: 
Pin : Name = PIN_INT_LED(0)
    Attributes:
        In Group/Port: True
        In Sync Option: AUTO
        Out Sync Option: NOSYNC
        Interrupt generated: False
        Interrupt mode: NONE
        Drive mode: CMOS_OUT
        VTrip: EITHER
        Slew: FAST
        Input Sync needed: False
        Output Sync needed: False
        SC shield enabled: False
        POR State: ANY
        LCD Mode: COMMON
        Register Mode: RegComb
        CaSense Mode: NEITHER
        Treat as pin: True
        Is OE Registered: False
        Uses Analog: False
        Can contain Digital: True
        Is SIO: False
        SIO Output Buf: NONREGULATED
        SIO Input Buf: SINGLE_ENDED
        SIO HiFreq: LOW
        SIO Hyst: DISABLED
        SIO Vtrip: MULTIPLIER_0_5
        SIO Multiplier Index: 0
        SIO RefSel: VCC_IO
        Required Capabilities: DIGITAL
        Initial Value: 0
        IO Voltage: 0
    PORT MAP (
        pa_out => PIN_INT_LED(0)__PA ,
        pad => PIN_INT_LED(0)_PAD );
    Properties:
    {
    }

Port 3 contains the following IO cells:
Port 12 contains the following IO cells:
[IoId=6]: 
Pin : Name = RX(0)
    Attributes:
        In Group/Port: True
        In Sync Option: SYNC
        Out Sync Option: AUTO
        Interrupt generated: False
        Interrupt mode: NONE
        Drive mode: HI_Z_DIGITAL
        VTrip: CMOS
        Slew: FAST
        Input Sync needed: True
        Output Sync needed: False
        SC shield enabled: False
        POR State: ANY
        LCD Mode: COMMON
        Register Mode: RegComb
        CaSense Mode: NEITHER
        Treat as pin: True
        Is OE Registered: False
        Uses Analog: False
        Can contain Digital: True
        Is SIO: False
        SIO Output Buf: NONREGULATED
        SIO Input Buf: SINGLE_ENDED
        SIO HiFreq: LOW
        SIO Hyst: DISABLED
        SIO Vtrip: MULTIPLIER_0_5
        SIO Multiplier Index: 0
        SIO RefSel: VCC_IO
        Required Capabilities: DIGITAL, ROUTABLE
        Initial Value: 0
        IO Voltage: 0
    PORT MAP (
        pa_out => RX(0)__PA ,
        fb => Net_6 ,
        pad => RX(0)_PAD );
    Properties:
    {
    }

Port 15 contains the following IO cells:
ARM group 0: empty
CAN group 0: empty
Cache group 0: empty
CapSense group 0: empty
Clock group 0: 
    Clock Block @ F(Clock,0): 
    clockblockcell: Name =ClockBlock
        PORT MAP (
            imo => ClockBlock_IMO ,
            pllout => ClockBlock_PLL_OUT ,
            ilo => ClockBlock_ILO ,
            clk_100k => ClockBlock_100k ,
            clk_1k => ClockBlock_1k ,
            clk_32k => ClockBlock_32k ,
            xtal => ClockBlock_XTAL ,
            clk_32k_xtal => ClockBlock_XTAL_32KHZ ,
            clk_sync => ClockBlock_MASTER_CLK ,
            clk_bus_glb => ClockBlock_BUS_CLK ,
            clk_bus => ClockBlock_BUS_CLK_local ,
            dclk_glb_0 => \UART:Net_9\ ,
            dclk_0 => \UART:Net_9_local\ );
        Properties:
        {
        }
Comparator group 0: empty
DFB group 0: empty
DSM group 0: empty
Decimator group 0: empty
EMIF group 0: empty
I2C group 0: empty
LCD group 0: empty
LVD group 0: empty
PICU group 0: empty
PM group 0: empty
SC group 0: empty
SPC group 0: empty
Timer group 0: empty
USB group 0: empty
VIDAC group 0: empty
OpAmp group 0: empty
CsAbuf group 0: empty
Vref group 0: empty
LPF group 0: empty
SAR group 0: empty
ANAIF group 0: empty
PHUB group 0: empty
</CYPRESSTAG>
<CYPRESSTAG name="Port Configuration Details">

------------------------------------------------------------
Port Configuration report
------------------------------------------------------------
     |     |       | Interrupt |                  |                | 
Port | Pin | Fixed |      Type |       Drive Mode |           Name | Connections
-----+-----+-------+-----------+------------------+----------------+------------
   2 |   1 |     * |      NONE |         CMOS_OUT | PIN_INT_LED(0) | 
-----+-----+-------+-----------+------------------+----------------+------------
  12 |   6 |     * |      NONE |     HI_Z_DIGITAL |          RX(0) | FB(Net_6)
--------------------------------------------------------------------------------
</CYPRESSTAG>
</CYPRESSTAG>
</CYPRESSTAG>
Digital component placer commit/Report: Elapsed time ==> 0s.062ms
Digital Placement phase: Elapsed time ==> 1s.274ms
</CYPRESSTAG>
<CYPRESSTAG name="Digital Routing">
"C:\Program Files (x86)\Cypress\PSoC Creator\4.4\PSoC Creator\bin/sjrouter.exe" --xml-path "C:\Program Files (x86)\Cypress\PSoC Creator\4.4\PSoC Creator\dev\psoc5/psoc5lp/route_arch-rrg.cydata" --vh2-path "LED_GUI_LOOP_r.vh2" --pcf-path "LED_GUI_LOOP.pco" --des-name "LED_GUI_LOOP" --dsf-path "LED_GUI_LOOP.dsf" --sdc-path "LED_GUI_LOOP.sdc" --lib-path "LED_GUI_LOOP_r.lib"
Routing successful.
Digital Routing phase: Elapsed time ==> 1s.571ms
</CYPRESSTAG>
<CYPRESSTAG name="Bitstream Generation">
Bitstream Generation phase: Elapsed time ==> 0s.427ms
</CYPRESSTAG>
<CYPRESSTAG name="Bitstream Verification">
Bitstream Verification phase: Elapsed time ==> 0s.047ms
</CYPRESSTAG>
<CYPRESSTAG name="Static timing analysis">
Timing report is in LED_GUI_LOOP_timing.html.
Static timing analysis phase: Elapsed time ==> 0s.523ms
</CYPRESSTAG>
<CYPRESSTAG name="Data reporting">
Data reporting phase: Elapsed time ==> 0s.000ms
</CYPRESSTAG>
<CYPRESSTAG name="Database update...">
Design database save phase: Elapsed time ==> 0s.202ms
</CYPRESSTAG>
cydsfit: Elapsed time ==> 4s.607ms
</CYPRESSTAG>
Fitter phase: Elapsed time ==> 4s.607ms
API generation phase: Elapsed time ==> 1s.414ms
Dependency generation phase: Elapsed time ==> 0s.037ms
Cleanup phase: Elapsed time ==> 0s.000ms
