ARM GAS  C:\Users\marco\AppData\Local\Temp\ccsAvXhy.s 			page 1


   1              		.syntax unified
   2              		.cpu cortex-m3
   3              		.fpu softvfp
   4              		.eabi_attribute 20, 1
   5              		.eabi_attribute 21, 1
   6              		.eabi_attribute 23, 3
   7              		.eabi_attribute 24, 1
   8              		.eabi_attribute 25, 1
   9              		.eabi_attribute 26, 1
  10              		.eabi_attribute 30, 1
  11              		.eabi_attribute 34, 1
  12              		.eabi_attribute 18, 4
  13              		.thumb
  14              		.syntax unified
  15              		.file	"main.c"
  16              		.text
  17              	.Ltext0:
  18              		.cfi_sections	.debug_frame
  19              		.section	.text.main,"ax",%progbits
  20              		.align	2
  21              		.global	main
  22              		.thumb
  23              		.thumb_func
  24              		.type	main, %function
  25              	main:
  26              	.LFB64:
  27              		.file 1 "main.c"
   1:main.c        **** /* ========================================
   2:main.c        ****  *
   3:main.c        ****  * Copyright YOUR COMPANY, THE YEAR
   4:main.c        ****  * All Rights Reserved
   5:main.c        ****  * UNPUBLISHED, LICENSED SOFTWARE.
   6:main.c        ****  *
   7:main.c        ****  * CONFIDENTIAL AND PROPRIETARY INFORMATION
   8:main.c        ****  * WHICH IS THE PROPERTY OF your company.
   9:main.c        ****  *
  10:main.c        ****  * ========================================
  11:main.c        **** */
  12:main.c        **** #include "project.h"
  13:main.c        **** #include "Interrupt_Routines.h"
  14:main.c        **** 
  15:main.c        **** #define HIGH 1
  16:main.c        **** #define LOW 0
  17:main.c        **** 
  18:main.c        **** int main(void)
  19:main.c        **** {
  28              		.loc 1 19 0
  29              		.cfi_startproc
  30              		@ Volatile: function does not return.
  31              		@ args = 0, pretend = 0, frame = 0
  32              		@ frame_needed = 0, uses_anonymous_args = 0
  33 0000 08B5     		push	{r3, lr}
  34              		.cfi_def_cfa_offset 8
  35              		.cfi_offset 3, -8
  36              		.cfi_offset 14, -4
  20:main.c        ****     CyGlobalIntEnable; /* Enable global interrupts. */
  37              		.loc 1 20 0
ARM GAS  C:\Users\marco\AppData\Local\Temp\ccsAvXhy.s 			page 2


  38              		.syntax unified
  39              	@ 20 "main.c" 1
  40 0002 62B6     		CPSIE   i
  41              	@ 0 "" 2
  21:main.c        ****     isr_INT_BUTTON_StartEx(Custom_ISR_BUTTON);
  42              		.loc 1 21 0
  43              		.thumb
  44              		.syntax unified
  45 0004 0148     		ldr	r0, .L4
  46 0006 FFF7FEFF 		bl	isr_INT_BUTTON_StartEx
  47              	.LVL0:
  48              	.L2:
  49 000a FEE7     		b	.L2
  50              	.L5:
  51              		.align	2
  52              	.L4:
  53 000c 00000000 		.word	Custom_ISR_BUTTON
  54              		.cfi_endproc
  55              	.LFE64:
  56              		.size	main, .-main
  57              		.text
  58              	.Letext0:
  59              		.file 2 "c:\\program files (x86)\\cypress\\psoc creator\\4.4\\psoc creator\\import\\gnu\\arm\\5.4.
  60              		.file 3 "c:\\program files (x86)\\cypress\\psoc creator\\4.4\\psoc creator\\import\\gnu\\arm\\5.4.
  61              		.file 4 "Generated_Source\\PSoC5/core_cm3.h"
  62              		.file 5 "Generated_Source\\PSoC5/isr_INT_BUTTON.h"
  63              		.section	.debug_info,"",%progbits
  64              	.Ldebug_info0:
  65 0000 E0000000 		.4byte	0xe0
  66 0004 0400     		.2byte	0x4
  67 0006 00000000 		.4byte	.Ldebug_abbrev0
  68 000a 04       		.byte	0x4
  69 000b 01       		.uleb128 0x1
  70 000c 3A000000 		.4byte	.LASF16
  71 0010 0C       		.byte	0xc
  72 0011 2E000000 		.4byte	.LASF17
  73 0015 5A010000 		.4byte	.LASF18
  74 0019 00000000 		.4byte	.Ldebug_ranges0+0
  75 001d 00000000 		.4byte	0
  76 0021 00000000 		.4byte	.Ldebug_line0
  77 0025 02       		.uleb128 0x2
  78 0026 01       		.byte	0x1
  79 0027 06       		.byte	0x6
  80 0028 38010000 		.4byte	.LASF0
  81 002c 02       		.uleb128 0x2
  82 002d 01       		.byte	0x1
  83 002e 08       		.byte	0x8
  84 002f F1000000 		.4byte	.LASF1
  85 0033 02       		.uleb128 0x2
  86 0034 02       		.byte	0x2
  87 0035 05       		.byte	0x5
  88 0036 B5010000 		.4byte	.LASF2
  89 003a 02       		.uleb128 0x2
  90 003b 02       		.byte	0x2
  91 003c 07       		.byte	0x7
  92 003d 0E000000 		.4byte	.LASF3
  93 0041 03       		.uleb128 0x3
ARM GAS  C:\Users\marco\AppData\Local\Temp\ccsAvXhy.s 			page 3


  94 0042 50010000 		.4byte	.LASF9
  95 0046 02       		.byte	0x2
  96 0047 3F       		.byte	0x3f
  97 0048 4C000000 		.4byte	0x4c
  98 004c 02       		.uleb128 0x2
  99 004d 04       		.byte	0x4
 100 004e 05       		.byte	0x5
 101 004f 04010000 		.4byte	.LASF4
 102 0053 02       		.uleb128 0x2
 103 0054 04       		.byte	0x4
 104 0055 07       		.byte	0x7
 105 0056 C8000000 		.4byte	.LASF5
 106 005a 02       		.uleb128 0x2
 107 005b 08       		.byte	0x8
 108 005c 05       		.byte	0x5
 109 005d 00000000 		.4byte	.LASF6
 110 0061 02       		.uleb128 0x2
 111 0062 08       		.byte	0x8
 112 0063 07       		.byte	0x7
 113 0064 DA000000 		.4byte	.LASF7
 114 0068 04       		.uleb128 0x4
 115 0069 04       		.byte	0x4
 116 006a 05       		.byte	0x5
 117 006b 696E7400 		.ascii	"int\000"
 118 006f 02       		.uleb128 0x2
 119 0070 04       		.byte	0x4
 120 0071 07       		.byte	0x7
 121 0072 21000000 		.4byte	.LASF8
 122 0076 03       		.uleb128 0x3
 123 0077 BF010000 		.4byte	.LASF10
 124 007b 03       		.byte	0x3
 125 007c 2C       		.byte	0x2c
 126 007d 41000000 		.4byte	0x41
 127 0081 02       		.uleb128 0x2
 128 0082 04       		.byte	0x4
 129 0083 04       		.byte	0x4
 130 0084 AF010000 		.4byte	.LASF11
 131 0088 02       		.uleb128 0x2
 132 0089 08       		.byte	0x8
 133 008a 04       		.byte	0x4
 134 008b 24010000 		.4byte	.LASF12
 135 008f 02       		.uleb128 0x2
 136 0090 01       		.byte	0x1
 137 0091 08       		.byte	0x8
 138 0092 FF000000 		.4byte	.LASF13
 139 0096 02       		.uleb128 0x2
 140 0097 04       		.byte	0x4
 141 0098 07       		.byte	0x7
 142 0099 C7010000 		.4byte	.LASF14
 143 009d 02       		.uleb128 0x2
 144 009e 08       		.byte	0x8
 145 009f 04       		.byte	0x4
 146 00a0 44010000 		.4byte	.LASF15
 147 00a4 05       		.uleb128 0x5
 148 00a5 35000000 		.4byte	.LASF19
 149 00a9 01       		.byte	0x1
 150 00aa 12       		.byte	0x12
ARM GAS  C:\Users\marco\AppData\Local\Temp\ccsAvXhy.s 			page 4


 151 00ab 68000000 		.4byte	0x68
 152 00af 00000000 		.4byte	.LFB64
 153 00b3 10000000 		.4byte	.LFE64-.LFB64
 154 00b7 01       		.uleb128 0x1
 155 00b8 9C       		.byte	0x9c
 156 00b9 C7000000 		.4byte	0xc7
 157 00bd 06       		.uleb128 0x6
 158 00be 0A000000 		.4byte	.LVL0
 159 00c2 D8000000 		.4byte	0xd8
 160 00c6 00       		.byte	0
 161 00c7 07       		.uleb128 0x7
 162 00c8 2B010000 		.4byte	.LASF20
 163 00cc 04       		.byte	0x4
 164 00cd 1207     		.2byte	0x712
 165 00cf D3000000 		.4byte	0xd3
 166 00d3 08       		.uleb128 0x8
 167 00d4 76000000 		.4byte	0x76
 168 00d8 09       		.uleb128 0x9
 169 00d9 0D010000 		.4byte	.LASF21
 170 00dd 0D010000 		.4byte	.LASF21
 171 00e1 05       		.byte	0x5
 172 00e2 18       		.byte	0x18
 173 00e3 00       		.byte	0
 174              		.section	.debug_abbrev,"",%progbits
 175              	.Ldebug_abbrev0:
 176 0000 01       		.uleb128 0x1
 177 0001 11       		.uleb128 0x11
 178 0002 01       		.byte	0x1
 179 0003 25       		.uleb128 0x25
 180 0004 0E       		.uleb128 0xe
 181 0005 13       		.uleb128 0x13
 182 0006 0B       		.uleb128 0xb
 183 0007 03       		.uleb128 0x3
 184 0008 0E       		.uleb128 0xe
 185 0009 1B       		.uleb128 0x1b
 186 000a 0E       		.uleb128 0xe
 187 000b 55       		.uleb128 0x55
 188 000c 17       		.uleb128 0x17
 189 000d 11       		.uleb128 0x11
 190 000e 01       		.uleb128 0x1
 191 000f 10       		.uleb128 0x10
 192 0010 17       		.uleb128 0x17
 193 0011 00       		.byte	0
 194 0012 00       		.byte	0
 195 0013 02       		.uleb128 0x2
 196 0014 24       		.uleb128 0x24
 197 0015 00       		.byte	0
 198 0016 0B       		.uleb128 0xb
 199 0017 0B       		.uleb128 0xb
 200 0018 3E       		.uleb128 0x3e
 201 0019 0B       		.uleb128 0xb
 202 001a 03       		.uleb128 0x3
 203 001b 0E       		.uleb128 0xe
 204 001c 00       		.byte	0
 205 001d 00       		.byte	0
 206 001e 03       		.uleb128 0x3
 207 001f 16       		.uleb128 0x16
ARM GAS  C:\Users\marco\AppData\Local\Temp\ccsAvXhy.s 			page 5


 208 0020 00       		.byte	0
 209 0021 03       		.uleb128 0x3
 210 0022 0E       		.uleb128 0xe
 211 0023 3A       		.uleb128 0x3a
 212 0024 0B       		.uleb128 0xb
 213 0025 3B       		.uleb128 0x3b
 214 0026 0B       		.uleb128 0xb
 215 0027 49       		.uleb128 0x49
 216 0028 13       		.uleb128 0x13
 217 0029 00       		.byte	0
 218 002a 00       		.byte	0
 219 002b 04       		.uleb128 0x4
 220 002c 24       		.uleb128 0x24
 221 002d 00       		.byte	0
 222 002e 0B       		.uleb128 0xb
 223 002f 0B       		.uleb128 0xb
 224 0030 3E       		.uleb128 0x3e
 225 0031 0B       		.uleb128 0xb
 226 0032 03       		.uleb128 0x3
 227 0033 08       		.uleb128 0x8
 228 0034 00       		.byte	0
 229 0035 00       		.byte	0
 230 0036 05       		.uleb128 0x5
 231 0037 2E       		.uleb128 0x2e
 232 0038 01       		.byte	0x1
 233 0039 3F       		.uleb128 0x3f
 234 003a 19       		.uleb128 0x19
 235 003b 03       		.uleb128 0x3
 236 003c 0E       		.uleb128 0xe
 237 003d 3A       		.uleb128 0x3a
 238 003e 0B       		.uleb128 0xb
 239 003f 3B       		.uleb128 0x3b
 240 0040 0B       		.uleb128 0xb
 241 0041 27       		.uleb128 0x27
 242 0042 19       		.uleb128 0x19
 243 0043 49       		.uleb128 0x49
 244 0044 13       		.uleb128 0x13
 245 0045 8701     		.uleb128 0x87
 246 0047 19       		.uleb128 0x19
 247 0048 11       		.uleb128 0x11
 248 0049 01       		.uleb128 0x1
 249 004a 12       		.uleb128 0x12
 250 004b 06       		.uleb128 0x6
 251 004c 40       		.uleb128 0x40
 252 004d 18       		.uleb128 0x18
 253 004e 9742     		.uleb128 0x2117
 254 0050 19       		.uleb128 0x19
 255 0051 01       		.uleb128 0x1
 256 0052 13       		.uleb128 0x13
 257 0053 00       		.byte	0
 258 0054 00       		.byte	0
 259 0055 06       		.uleb128 0x6
 260 0056 898201   		.uleb128 0x4109
 261 0059 00       		.byte	0
 262 005a 11       		.uleb128 0x11
 263 005b 01       		.uleb128 0x1
 264 005c 31       		.uleb128 0x31
ARM GAS  C:\Users\marco\AppData\Local\Temp\ccsAvXhy.s 			page 6


 265 005d 13       		.uleb128 0x13
 266 005e 00       		.byte	0
 267 005f 00       		.byte	0
 268 0060 07       		.uleb128 0x7
 269 0061 34       		.uleb128 0x34
 270 0062 00       		.byte	0
 271 0063 03       		.uleb128 0x3
 272 0064 0E       		.uleb128 0xe
 273 0065 3A       		.uleb128 0x3a
 274 0066 0B       		.uleb128 0xb
 275 0067 3B       		.uleb128 0x3b
 276 0068 05       		.uleb128 0x5
 277 0069 49       		.uleb128 0x49
 278 006a 13       		.uleb128 0x13
 279 006b 3F       		.uleb128 0x3f
 280 006c 19       		.uleb128 0x19
 281 006d 3C       		.uleb128 0x3c
 282 006e 19       		.uleb128 0x19
 283 006f 00       		.byte	0
 284 0070 00       		.byte	0
 285 0071 08       		.uleb128 0x8
 286 0072 35       		.uleb128 0x35
 287 0073 00       		.byte	0
 288 0074 49       		.uleb128 0x49
 289 0075 13       		.uleb128 0x13
 290 0076 00       		.byte	0
 291 0077 00       		.byte	0
 292 0078 09       		.uleb128 0x9
 293 0079 2E       		.uleb128 0x2e
 294 007a 00       		.byte	0
 295 007b 3F       		.uleb128 0x3f
 296 007c 19       		.uleb128 0x19
 297 007d 3C       		.uleb128 0x3c
 298 007e 19       		.uleb128 0x19
 299 007f 6E       		.uleb128 0x6e
 300 0080 0E       		.uleb128 0xe
 301 0081 03       		.uleb128 0x3
 302 0082 0E       		.uleb128 0xe
 303 0083 3A       		.uleb128 0x3a
 304 0084 0B       		.uleb128 0xb
 305 0085 3B       		.uleb128 0x3b
 306 0086 0B       		.uleb128 0xb
 307 0087 00       		.byte	0
 308 0088 00       		.byte	0
 309 0089 00       		.byte	0
 310              		.section	.debug_aranges,"",%progbits
 311 0000 1C000000 		.4byte	0x1c
 312 0004 0200     		.2byte	0x2
 313 0006 00000000 		.4byte	.Ldebug_info0
 314 000a 04       		.byte	0x4
 315 000b 00       		.byte	0
 316 000c 0000     		.2byte	0
 317 000e 0000     		.2byte	0
 318 0010 00000000 		.4byte	.LFB64
 319 0014 10000000 		.4byte	.LFE64-.LFB64
 320 0018 00000000 		.4byte	0
 321 001c 00000000 		.4byte	0
ARM GAS  C:\Users\marco\AppData\Local\Temp\ccsAvXhy.s 			page 7


 322              		.section	.debug_ranges,"",%progbits
 323              	.Ldebug_ranges0:
 324 0000 00000000 		.4byte	.LFB64
 325 0004 10000000 		.4byte	.LFE64
 326 0008 00000000 		.4byte	0
 327 000c 00000000 		.4byte	0
 328              		.section	.debug_line,"",%progbits
 329              	.Ldebug_line0:
 330 0000 6A010000 		.section	.debug_str,"MS",%progbits,1
 330      02005301 
 330      00000201 
 330      FB0E0D00 
 330      01010101 
 331              	.LASF6:
 332 0000 6C6F6E67 		.ascii	"long long int\000"
 332      206C6F6E 
 332      6720696E 
 332      7400
 333              	.LASF3:
 334 000e 73686F72 		.ascii	"short unsigned int\000"
 334      7420756E 
 334      7369676E 
 334      65642069 
 334      6E7400
 335              	.LASF8:
 336 0021 756E7369 		.ascii	"unsigned int\000"
 336      676E6564 
 336      20696E74 
 336      00
 337              	.LASF17:
 338 002e 6D61696E 		.ascii	"main.c\000"
 338      2E6300
 339              	.LASF19:
 340 0035 6D61696E 		.ascii	"main\000"
 340      00
 341              	.LASF16:
 342 003a 474E5520 		.ascii	"GNU C11 5.4.1 20160609 (release) [ARM/embedded-5-br"
 342      43313120 
 342      352E342E 
 342      31203230 
 342      31363036 
 343 006d 616E6368 		.ascii	"anch revision 237715] -mcpu=cortex-m3 -mthumb -g -O"
 343      20726576 
 343      6973696F 
 343      6E203233 
 343      37373135 
 344 00a0 67202D66 		.ascii	"g -ffunction-sections -ffat-lto-objects\000"
 344      66756E63 
 344      74696F6E 
 344      2D736563 
 344      74696F6E 
 345              	.LASF5:
 346 00c8 6C6F6E67 		.ascii	"long unsigned int\000"
 346      20756E73 
 346      69676E65 
 346      6420696E 
 346      7400
ARM GAS  C:\Users\marco\AppData\Local\Temp\ccsAvXhy.s 			page 8


 347              	.LASF7:
 348 00da 6C6F6E67 		.ascii	"long long unsigned int\000"
 348      206C6F6E 
 348      6720756E 
 348      7369676E 
 348      65642069 
 349              	.LASF1:
 350 00f1 756E7369 		.ascii	"unsigned char\000"
 350      676E6564 
 350      20636861 
 350      7200
 351              	.LASF13:
 352 00ff 63686172 		.ascii	"char\000"
 352      00
 353              	.LASF4:
 354 0104 6C6F6E67 		.ascii	"long int\000"
 354      20696E74 
 354      00
 355              	.LASF21:
 356 010d 6973725F 		.ascii	"isr_INT_BUTTON_StartEx\000"
 356      494E545F 
 356      42555454 
 356      4F4E5F53 
 356      74617274 
 357              	.LASF12:
 358 0124 646F7562 		.ascii	"double\000"
 358      6C6500
 359              	.LASF20:
 360 012b 49544D5F 		.ascii	"ITM_RxBuffer\000"
 360      52784275 
 360      66666572 
 360      00
 361              	.LASF0:
 362 0138 7369676E 		.ascii	"signed char\000"
 362      65642063 
 362      68617200 
 363              	.LASF15:
 364 0144 6C6F6E67 		.ascii	"long double\000"
 364      20646F75 
 364      626C6500 
 365              	.LASF9:
 366 0150 5F5F696E 		.ascii	"__int32_t\000"
 366      7433325F 
 366      7400
 367              	.LASF18:
 368 015a 433A5C55 		.ascii	"C:\\Users\\marco\\OneDrive\\Documenti\\PSoC Creator"
 368      73657273 
 368      5C6D6172 
 368      636F5C4F 
 368      6E654472 
 369 0188 5C50726F 		.ascii	"\\Prove_PSOC\\LED_BUTTON_INTERRUPT.cydsn\000"
 369      76655F50 
 369      534F435C 
 369      4C45445F 
 369      42555454 
 370              	.LASF11:
 371 01af 666C6F61 		.ascii	"float\000"
ARM GAS  C:\Users\marco\AppData\Local\Temp\ccsAvXhy.s 			page 9


 371      7400
 372              	.LASF2:
 373 01b5 73686F72 		.ascii	"short int\000"
 373      7420696E 
 373      7400
 374              	.LASF10:
 375 01bf 696E7433 		.ascii	"int32_t\000"
 375      325F7400 
 376              	.LASF14:
 377 01c7 73697A65 		.ascii	"sizetype\000"
 377      74797065 
 377      00
 378              		.ident	"GCC: (GNU Tools for ARM Embedded Processors) 5.4.1 20160609 (release) [ARM/embedded-5-bran
