ARM GAS  C:\Users\marco\AppData\Local\Temp\ccZEwFjH.s 			page 1


   1              		.syntax unified
   2              		.cpu cortex-m3
   3              		.fpu softvfp
   4              		.eabi_attribute 20, 1
   5              		.eabi_attribute 21, 1
   6              		.eabi_attribute 23, 3
   7              		.eabi_attribute 24, 1
   8              		.eabi_attribute 25, 1
   9              		.eabi_attribute 26, 1
  10              		.eabi_attribute 30, 1
  11              		.eabi_attribute 34, 1
  12              		.eabi_attribute 18, 4
  13              		.thumb
  14              		.syntax unified
  15              		.file	"cymetadata.c"
  16              		.text
  17              	.Ltext0:
  18              		.cfi_sections	.debug_frame
  19              		.global	cy_metadata
  20              		.global	cy_meta_flashprotect
  21              		.global	cy_meta_wonvl
  22              		.global	cy_meta_custnvl
  23              		.global	cy_meta_configecc
  24              		.section	.cyconfigecc,"a",%progbits
  25              		.align	2
  26              		.type	cy_meta_configecc, %object
  27              		.size	cy_meta_configecc, 548
  28              	cy_meta_configecc:
  29 0000 01       		.byte	1
  30 0001 52       		.byte	82
  31 0002 00       		.byte	0
  32 0003 40       		.byte	64
  33 0004 02       		.byte	2
  34 0005 65       		.byte	101
  35 0006 00       		.byte	0
  36 0007 40       		.byte	64
  37 0008 53       		.byte	83
  38 0009 18       		.byte	24
  39 000a 01       		.byte	1
  40 000b 40       		.byte	64
  41 000c 33       		.byte	51
  42 000d 19       		.byte	25
  43 000e 01       		.byte	1
  44 000f 40       		.byte	64
  45 0010 31       		.byte	49
  46 0011 1A       		.byte	26
  47 0012 01       		.byte	1
  48 0013 40       		.byte	64
  49 0014 36       		.byte	54
  50 0015 1B       		.byte	27
  51 0016 01       		.byte	1
  52 0017 40       		.byte	64
  53 0018 04       		.byte	4
  54 0019 4D       		.byte	77
  55 001a 01       		.byte	1
  56 001b 40       		.byte	64
  57 001c 02       		.byte	2
ARM GAS  C:\Users\marco\AppData\Local\Temp\ccZEwFjH.s 			page 2


  58 001d 50       		.byte	80
  59 001e 01       		.byte	1
  60 001f 40       		.byte	64
  61 0020 64       		.byte	100
  62 0021 40       		.byte	64
  63 0022 89       		.byte	-119
  64 0023 38       		.byte	56
  65 0024 8A       		.byte	-118
  66 0025 72       		.byte	114
  67 0026 07       		.byte	7
  68 0027 01       		.byte	1
  69 0028 08       		.byte	8
  70 0029 01       		.byte	1
  71 002a 09       		.byte	9
  72 002b 06       		.byte	6
  73 002c 0D       		.byte	13
  74 002d 07       		.byte	7
  75 002e 10       		.byte	16
  76 002f 01       		.byte	1
  77 0030 15       		.byte	21
  78 0031 06       		.byte	6
  79 0032 17       		.byte	23
  80 0033 01       		.byte	1
  81 0034 19       		.byte	25
  82 0035 01       		.byte	1
  83 0036 1B       		.byte	27
  84 0037 06       		.byte	6
  85 0038 1D       		.byte	29
  86 0039 06       		.byte	6
  87 003a 1F       		.byte	31
  88 003b 01       		.byte	1
  89 003c 21       		.byte	33
  90 003d 04       		.byte	4
  91 003e 25       		.byte	37
  92 003f 02       		.byte	2
  93 0040 2A       		.byte	42
  94 0041 01       		.byte	1
  95 0042 2E       		.byte	46
  96 0043 01       		.byte	1
  97 0044 31       		.byte	49
  98 0045 07       		.byte	7
  99 0046 32       		.byte	50
 100 0047 01       		.byte	1
 101 0048 38       		.byte	56
 102 0049 08       		.byte	8
 103 004a 3B       		.byte	59
 104 004b 02       		.byte	2
 105 004c 58       		.byte	88
 106 004d 04       		.byte	4
 107 004e 59       		.byte	89
 108 004f 04       		.byte	4
 109 0050 5F       		.byte	95
 110 0051 01       		.byte	1
 111 0052 80       		.byte	-128
 112 0053 22       		.byte	34
 113 0054 82       		.byte	-126
 114 0055 51       		.byte	81
ARM GAS  C:\Users\marco\AppData\Local\Temp\ccZEwFjH.s 			page 3


 115 0056 83       		.byte	-125
 116 0057 01       		.byte	1
 117 0058 85       		.byte	-123
 118 0059 1C       		.byte	28
 119 005a 89       		.byte	-119
 120 005b 18       		.byte	24
 121 005c 8C       		.byte	-116
 122 005d 01       		.byte	1
 123 005e 8D       		.byte	-115
 124 005f 1C       		.byte	28
 125 0060 8E       		.byte	-114
 126 0061 0E       		.byte	14
 127 0062 90       		.byte	-112
 128 0063 80       		.byte	-128
 129 0064 93       		.byte	-109
 130 0065 02       		.byte	2
 131 0066 94       		.byte	-108
 132 0067 E7       		.byte	-25
 133 0068 97       		.byte	-105
 134 0069 01       		.byte	1
 135 006a 98       		.byte	-104
 136 006b 44       		.byte	68
 137 006c 99       		.byte	-103
 138 006d 08       		.byte	8
 139 006e 9A       		.byte	-102
 140 006f 31       		.byte	49
 141 0070 9D       		.byte	-99
 142 0071 10       		.byte	16
 143 0072 A1       		.byte	-95
 144 0073 18       		.byte	24
 145 0074 A3       		.byte	-93
 146 0075 04       		.byte	4
 147 0076 A4       		.byte	-92
 148 0077 E7       		.byte	-25
 149 0078 A7       		.byte	-89
 150 0079 04       		.byte	4
 151 007a A9       		.byte	-87
 152 007b 04       		.byte	4
 153 007c AB       		.byte	-85
 154 007d 18       		.byte	24
 155 007e AF       		.byte	-81
 156 007f 02       		.byte	2
 157 0080 B0       		.byte	-80
 158 0081 07       		.byte	7
 159 0082 B1       		.byte	-79
 160 0083 1C       		.byte	28
 161 0084 B2       		.byte	-78
 162 0085 80       		.byte	-128
 163 0086 B3       		.byte	-77
 164 0087 02       		.byte	2
 165 0088 B4       		.byte	-76
 166 0089 60       		.byte	96
 167 008a B5       		.byte	-75
 168 008b 01       		.byte	1
 169 008c B6       		.byte	-74
 170 008d 18       		.byte	24
 171 008e BE       		.byte	-66
ARM GAS  C:\Users\marco\AppData\Local\Temp\ccZEwFjH.s 			page 4


 172 008f 40       		.byte	64
 173 0090 BF       		.byte	-65
 174 0091 14       		.byte	20
 175 0092 C0       		.byte	-64
 176 0093 63       		.byte	99
 177 0094 C1       		.byte	-63
 178 0095 04       		.byte	4
 179 0096 C2       		.byte	-62
 180 0097 05       		.byte	5
 181 0098 C4       		.byte	-60
 182 0099 01       		.byte	1
 183 009a C5       		.byte	-59
 184 009b E0       		.byte	-32
 185 009c C6       		.byte	-58
 186 009d 0C       		.byte	12
 187 009e C8       		.byte	-56
 188 009f 06       		.byte	6
 189 00a0 C9       		.byte	-55
 190 00a1 FF       		.byte	-1
 191 00a2 CA       		.byte	-54
 192 00a3 FF       		.byte	-1
 193 00a4 CB       		.byte	-53
 194 00a5 FF       		.byte	-1
 195 00a6 CC       		.byte	-52
 196 00a7 62       		.byte	98
 197 00a8 CD       		.byte	-51
 198 00a9 A0       		.byte	-96
 199 00aa CE       		.byte	-50
 200 00ab F0       		.byte	-16
 201 00ac CF       		.byte	-49
 202 00ad 41       		.byte	65
 203 00ae D0       		.byte	-48
 204 00af 0C       		.byte	12
 205 00b0 D4       		.byte	-44
 206 00b1 18       		.byte	24
 207 00b2 D8       		.byte	-40
 208 00b3 04       		.byte	4
 209 00b4 D9       		.byte	-39
 210 00b5 04       		.byte	4
 211 00b6 DA       		.byte	-38
 212 00b7 04       		.byte	4
 213 00b8 DB       		.byte	-37
 214 00b9 04       		.byte	4
 215 00ba DF       		.byte	-33
 216 00bb 01       		.byte	1
 217 00bc E6       		.byte	-26
 218 00bd 40       		.byte	64
 219 00be E7       		.byte	-25
 220 00bf 02       		.byte	2
 221 00c0 E9       		.byte	-23
 222 00c1 10       		.byte	16
 223 00c2 EA       		.byte	-22
 224 00c3 30       		.byte	48
 225 00c4 EB       		.byte	-21
 226 00c5 10       		.byte	16
 227 00c6 ED       		.byte	-19
 228 00c7 10       		.byte	16
ARM GAS  C:\Users\marco\AppData\Local\Temp\ccZEwFjH.s 			page 5


 229 00c8 EE       		.byte	-18
 230 00c9 10       		.byte	16
 231 00ca EF       		.byte	-17
 232 00cb 12       		.byte	18
 233 00cc 00       		.byte	0
 234 00cd 02       		.byte	2
 235 00ce 02       		.byte	2
 236 00cf 02       		.byte	2
 237 00d0 03       		.byte	3
 238 00d1 02       		.byte	2
 239 00d2 05       		.byte	5
 240 00d3 20       		.byte	32
 241 00d4 0A       		.byte	10
 242 00d5 94       		.byte	-108
 243 00d6 0E       		.byte	14
 244 00d7 40       		.byte	64
 245 00d8 11       		.byte	17
 246 00d9 04       		.byte	4
 247 00da 16       		.byte	22
 248 00db 04       		.byte	4
 249 00dc 17       		.byte	23
 250 00dd 80       		.byte	-128
 251 00de 18       		.byte	24
 252 00df 01       		.byte	1
 253 00e0 19       		.byte	25
 254 00e1 04       		.byte	4
 255 00e2 1A       		.byte	26
 256 00e3 04       		.byte	4
 257 00e4 1B       		.byte	27
 258 00e5 0E       		.byte	14
 259 00e6 1D       		.byte	29
 260 00e7 08       		.byte	8
 261 00e8 21       		.byte	33
 262 00e9 02       		.byte	2
 263 00ea 22       		.byte	34
 264 00eb 04       		.byte	4
 265 00ec 23       		.byte	35
 266 00ed 44       		.byte	68
 267 00ee 27       		.byte	39
 268 00ef 80       		.byte	-128
 269 00f0 29       		.byte	41
 270 00f1 24       		.byte	36
 271 00f2 2A       		.byte	42
 272 00f3 41       		.byte	65
 273 00f4 2C       		.byte	44
 274 00f5 A0       		.byte	-96
 275 00f6 30       		.byte	48
 276 00f7 A0       		.byte	-96
 277 00f8 31       		.byte	49
 278 00f9 0A       		.byte	10
 279 00fa 35       		.byte	53
 280 00fb 20       		.byte	32
 281 00fc 37       		.byte	55
 282 00fd 88       		.byte	-120
 283 00fe 38       		.byte	56
 284 00ff 40       		.byte	64
 285 0100 3A       		.byte	58
ARM GAS  C:\Users\marco\AppData\Local\Temp\ccZEwFjH.s 			page 6


 286 0101 04       		.byte	4
 287 0102 3B       		.byte	59
 288 0103 12       		.byte	18
 289 0104 3C       		.byte	60
 290 0105 40       		.byte	64
 291 0106 3E       		.byte	62
 292 0107 40       		.byte	64
 293 0108 3F       		.byte	63
 294 0109 18       		.byte	24
 295 010a 40       		.byte	64
 296 010b 01       		.byte	1
 297 010c 42       		.byte	66
 298 010d 40       		.byte	64
 299 010e 43       		.byte	67
 300 010f 08       		.byte	8
 301 0110 49       		.byte	73
 302 0111 20       		.byte	32
 303 0112 4B       		.byte	75
 304 0113 42       		.byte	66
 305 0114 52       		.byte	82
 306 0115 40       		.byte	64
 307 0116 5B       		.byte	91
 308 0117 02       		.byte	2
 309 0118 63       		.byte	99
 310 0119 06       		.byte	6
 311 011a 8A       		.byte	-118
 312 011b 04       		.byte	4
 313 011c 8B       		.byte	-117
 314 011d 01       		.byte	1
 315 011e C0       		.byte	-64
 316 011f 49       		.byte	73
 317 0120 C2       		.byte	-62
 318 0121 1E       		.byte	30
 319 0122 C4       		.byte	-60
 320 0123 C4       		.byte	-60
 321 0124 CA       		.byte	-54
 322 0125 CF       		.byte	-49
 323 0126 CC       		.byte	-52
 324 0127 7F       		.byte	127
 325 0128 CE       		.byte	-50
 326 0129 7F       		.byte	127
 327 012a D0       		.byte	-48
 328 012b 0B       		.byte	11
 329 012c D2       		.byte	-46
 330 012d 0C       		.byte	12
 331 012e D6       		.byte	-42
 332 012f 01       		.byte	1
 333 0130 D8       		.byte	-40
 334 0131 0C       		.byte	12
 335 0132 00       		.byte	0
 336 0133 01       		.byte	1
 337 0134 01       		.byte	1
 338 0135 1C       		.byte	28
 339 0136 02       		.byte	2
 340 0137 10       		.byte	16
 341 0138 03       		.byte	3
 342 0139 61       		.byte	97
ARM GAS  C:\Users\marco\AppData\Local\Temp\ccZEwFjH.s 			page 7


 343 013a 04       		.byte	4
 344 013b 03       		.byte	3
 345 013c 05       		.byte	5
 346 013d 18       		.byte	24
 347 013e 06       		.byte	6
 348 013f 0C       		.byte	12
 349 0140 09       		.byte	9
 350 0141 08       		.byte	8
 351 0142 0A       		.byte	10
 352 0143 03       		.byte	3
 353 0144 0C       		.byte	12
 354 0145 0F       		.byte	15
 355 0146 0D       		.byte	13
 356 0147 7F       		.byte	127
 357 0148 10       		.byte	16
 358 0149 0F       		.byte	15
 359 014a 11       		.byte	17
 360 014b 60       		.byte	96
 361 014c 14       		.byte	20
 362 014d 0C       		.byte	12
 363 014e 16       		.byte	22
 364 014f 03       		.byte	3
 365 0150 17       		.byte	23
 366 0151 63       		.byte	99
 367 0152 18       		.byte	24
 368 0153 02       		.byte	2
 369 0154 19       		.byte	25
 370 0155 40       		.byte	64
 371 0156 1D       		.byte	29
 372 0157 10       		.byte	16
 373 0158 20       		.byte	32
 374 0159 08       		.byte	8
 375 015a 21       		.byte	33
 376 015b 24       		.byte	36
 377 015c 24       		.byte	36
 378 015d 04       		.byte	4
 379 015e 25       		.byte	37
 380 015f 1C       		.byte	28
 381 0160 27       		.byte	39
 382 0161 62       		.byte	98
 383 0162 28       		.byte	40
 384 0163 0C       		.byte	12
 385 0164 29       		.byte	41
 386 0165 67       		.byte	103
 387 0166 2B       		.byte	43
 388 0167 18       		.byte	24
 389 0168 2C       		.byte	44
 390 0169 03       		.byte	3
 391 016a 2F       		.byte	47
 392 016b 04       		.byte	4
 393 016c 34       		.byte	52
 394 016d 0F       		.byte	15
 395 016e 35       		.byte	53
 396 016f 1F       		.byte	31
 397 0170 36       		.byte	54
 398 0171 10       		.byte	16
 399 0172 37       		.byte	55
ARM GAS  C:\Users\marco\AppData\Local\Temp\ccZEwFjH.s 			page 8


 400 0173 60       		.byte	96
 401 0174 3A       		.byte	58
 402 0175 22       		.byte	34
 403 0176 3B       		.byte	59
 404 0177 20       		.byte	32
 405 0178 56       		.byte	86
 406 0179 02       		.byte	2
 407 017a 57       		.byte	87
 408 017b 11       		.byte	17
 409 017c 58       		.byte	88
 410 017d 04       		.byte	4
 411 017e 59       		.byte	89
 412 017f 04       		.byte	4
 413 0180 5B       		.byte	91
 414 0181 04       		.byte	4
 415 0182 5F       		.byte	95
 416 0183 01       		.byte	1
 417 0184 88       		.byte	-120
 418 0185 01       		.byte	1
 419 0186 90       		.byte	-112
 420 0187 01       		.byte	1
 421 0188 94       		.byte	-108
 422 0189 01       		.byte	1
 423 018a AC       		.byte	-84
 424 018b 01       		.byte	1
 425 018c B4       		.byte	-76
 426 018d 01       		.byte	1
 427 018e BE       		.byte	-66
 428 018f 10       		.byte	16
 429 0190 D8       		.byte	-40
 430 0191 04       		.byte	4
 431 0192 DF       		.byte	-33
 432 0193 01       		.byte	1
 433 0194 00       		.byte	0
 434 0195 06       		.byte	6
 435 0196 03       		.byte	3
 436 0197 0A       		.byte	10
 437 0198 06       		.byte	6
 438 0199 04       		.byte	4
 439 019a 07       		.byte	7
 440 019b 08       		.byte	8
 441 019c 08       		.byte	8
 442 019d 11       		.byte	17
 443 019e 0A       		.byte	10
 444 019f 24       		.byte	36
 445 01a0 0E       		.byte	14
 446 01a1 40       		.byte	64
 447 01a2 0F       		.byte	15
 448 01a3 20       		.byte	32
 449 01a4 10       		.byte	16
 450 01a5 A0       		.byte	-96
 451 01a6 12       		.byte	18
 452 01a7 02       		.byte	2
 453 01a8 13       		.byte	19
 454 01a9 10       		.byte	16
 455 01aa 14       		.byte	20
 456 01ab 01       		.byte	1
ARM GAS  C:\Users\marco\AppData\Local\Temp\ccZEwFjH.s 			page 9


 457 01ac 16       		.byte	22
 458 01ad 01       		.byte	1
 459 01ae 17       		.byte	23
 460 01af 80       		.byte	-128
 461 01b0 18       		.byte	24
 462 01b1 84       		.byte	-124
 463 01b2 19       		.byte	25
 464 01b3 A0       		.byte	-96
 465 01b4 1A       		.byte	26
 466 01b5 40       		.byte	64
 467 01b6 1B       		.byte	27
 468 01b7 12       		.byte	18
 469 01b8 1D       		.byte	29
 470 01b9 10       		.byte	16
 471 01ba 22       		.byte	34
 472 01bb 10       		.byte	16
 473 01bc 23       		.byte	35
 474 01bd 0A       		.byte	10
 475 01be 29       		.byte	41
 476 01bf A0       		.byte	-96
 477 01c0 2A       		.byte	42
 478 01c1 04       		.byte	4
 479 01c2 2B       		.byte	43
 480 01c3 80       		.byte	-128
 481 01c4 30       		.byte	48
 482 01c5 90       		.byte	-112
 483 01c6 32       		.byte	50
 484 01c7 02       		.byte	2
 485 01c8 33       		.byte	51
 486 01c9 08       		.byte	8
 487 01ca 38       		.byte	56
 488 01cb A8       		.byte	-88
 489 01cc 3A       		.byte	58
 490 01cd 01       		.byte	1
 491 01ce 59       		.byte	89
 492 01cf 10       		.byte	16
 493 01d0 69       		.byte	105
 494 01d1 04       		.byte	4
 495 01d2 6A       		.byte	106
 496 01d3 90       		.byte	-112
 497 01d4 70       		.byte	112
 498 01d5 B4       		.byte	-76
 499 01d6 73       		.byte	115
 500 01d7 10       		.byte	16
 501 01d8 88       		.byte	-120
 502 01d9 01       		.byte	1
 503 01da 8B       		.byte	-117
 504 01db 80       		.byte	-128
 505 01dc 92       		.byte	-110
 506 01dd 04       		.byte	4
 507 01de 95       		.byte	-107
 508 01df 04       		.byte	4
 509 01e0 96       		.byte	-106
 510 01e1 D0       		.byte	-48
 511 01e2 97       		.byte	-105
 512 01e3 10       		.byte	16
 513 01e4 9B       		.byte	-101
ARM GAS  C:\Users\marco\AppData\Local\Temp\ccZEwFjH.s 			page 10


 514 01e5 80       		.byte	-128
 515 01e6 9D       		.byte	-99
 516 01e7 20       		.byte	32
 517 01e8 9E       		.byte	-98
 518 01e9 05       		.byte	5
 519 01ea 9F       		.byte	-97
 520 01eb 0A       		.byte	10
 521 01ec A2       		.byte	-94
 522 01ed 02       		.byte	2
 523 01ee A3       		.byte	-93
 524 01ef 08       		.byte	8
 525 01f0 A4       		.byte	-92
 526 01f1 A1       		.byte	-95
 527 01f2 C0       		.byte	-64
 528 01f3 4F       		.byte	79
 529 01f4 C2       		.byte	-62
 530 01f5 3E       		.byte	62
 531 01f6 C4       		.byte	-60
 532 01f7 8F       		.byte	-113
 533 01f8 CA       		.byte	-54
 534 01f9 0F       		.byte	15
 535 01fa CC       		.byte	-52
 536 01fb 0F       		.byte	15
 537 01fc CE       		.byte	-50
 538 01fd 0F       		.byte	15
 539 01fe D6       		.byte	-42
 540 01ff 04       		.byte	4
 541 0200 10       		.byte	16
 542 0201 40       		.byte	64
 543 0202 88       		.byte	-120
 544 0203 40       		.byte	64
 545 0204 C4       		.byte	-60
 546 0205 08       		.byte	8
 547 0206 E2       		.byte	-30
 548 0207 01       		.byte	1
 549 0208 10       		.byte	16
 550 0209 01       		.byte	1
 551 020a 1C       		.byte	28
 552 020b 01       		.byte	1
 553 020c 40       		.byte	64
 554 020d 00       		.byte	0
 555 020e 00       		.byte	0
 556 020f 00       		.byte	0
 557 0210 00       		.byte	0
 558 0211 00       		.byte	0
 559 0212 00       		.byte	0
 560 0213 00       		.byte	0
 561 0214 00       		.byte	0
 562 0215 0B       		.byte	11
 563 0216 0B       		.byte	11
 564 0217 00       		.byte	0
 565 0218 00       		.byte	0
 566 0219 00       		.byte	0
 567 021a 00       		.byte	0
 568 021b 00       		.byte	0
 569 021c 00       		.byte	0
 570 021d 02       		.byte	2
ARM GAS  C:\Users\marco\AppData\Local\Temp\ccZEwFjH.s 			page 11


 571 021e 02       		.byte	2
 572 021f 00       		.byte	0
 573 0220 00       		.byte	0
 574 0221 00       		.byte	0
 575 0222 00       		.byte	0
 576 0223 00       		.byte	0
 577              		.section	.cywolatch,"a",%progbits
 578              		.align	2
 579              		.type	cy_meta_wonvl, %object
 580              		.size	cy_meta_wonvl, 4
 581              	cy_meta_wonvl:
 582 0000 BC       		.byte	-68
 583 0001 90       		.byte	-112
 584 0002 AC       		.byte	-84
 585 0003 AF       		.byte	-81
 586              		.section	.cycustnvl,"a",%progbits
 587              		.align	2
 588              		.type	cy_meta_custnvl, %object
 589              		.size	cy_meta_custnvl, 4
 590              	cy_meta_custnvl:
 591 0000 00       		.byte	0
 592 0001 00       		.byte	0
 593 0002 40       		.byte	64
 594 0003 05       		.byte	5
 595              		.section	.cymeta,"a",%progbits
 596              		.align	2
 597              		.type	cy_metadata, %object
 598              		.size	cy_metadata, 12
 599              	cy_metadata:
 600 0000 00       		.byte	0
 601 0001 01       		.byte	1
 602 0002 2E       		.byte	46
 603 0003 16       		.byte	22
 604 0004 10       		.byte	16
 605 0005 69       		.byte	105
 606 0006 00       		.byte	0
 607 0007 01       		.byte	1
 608 0008 00       		.byte	0
 609 0009 00       		.byte	0
 610 000a 00       		.byte	0
 611 000b 00       		.byte	0
 612              		.section	.cyflashprotect,"a",%progbits
 613              		.align	2
 614              		.type	cy_meta_flashprotect, %object
 615              		.size	cy_meta_flashprotect, 256
 616              	cy_meta_flashprotect:
 617 0000 00000000 		.space	256
 617      00000000 
 617      00000000 
 617      00000000 
 617      00000000 
 618              		.text
 619              	.Letext0:
 620              		.file 1 "c:\\program files (x86)\\cypress\\psoc creator\\4.4\\psoc creator\\import\\gnu\\arm\\5.4.
 621              		.file 2 "c:\\program files (x86)\\cypress\\psoc creator\\4.4\\psoc creator\\import\\gnu\\arm\\5.4.
 622              		.file 3 "Generated_Source\\PSoC5\\cymetadata.c"
 623              		.section	.debug_info,"",%progbits
ARM GAS  C:\Users\marco\AppData\Local\Temp\ccZEwFjH.s 			page 12


 624              	.Ldebug_info0:
 625 0000 31010000 		.4byte	0x131
 626 0004 0400     		.2byte	0x4
 627 0006 00000000 		.4byte	.Ldebug_abbrev0
 628 000a 04       		.byte	0x4
 629 000b 01       		.uleb128 0x1
 630 000c 71000000 		.4byte	.LASF17
 631 0010 0C       		.byte	0xc
 632 0011 CB010000 		.4byte	.LASF18
 633 0015 0A000000 		.4byte	.LASF19
 634 0019 00000000 		.4byte	.Ldebug_line0
 635 001d 02       		.uleb128 0x2
 636 001e 01       		.byte	0x1
 637 001f 06       		.byte	0x6
 638 0020 BF010000 		.4byte	.LASF0
 639 0024 03       		.uleb128 0x3
 640 0025 00000000 		.4byte	.LASF9
 641 0029 01       		.byte	0x1
 642 002a 1D       		.byte	0x1d
 643 002b 2F000000 		.4byte	0x2f
 644 002f 02       		.uleb128 0x2
 645 0030 01       		.byte	0x1
 646 0031 08       		.byte	0x8
 647 0032 63000000 		.4byte	.LASF1
 648 0036 02       		.uleb128 0x2
 649 0037 02       		.byte	0x2
 650 0038 05       		.byte	0x5
 651 0039 AC010000 		.4byte	.LASF2
 652 003d 02       		.uleb128 0x2
 653 003e 02       		.byte	0x2
 654 003f 07       		.byte	0x7
 655 0040 11010000 		.4byte	.LASF3
 656 0044 02       		.uleb128 0x2
 657 0045 04       		.byte	0x4
 658 0046 05       		.byte	0x5
 659 0047 B6010000 		.4byte	.LASF4
 660 004b 02       		.uleb128 0x2
 661 004c 04       		.byte	0x4
 662 004d 07       		.byte	0x7
 663 004e FF000000 		.4byte	.LASF5
 664 0052 02       		.uleb128 0x2
 665 0053 08       		.byte	0x8
 666 0054 05       		.byte	0x5
 667 0055 9E010000 		.4byte	.LASF6
 668 0059 02       		.uleb128 0x2
 669 005a 08       		.byte	0x8
 670 005b 07       		.byte	0x7
 671 005c 53010000 		.4byte	.LASF7
 672 0060 04       		.uleb128 0x4
 673 0061 04       		.byte	0x4
 674 0062 05       		.byte	0x5
 675 0063 696E7400 		.ascii	"int\000"
 676 0067 02       		.uleb128 0x2
 677 0068 04       		.byte	0x4
 678 0069 07       		.byte	0x7
 679 006a 46010000 		.4byte	.LASF8
 680 006e 03       		.uleb128 0x3
ARM GAS  C:\Users\marco\AppData\Local\Temp\ccZEwFjH.s 			page 13


 681 006f 6A010000 		.4byte	.LASF10
 682 0073 02       		.byte	0x2
 683 0074 18       		.byte	0x18
 684 0075 24000000 		.4byte	0x24
 685 0079 05       		.uleb128 0x5
 686 007a 91000000 		.4byte	0x91
 687 007e 8A000000 		.4byte	0x8a
 688 0082 06       		.uleb128 0x6
 689 0083 8A000000 		.4byte	0x8a
 690 0087 2302     		.2byte	0x223
 691 0089 00       		.byte	0
 692 008a 02       		.uleb128 0x2
 693 008b 04       		.byte	0x4
 694 008c 07       		.byte	0x7
 695 008d 95010000 		.4byte	.LASF11
 696 0091 07       		.uleb128 0x7
 697 0092 6E000000 		.4byte	0x6e
 698 0096 08       		.uleb128 0x8
 699 0097 34010000 		.4byte	.LASF12
 700 009b 03       		.byte	0x3
 701 009c 1F       		.byte	0x1f
 702 009d A7000000 		.4byte	0xa7
 703 00a1 05       		.uleb128 0x5
 704 00a2 03       		.byte	0x3
 705 00a3 00000000 		.4byte	cy_meta_configecc
 706 00a7 07       		.uleb128 0x7
 707 00a8 79000000 		.4byte	0x79
 708 00ac 05       		.uleb128 0x5
 709 00ad 91000000 		.4byte	0x91
 710 00b1 BC000000 		.4byte	0xbc
 711 00b5 09       		.uleb128 0x9
 712 00b6 8A000000 		.4byte	0x8a
 713 00ba 03       		.byte	0x3
 714 00bb 00       		.byte	0
 715 00bc 08       		.uleb128 0x8
 716 00bd 24010000 		.4byte	.LASF13
 717 00c1 03       		.byte	0x3
 718 00c2 71       		.byte	0x71
 719 00c3 CD000000 		.4byte	0xcd
 720 00c7 05       		.uleb128 0x5
 721 00c8 03       		.byte	0x3
 722 00c9 00000000 		.4byte	cy_meta_custnvl
 723 00cd 07       		.uleb128 0x7
 724 00ce AC000000 		.4byte	0xac
 725 00d2 08       		.uleb128 0x8
 726 00d3 87010000 		.4byte	.LASF14
 727 00d7 03       		.byte	0x3
 728 00d8 7F       		.byte	0x7f
 729 00d9 E3000000 		.4byte	0xe3
 730 00dd 05       		.uleb128 0x5
 731 00de 03       		.byte	0x3
 732 00df 00000000 		.4byte	cy_meta_wonvl
 733 00e3 07       		.uleb128 0x7
 734 00e4 AC000000 		.4byte	0xac
 735 00e8 05       		.uleb128 0x5
 736 00e9 91000000 		.4byte	0x91
 737 00ed F8000000 		.4byte	0xf8
ARM GAS  C:\Users\marco\AppData\Local\Temp\ccZEwFjH.s 			page 14


 738 00f1 09       		.uleb128 0x9
 739 00f2 8A000000 		.4byte	0x8a
 740 00f6 FF       		.byte	0xff
 741 00f7 00       		.byte	0
 742 00f8 08       		.uleb128 0x8
 743 00f9 72010000 		.4byte	.LASF15
 744 00fd 03       		.byte	0x3
 745 00fe 8D       		.byte	0x8d
 746 00ff 09010000 		.4byte	0x109
 747 0103 05       		.uleb128 0x5
 748 0104 03       		.byte	0x3
 749 0105 00000000 		.4byte	cy_meta_flashprotect
 750 0109 07       		.uleb128 0x7
 751 010a E8000000 		.4byte	0xe8
 752 010e 05       		.uleb128 0x5
 753 010f 91000000 		.4byte	0x91
 754 0113 1E010000 		.4byte	0x11e
 755 0117 09       		.uleb128 0x9
 756 0118 8A000000 		.4byte	0x8a
 757 011c 0B       		.byte	0xb
 758 011d 00       		.byte	0
 759 011e 08       		.uleb128 0x8
 760 011f 57000000 		.4byte	.LASF16
 761 0123 03       		.byte	0x3
 762 0124 BA       		.byte	0xba
 763 0125 2F010000 		.4byte	0x12f
 764 0129 05       		.uleb128 0x5
 765 012a 03       		.byte	0x3
 766 012b 00000000 		.4byte	cy_metadata
 767 012f 07       		.uleb128 0x7
 768 0130 0E010000 		.4byte	0x10e
 769 0134 00       		.byte	0
 770              		.section	.debug_abbrev,"",%progbits
 771              	.Ldebug_abbrev0:
 772 0000 01       		.uleb128 0x1
 773 0001 11       		.uleb128 0x11
 774 0002 01       		.byte	0x1
 775 0003 25       		.uleb128 0x25
 776 0004 0E       		.uleb128 0xe
 777 0005 13       		.uleb128 0x13
 778 0006 0B       		.uleb128 0xb
 779 0007 03       		.uleb128 0x3
 780 0008 0E       		.uleb128 0xe
 781 0009 1B       		.uleb128 0x1b
 782 000a 0E       		.uleb128 0xe
 783 000b 10       		.uleb128 0x10
 784 000c 17       		.uleb128 0x17
 785 000d 00       		.byte	0
 786 000e 00       		.byte	0
 787 000f 02       		.uleb128 0x2
 788 0010 24       		.uleb128 0x24
 789 0011 00       		.byte	0
 790 0012 0B       		.uleb128 0xb
 791 0013 0B       		.uleb128 0xb
 792 0014 3E       		.uleb128 0x3e
 793 0015 0B       		.uleb128 0xb
 794 0016 03       		.uleb128 0x3
ARM GAS  C:\Users\marco\AppData\Local\Temp\ccZEwFjH.s 			page 15


 795 0017 0E       		.uleb128 0xe
 796 0018 00       		.byte	0
 797 0019 00       		.byte	0
 798 001a 03       		.uleb128 0x3
 799 001b 16       		.uleb128 0x16
 800 001c 00       		.byte	0
 801 001d 03       		.uleb128 0x3
 802 001e 0E       		.uleb128 0xe
 803 001f 3A       		.uleb128 0x3a
 804 0020 0B       		.uleb128 0xb
 805 0021 3B       		.uleb128 0x3b
 806 0022 0B       		.uleb128 0xb
 807 0023 49       		.uleb128 0x49
 808 0024 13       		.uleb128 0x13
 809 0025 00       		.byte	0
 810 0026 00       		.byte	0
 811 0027 04       		.uleb128 0x4
 812 0028 24       		.uleb128 0x24
 813 0029 00       		.byte	0
 814 002a 0B       		.uleb128 0xb
 815 002b 0B       		.uleb128 0xb
 816 002c 3E       		.uleb128 0x3e
 817 002d 0B       		.uleb128 0xb
 818 002e 03       		.uleb128 0x3
 819 002f 08       		.uleb128 0x8
 820 0030 00       		.byte	0
 821 0031 00       		.byte	0
 822 0032 05       		.uleb128 0x5
 823 0033 01       		.uleb128 0x1
 824 0034 01       		.byte	0x1
 825 0035 49       		.uleb128 0x49
 826 0036 13       		.uleb128 0x13
 827 0037 01       		.uleb128 0x1
 828 0038 13       		.uleb128 0x13
 829 0039 00       		.byte	0
 830 003a 00       		.byte	0
 831 003b 06       		.uleb128 0x6
 832 003c 21       		.uleb128 0x21
 833 003d 00       		.byte	0
 834 003e 49       		.uleb128 0x49
 835 003f 13       		.uleb128 0x13
 836 0040 2F       		.uleb128 0x2f
 837 0041 05       		.uleb128 0x5
 838 0042 00       		.byte	0
 839 0043 00       		.byte	0
 840 0044 07       		.uleb128 0x7
 841 0045 26       		.uleb128 0x26
 842 0046 00       		.byte	0
 843 0047 49       		.uleb128 0x49
 844 0048 13       		.uleb128 0x13
 845 0049 00       		.byte	0
 846 004a 00       		.byte	0
 847 004b 08       		.uleb128 0x8
 848 004c 34       		.uleb128 0x34
 849 004d 00       		.byte	0
 850 004e 03       		.uleb128 0x3
 851 004f 0E       		.uleb128 0xe
ARM GAS  C:\Users\marco\AppData\Local\Temp\ccZEwFjH.s 			page 16


 852 0050 3A       		.uleb128 0x3a
 853 0051 0B       		.uleb128 0xb
 854 0052 3B       		.uleb128 0x3b
 855 0053 0B       		.uleb128 0xb
 856 0054 49       		.uleb128 0x49
 857 0055 13       		.uleb128 0x13
 858 0056 3F       		.uleb128 0x3f
 859 0057 19       		.uleb128 0x19
 860 0058 02       		.uleb128 0x2
 861 0059 18       		.uleb128 0x18
 862 005a 00       		.byte	0
 863 005b 00       		.byte	0
 864 005c 09       		.uleb128 0x9
 865 005d 21       		.uleb128 0x21
 866 005e 00       		.byte	0
 867 005f 49       		.uleb128 0x49
 868 0060 13       		.uleb128 0x13
 869 0061 2F       		.uleb128 0x2f
 870 0062 0B       		.uleb128 0xb
 871 0063 00       		.byte	0
 872 0064 00       		.byte	0
 873 0065 00       		.byte	0
 874              		.section	.debug_aranges,"",%progbits
 875 0000 14000000 		.4byte	0x14
 876 0004 0200     		.2byte	0x2
 877 0006 00000000 		.4byte	.Ldebug_info0
 878 000a 04       		.byte	0x4
 879 000b 00       		.byte	0
 880 000c 0000     		.2byte	0
 881 000e 0000     		.2byte	0
 882 0010 00000000 		.4byte	0
 883 0014 00000000 		.4byte	0
 884              		.section	.debug_line,"",%progbits
 885              	.Ldebug_line0:
 886 0000 3D010000 		.section	.debug_str,"MS",%progbits,1
 886      02003701 
 886      00000201 
 886      FB0E0D00 
 886      01010101 
 887              	.LASF9:
 888 0000 5F5F7569 		.ascii	"__uint8_t\000"
 888      6E74385F 
 888      7400
 889              	.LASF19:
 890 000a 433A5C55 		.ascii	"C:\\Users\\marco\\OneDrive\\Documenti\\PSoC Creator"
 890      73657273 
 890      5C6D6172 
 890      636F5C4F 
 890      6E654472 
 891 0038 5C50726F 		.ascii	"\\Prove_PSOC\\LED_GUI_LOOP.cydsn\000"
 891      76655F50 
 891      534F435C 
 891      4C45445F 
 891      4755495F 
 892              	.LASF16:
 893 0057 63795F6D 		.ascii	"cy_metadata\000"
 893      65746164 
ARM GAS  C:\Users\marco\AppData\Local\Temp\ccZEwFjH.s 			page 17


 893      61746100 
 894              	.LASF1:
 895 0063 756E7369 		.ascii	"unsigned char\000"
 895      676E6564 
 895      20636861 
 895      7200
 896              	.LASF17:
 897 0071 474E5520 		.ascii	"GNU C11 5.4.1 20160609 (release) [ARM/embedded-5-br"
 897      43313120 
 897      352E342E 
 897      31203230 
 897      31363036 
 898 00a4 616E6368 		.ascii	"anch revision 237715] -mcpu=cortex-m3 -mthumb -g -O"
 898      20726576 
 898      6973696F 
 898      6E203233 
 898      37373135 
 899 00d7 67202D66 		.ascii	"g -ffunction-sections -ffat-lto-objects\000"
 899      66756E63 
 899      74696F6E 
 899      2D736563 
 899      74696F6E 
 900              	.LASF5:
 901 00ff 6C6F6E67 		.ascii	"long unsigned int\000"
 901      20756E73 
 901      69676E65 
 901      6420696E 
 901      7400
 902              	.LASF3:
 903 0111 73686F72 		.ascii	"short unsigned int\000"
 903      7420756E 
 903      7369676E 
 903      65642069 
 903      6E7400
 904              	.LASF13:
 905 0124 63795F6D 		.ascii	"cy_meta_custnvl\000"
 905      6574615F 
 905      63757374 
 905      6E766C00 
 906              	.LASF12:
 907 0134 63795F6D 		.ascii	"cy_meta_configecc\000"
 907      6574615F 
 907      636F6E66 
 907      69676563 
 907      6300
 908              	.LASF8:
 909 0146 756E7369 		.ascii	"unsigned int\000"
 909      676E6564 
 909      20696E74 
 909      00
 910              	.LASF7:
 911 0153 6C6F6E67 		.ascii	"long long unsigned int\000"
 911      206C6F6E 
 911      6720756E 
 911      7369676E 
 911      65642069 
 912              	.LASF10:
ARM GAS  C:\Users\marco\AppData\Local\Temp\ccZEwFjH.s 			page 18


 913 016a 75696E74 		.ascii	"uint8_t\000"
 913      385F7400 
 914              	.LASF15:
 915 0172 63795F6D 		.ascii	"cy_meta_flashprotect\000"
 915      6574615F 
 915      666C6173 
 915      6870726F 
 915      74656374 
 916              	.LASF14:
 917 0187 63795F6D 		.ascii	"cy_meta_wonvl\000"
 917      6574615F 
 917      776F6E76 
 917      6C00
 918              	.LASF11:
 919 0195 73697A65 		.ascii	"sizetype\000"
 919      74797065 
 919      00
 920              	.LASF6:
 921 019e 6C6F6E67 		.ascii	"long long int\000"
 921      206C6F6E 
 921      6720696E 
 921      7400
 922              	.LASF2:
 923 01ac 73686F72 		.ascii	"short int\000"
 923      7420696E 
 923      7400
 924              	.LASF4:
 925 01b6 6C6F6E67 		.ascii	"long int\000"
 925      20696E74 
 925      00
 926              	.LASF0:
 927 01bf 7369676E 		.ascii	"signed char\000"
 927      65642063 
 927      68617200 
 928              	.LASF18:
 929 01cb 47656E65 		.ascii	"Generated_Source\\PSoC5\\cymetadata.c\000"
 929      72617465 
 929      645F536F 
 929      75726365 
 929      5C50536F 
 930              		.ident	"GCC: (GNU Tools for ARM Embedded Processors) 5.4.1 20160609 (release) [ARM/embedded-5-bran
