ARM GAS  C:\Users\marco\AppData\Local\Temp\ccgXlvEJ.s 			page 1


   1              		.syntax unified
   2              		.cpu cortex-m3
   3              		.fpu softvfp
   4              		.eabi_attribute 20, 1
   5              		.eabi_attribute 21, 1
   6              		.eabi_attribute 23, 3
   7              		.eabi_attribute 24, 1
   8              		.eabi_attribute 25, 1
   9              		.eabi_attribute 26, 1
  10              		.eabi_attribute 30, 1
  11              		.eabi_attribute 34, 1
  12              		.eabi_attribute 18, 4
  13              		.thumb
  14              		.syntax unified
  15              		.file	"cymetadata.c"
  16              		.text
  17              	.Ltext0:
  18              		.cfi_sections	.debug_frame
  19              		.global	cy_metadata
  20              		.global	cy_meta_flashprotect
  21              		.global	cy_meta_wonvl
  22              		.global	cy_meta_custnvl
  23              		.global	cy_meta_configecc
  24              		.section	.cyconfigecc,"a",%progbits
  25              		.align	2
  26              		.type	cy_meta_configecc, %object
  27              		.size	cy_meta_configecc, 1588
  28              	cy_meta_configecc:
  29 0000 01       		.byte	1
  30 0001 52       		.byte	82
  31 0002 00       		.byte	0
  32 0003 40       		.byte	64
  33 0004 01       		.byte	1
  34 0005 64       		.byte	100
  35 0006 00       		.byte	0
  36 0007 40       		.byte	64
  37 0008 02       		.byte	2
  38 0009 65       		.byte	101
  39 000a 00       		.byte	0
  40 000b 40       		.byte	64
  41 000c 53       		.byte	83
  42 000d 08       		.byte	8
  43 000e 01       		.byte	1
  44 000f 40       		.byte	64
  45 0010 41       		.byte	65
  46 0011 09       		.byte	9
  47 0012 01       		.byte	1
  48 0013 40       		.byte	64
  49 0014 45       		.byte	69
  50 0015 0A       		.byte	10
  51 0016 01       		.byte	1
  52 0017 40       		.byte	64
  53 0018 2B       		.byte	43
  54 0019 0B       		.byte	11
  55 001a 01       		.byte	1
  56 001b 40       		.byte	64
  57 001c 63       		.byte	99
ARM GAS  C:\Users\marco\AppData\Local\Temp\ccgXlvEJ.s 			page 2


  58 001d 0C       		.byte	12
  59 001e 01       		.byte	1
  60 001f 40       		.byte	64
  61 0020 3E       		.byte	62
  62 0021 0D       		.byte	13
  63 0022 01       		.byte	1
  64 0023 40       		.byte	64
  65 0024 01       		.byte	1
  66 0025 17       		.byte	23
  67 0026 01       		.byte	1
  68 0027 40       		.byte	64
  69 0028 3D       		.byte	61
  70 0029 18       		.byte	24
  71 002a 01       		.byte	1
  72 002b 40       		.byte	64
  73 002c 4E       		.byte	78
  74 002d 19       		.byte	25
  75 002e 01       		.byte	1
  76 002f 40       		.byte	64
  77 0030 4C       		.byte	76
  78 0031 1A       		.byte	26
  79 0032 01       		.byte	1
  80 0033 40       		.byte	64
  81 0034 46       		.byte	70
  82 0035 1B       		.byte	27
  83 0036 01       		.byte	1
  84 0037 40       		.byte	64
  85 0038 02       		.byte	2
  86 0039 40       		.byte	64
  87 003a 01       		.byte	1
  88 003b 40       		.byte	64
  89 003c 01       		.byte	1
  90 003d 41       		.byte	65
  91 003e 01       		.byte	1
  92 003f 40       		.byte	64
  93 0040 01       		.byte	1
  94 0041 42       		.byte	66
  95 0042 01       		.byte	1
  96 0043 40       		.byte	64
  97 0044 01       		.byte	1
  98 0045 43       		.byte	67
  99 0046 01       		.byte	1
 100 0047 40       		.byte	64
 101 0048 02       		.byte	2
 102 0049 44       		.byte	68
 103 004a 01       		.byte	1
 104 004b 40       		.byte	64
 105 004c 02       		.byte	2
 106 004d 45       		.byte	69
 107 004e 01       		.byte	1
 108 004f 40       		.byte	64
 109 0050 03       		.byte	3
 110 0051 48       		.byte	72
 111 0052 01       		.byte	1
 112 0053 40       		.byte	64
 113 0054 04       		.byte	4
 114 0055 4D       		.byte	77
ARM GAS  C:\Users\marco\AppData\Local\Temp\ccgXlvEJ.s 			page 3


 115 0056 01       		.byte	1
 116 0057 40       		.byte	64
 117 0058 05       		.byte	5
 118 0059 50       		.byte	80
 119 005a 01       		.byte	1
 120 005b 40       		.byte	64
 121 005c 01       		.byte	1
 122 005d 51       		.byte	81
 123 005e 01       		.byte	1
 124 005f 40       		.byte	64
 125 0060 64       		.byte	100
 126 0061 40       		.byte	64
 127 0062 8C       		.byte	-116
 128 0063 0F       		.byte	15
 129 0064 88       		.byte	-120
 130 0065 79       		.byte	121
 131 0066 8A       		.byte	-118
 132 0067 72       		.byte	114
 133 0068 04       		.byte	4
 134 0069 FF       		.byte	-1
 135 006a 0A       		.byte	10
 136 006b FF       		.byte	-1
 137 006c 0C       		.byte	12
 138 006d DB       		.byte	-37
 139 006e 0E       		.byte	14
 140 006f 24       		.byte	36
 141 0070 10       		.byte	16
 142 0071 FF       		.byte	-1
 143 0072 14       		.byte	20
 144 0073 92       		.byte	-110
 145 0074 16       		.byte	22
 146 0075 6D       		.byte	109
 147 0076 18       		.byte	24
 148 0077 24       		.byte	36
 149 0078 1A       		.byte	26
 150 0079 DB       		.byte	-37
 151 007a 1C       		.byte	28
 152 007b 6D       		.byte	109
 153 007c 1E       		.byte	30
 154 007d 92       		.byte	-110
 155 007e 22       		.byte	34
 156 007f 03       		.byte	3
 157 0080 26       		.byte	38
 158 0081 E0       		.byte	-32
 159 0082 2A       		.byte	42
 160 0083 1C       		.byte	28
 161 0084 36       		.byte	54
 162 0085 FF       		.byte	-1
 163 0086 3E       		.byte	62
 164 0087 40       		.byte	64
 165 0088 40       		.byte	64
 166 0089 23       		.byte	35
 167 008a 41       		.byte	65
 168 008b 05       		.byte	5
 169 008c 42       		.byte	66
 170 008d 04       		.byte	4
 171 008e 44       		.byte	68
ARM GAS  C:\Users\marco\AppData\Local\Temp\ccgXlvEJ.s 			page 4


 172 008f 01       		.byte	1
 173 0090 45       		.byte	69
 174 0091 0E       		.byte	14
 175 0092 47       		.byte	71
 176 0093 4C       		.byte	76
 177 0094 48       		.byte	72
 178 0095 35       		.byte	53
 179 0096 49       		.byte	73
 180 0097 FF       		.byte	-1
 181 0098 4A       		.byte	74
 182 0099 FF       		.byte	-1
 183 009a 4B       		.byte	75
 184 009b FF       		.byte	-1
 185 009c 4C       		.byte	76
 186 009d 62       		.byte	98
 187 009e 4D       		.byte	77
 188 009f A0       		.byte	-96
 189 00a0 4E       		.byte	78
 190 00a1 F0       		.byte	-16
 191 00a2 4F       		.byte	79
 192 00a3 41       		.byte	65
 193 00a4 50       		.byte	80
 194 00a5 0C       		.byte	12
 195 00a6 52       		.byte	82
 196 00a7 E0       		.byte	-32
 197 00a8 58       		.byte	88
 198 00a9 04       		.byte	4
 199 00aa 5A       		.byte	90
 200 00ab 04       		.byte	4
 201 00ac 5B       		.byte	91
 202 00ad 04       		.byte	4
 203 00ae 5F       		.byte	95
 204 00af 01       		.byte	1
 205 00b0 66       		.byte	102
 206 00b1 40       		.byte	64
 207 00b2 67       		.byte	103
 208 00b3 02       		.byte	2
 209 00b4 69       		.byte	105
 210 00b5 10       		.byte	16
 211 00b6 6A       		.byte	106
 212 00b7 30       		.byte	48
 213 00b8 6B       		.byte	107
 214 00b9 10       		.byte	16
 215 00ba 6D       		.byte	109
 216 00bb 10       		.byte	16
 217 00bc 6E       		.byte	110
 218 00bd 10       		.byte	16
 219 00be 6F       		.byte	111
 220 00bf 12       		.byte	18
 221 00c0 81       		.byte	-127
 222 00c1 09       		.byte	9
 223 00c2 82       		.byte	-126
 224 00c3 08       		.byte	8
 225 00c4 84       		.byte	-124
 226 00c5 0F       		.byte	15
 227 00c6 85       		.byte	-123
 228 00c7 02       		.byte	2
ARM GAS  C:\Users\marco\AppData\Local\Temp\ccgXlvEJ.s 			page 5


 229 00c8 86       		.byte	-122
 230 00c9 10       		.byte	16
 231 00ca 8A       		.byte	-118
 232 00cb 0F       		.byte	15
 233 00cc 8B       		.byte	-117
 234 00cd 08       		.byte	8
 235 00ce 8C       		.byte	-116
 236 00cf 10       		.byte	16
 237 00d0 8D       		.byte	-115
 238 00d1 0F       		.byte	15
 239 00d2 90       		.byte	-112
 240 00d3 1F       		.byte	31
 241 00d4 91       		.byte	-111
 242 00d5 06       		.byte	6
 243 00d6 93       		.byte	-109
 244 00d7 09       		.byte	9
 245 00d8 94       		.byte	-108
 246 00d9 10       		.byte	16
 247 00da 97       		.byte	-105
 248 00db 09       		.byte	9
 249 00dc 98       		.byte	-104
 250 00dd 10       		.byte	16
 251 00de 99       		.byte	-103
 252 00df 09       		.byte	9
 253 00e0 9A       		.byte	-102
 254 00e1 0F       		.byte	15
 255 00e2 9B       		.byte	-101
 256 00e3 06       		.byte	6
 257 00e4 9D       		.byte	-99
 258 00e5 04       		.byte	4
 259 00e6 9E       		.byte	-98
 260 00e7 08       		.byte	8
 261 00e8 A0       		.byte	-96
 262 00e9 01       		.byte	1
 263 00ea A2       		.byte	-94
 264 00eb 0C       		.byte	12
 265 00ec A3       		.byte	-93
 266 00ed 10       		.byte	16
 267 00ee A4       		.byte	-92
 268 00ef 10       		.byte	16
 269 00f0 A5       		.byte	-91
 270 00f1 0F       		.byte	15
 271 00f2 A8       		.byte	-88
 272 00f3 04       		.byte	4
 273 00f4 A9       		.byte	-87
 274 00f5 06       		.byte	6
 275 00f6 AA       		.byte	-86
 276 00f7 02       		.byte	2
 277 00f8 AC       		.byte	-84
 278 00f9 01       		.byte	1
 279 00fa AE       		.byte	-82
 280 00fb 02       		.byte	2
 281 00fc AF       		.byte	-81
 282 00fd 08       		.byte	8
 283 00fe B3       		.byte	-77
 284 00ff 18       		.byte	24
 285 0100 B5       		.byte	-75
ARM GAS  C:\Users\marco\AppData\Local\Temp\ccgXlvEJ.s 			page 6


 286 0101 07       		.byte	7
 287 0102 B6       		.byte	-74
 288 0103 1F       		.byte	31
 289 0104 BB       		.byte	-69
 290 0105 28       		.byte	40
 291 0106 BE       		.byte	-66
 292 0107 40       		.byte	64
 293 0108 D8       		.byte	-40
 294 0109 04       		.byte	4
 295 010a D9       		.byte	-39
 296 010b 04       		.byte	4
 297 010c DF       		.byte	-33
 298 010d 01       		.byte	1
 299 010e 00       		.byte	0
 300 010f 06       		.byte	6
 301 0110 02       		.byte	2
 302 0111 03       		.byte	3
 303 0112 03       		.byte	3
 304 0113 0C       		.byte	12
 305 0114 04       		.byte	4
 306 0115 04       		.byte	4
 307 0116 06       		.byte	6
 308 0117 01       		.byte	1
 309 0118 07       		.byte	7
 310 0119 14       		.byte	20
 311 011a 08       		.byte	8
 312 011b 48       		.byte	72
 313 011c 09       		.byte	9
 314 011d 40       		.byte	64
 315 011e 0A       		.byte	10
 316 011f 54       		.byte	84
 317 0120 0B       		.byte	11
 318 0121 C0       		.byte	-64
 319 0122 0E       		.byte	14
 320 0123 44       		.byte	68
 321 0124 0F       		.byte	15
 322 0125 11       		.byte	17
 323 0126 10       		.byte	16
 324 0127 02       		.byte	2
 325 0128 13       		.byte	19
 326 0129 26       		.byte	38
 327 012a 16       		.byte	22
 328 012b 40       		.byte	64
 329 012c 17       		.byte	23
 330 012d 28       		.byte	40
 331 012e 18       		.byte	24
 332 012f 02       		.byte	2
 333 0130 1F       		.byte	31
 334 0131 80       		.byte	-128
 335 0132 20       		.byte	32
 336 0133 04       		.byte	4
 337 0134 22       		.byte	34
 338 0135 30       		.byte	48
 339 0136 23       		.byte	35
 340 0137 10       		.byte	16
 341 0138 28       		.byte	40
 342 0139 18       		.byte	24
ARM GAS  C:\Users\marco\AppData\Local\Temp\ccgXlvEJ.s 			page 7


 343 013a 2A       		.byte	42
 344 013b 40       		.byte	64
 345 013c 2B       		.byte	43
 346 013d 80       		.byte	-128
 347 013e 30       		.byte	48
 348 013f 80       		.byte	-128
 349 0140 32       		.byte	50
 350 0141 12       		.byte	18
 351 0142 33       		.byte	51
 352 0143 08       		.byte	8
 353 0144 3A       		.byte	58
 354 0145 80       		.byte	-128
 355 0146 3B       		.byte	59
 356 0147 15       		.byte	21
 357 0148 45       		.byte	69
 358 0149 80       		.byte	-128
 359 014a 47       		.byte	71
 360 014b 15       		.byte	21
 361 014c 4D       		.byte	77
 362 014d 04       		.byte	4
 363 014e 4F       		.byte	79
 364 014f 40       		.byte	64
 365 0150 55       		.byte	85
 366 0151 41       		.byte	65
 367 0152 56       		.byte	86
 368 0153 04       		.byte	4
 369 0154 57       		.byte	87
 370 0155 02       		.byte	2
 371 0156 74       		.byte	116
 372 0157 06       		.byte	6
 373 0158 76       		.byte	118
 374 0159 58       		.byte	88
 375 015a 77       		.byte	119
 376 015b 28       		.byte	40
 377 015c 89       		.byte	-119
 378 015d 10       		.byte	16
 379 015e 8A       		.byte	-118
 380 015f 08       		.byte	8
 381 0160 8B       		.byte	-117
 382 0161 03       		.byte	3
 383 0162 90       		.byte	-112
 384 0163 40       		.byte	64
 385 0164 91       		.byte	-111
 386 0165 20       		.byte	32
 387 0166 93       		.byte	-109
 388 0167 88       		.byte	-120
 389 0168 95       		.byte	-107
 390 0169 04       		.byte	4
 391 016a 96       		.byte	-106
 392 016b 14       		.byte	20
 393 016c 97       		.byte	-105
 394 016d 15       		.byte	21
 395 016e 99       		.byte	-103
 396 016f 04       		.byte	4
 397 0170 9A       		.byte	-102
 398 0171 80       		.byte	-128
 399 0172 9C       		.byte	-100
ARM GAS  C:\Users\marco\AppData\Local\Temp\ccgXlvEJ.s 			page 8


 400 0173 40       		.byte	64
 401 0174 9E       		.byte	-98
 402 0175 79       		.byte	121
 403 0176 A4       		.byte	-92
 404 0177 83       		.byte	-125
 405 0178 A5       		.byte	-91
 406 0179 01       		.byte	1
 407 017a A6       		.byte	-90
 408 017b 22       		.byte	34
 409 017c A7       		.byte	-89
 410 017d 08       		.byte	8
 411 017e B2       		.byte	-78
 412 017f 84       		.byte	-124
 413 0180 C0       		.byte	-64
 414 0181 EF       		.byte	-17
 415 0182 C2       		.byte	-62
 416 0183 FF       		.byte	-1
 417 0184 C4       		.byte	-60
 418 0185 7F       		.byte	127
 419 0186 CA       		.byte	-54
 420 0187 0F       		.byte	15
 421 0188 CC       		.byte	-52
 422 0189 0F       		.byte	15
 423 018a CE       		.byte	-50
 424 018b 0F       		.byte	15
 425 018c D0       		.byte	-48
 426 018d F0       		.byte	-16
 427 018e D2       		.byte	-46
 428 018f 10       		.byte	16
 429 0190 01       		.byte	1
 430 0191 02       		.byte	2
 431 0192 02       		.byte	2
 432 0193 08       		.byte	8
 433 0194 03       		.byte	3
 434 0195 01       		.byte	1
 435 0196 04       		.byte	4
 436 0197 04       		.byte	4
 437 0198 05       		.byte	5
 438 0199 04       		.byte	4
 439 019a 06       		.byte	6
 440 019b 02       		.byte	2
 441 019c 09       		.byte	9
 442 019d 04       		.byte	4
 443 019e 0A       		.byte	10
 444 019f 0F       		.byte	15
 445 01a0 0C       		.byte	12
 446 01a1 3F       		.byte	63
 447 01a2 0D       		.byte	13
 448 01a3 04       		.byte	4
 449 01a4 0F       		.byte	15
 450 01a5 03       		.byte	3
 451 01a6 11       		.byte	17
 452 01a7 07       		.byte	7
 453 01a8 12       		.byte	18
 454 01a9 08       		.byte	8
 455 01aa 14       		.byte	20
 456 01ab 10       		.byte	16
ARM GAS  C:\Users\marco\AppData\Local\Temp\ccgXlvEJ.s 			page 9


 457 01ac 17       		.byte	23
 458 01ad 01       		.byte	1
 459 01ae 18       		.byte	24
 460 01af 30       		.byte	48
 461 01b0 19       		.byte	25
 462 01b1 03       		.byte	3
 463 01b2 1A       		.byte	26
 464 01b3 0F       		.byte	15
 465 01b4 1B       		.byte	27
 466 01b5 04       		.byte	4
 467 01b6 1C       		.byte	28
 468 01b7 3F       		.byte	63
 469 01b8 1D       		.byte	29
 470 01b9 07       		.byte	7
 471 01ba 20       		.byte	32
 472 01bb 10       		.byte	16
 473 01bc 23       		.byte	35
 474 01bd 01       		.byte	1
 475 01be 24       		.byte	36
 476 01bf 2F       		.byte	47
 477 01c0 26       		.byte	38
 478 01c1 10       		.byte	16
 479 01c2 27       		.byte	39
 480 01c3 03       		.byte	3
 481 01c4 28       		.byte	40
 482 01c5 01       		.byte	1
 483 01c6 2A       		.byte	42
 484 01c7 0C       		.byte	12
 485 01c8 2B       		.byte	43
 486 01c9 02       		.byte	2
 487 01ca 2C       		.byte	44
 488 01cb 01       		.byte	1
 489 01cc 2E       		.byte	46
 490 01cd 02       		.byte	2
 491 01ce 2F       		.byte	47
 492 01cf 08       		.byte	8
 493 01d0 32       		.byte	50
 494 01d1 20       		.byte	32
 495 01d2 35       		.byte	53
 496 01d3 0F       		.byte	15
 497 01d4 36       		.byte	54
 498 01d5 1F       		.byte	31
 499 01d6 3E       		.byte	62
 500 01d7 44       		.byte	68
 501 01d8 58       		.byte	88
 502 01d9 04       		.byte	4
 503 01da 59       		.byte	89
 504 01db 04       		.byte	4
 505 01dc 5F       		.byte	95
 506 01dd 01       		.byte	1
 507 01de 80       		.byte	-128
 508 01df 0E       		.byte	14
 509 01e0 84       		.byte	-124
 510 01e1 10       		.byte	16
 511 01e2 86       		.byte	-122
 512 01e3 04       		.byte	4
 513 01e4 87       		.byte	-121
ARM GAS  C:\Users\marco\AppData\Local\Temp\ccgXlvEJ.s 			page 10


 514 01e5 01       		.byte	1
 515 01e6 88       		.byte	-120
 516 01e7 10       		.byte	16
 517 01e8 8A       		.byte	-118
 518 01e9 08       		.byte	8
 519 01ea 8E       		.byte	-114
 520 01eb 0E       		.byte	14
 521 01ec 90       		.byte	-112
 522 01ed 20       		.byte	32
 523 01ee 93       		.byte	-109
 524 01ef 01       		.byte	1
 525 01f0 96       		.byte	-106
 526 01f1 0E       		.byte	14
 527 01f2 99       		.byte	-103
 528 01f3 01       		.byte	1
 529 01f4 9A       		.byte	-102
 530 01f5 0E       		.byte	14
 531 01f6 9C       		.byte	-100
 532 01f7 0E       		.byte	14
 533 01f8 A0       		.byte	-96
 534 01f9 10       		.byte	16
 535 01fa A1       		.byte	-95
 536 01fb 01       		.byte	1
 537 01fc A2       		.byte	-94
 538 01fd 02       		.byte	2
 539 01fe A6       		.byte	-90
 540 01ff 01       		.byte	1
 541 0200 AA       		.byte	-86
 542 0201 0E       		.byte	14
 543 0202 AE       		.byte	-82
 544 0203 01       		.byte	1
 545 0204 B0       		.byte	-80
 546 0205 0E       		.byte	14
 547 0206 B1       		.byte	-79
 548 0207 01       		.byte	1
 549 0208 B2       		.byte	-78
 550 0209 01       		.byte	1
 551 020a B4       		.byte	-76
 552 020b 30       		.byte	48
 553 020c B8       		.byte	-72
 554 020d 20       		.byte	32
 555 020e B9       		.byte	-71
 556 020f 02       		.byte	2
 557 0210 BA       		.byte	-70
 558 0211 80       		.byte	-128
 559 0212 BE       		.byte	-66
 560 0213 14       		.byte	20
 561 0214 D8       		.byte	-40
 562 0215 04       		.byte	4
 563 0216 D9       		.byte	-39
 564 0217 04       		.byte	4
 565 0218 DF       		.byte	-33
 566 0219 01       		.byte	1
 567 021a 00       		.byte	0
 568 021b 02       		.byte	2
 569 021c 02       		.byte	2
 570 021d 16       		.byte	22
ARM GAS  C:\Users\marco\AppData\Local\Temp\ccgXlvEJ.s 			page 11


 571 021e 03       		.byte	3
 572 021f 08       		.byte	8
 573 0220 05       		.byte	5
 574 0221 02       		.byte	2
 575 0222 06       		.byte	6
 576 0223 19       		.byte	25
 577 0224 09       		.byte	9
 578 0225 01       		.byte	1
 579 0226 0A       		.byte	10
 580 0227 15       		.byte	21
 581 0228 0B       		.byte	11
 582 0229 20       		.byte	32
 583 022a 0E       		.byte	14
 584 022b 46       		.byte	70
 585 022c 0F       		.byte	15
 586 022d 10       		.byte	16
 587 022e 10       		.byte	16
 588 022f 86       		.byte	-122
 589 0230 12       		.byte	18
 590 0231 20       		.byte	32
 591 0232 15       		.byte	21
 592 0233 04       		.byte	4
 593 0234 16       		.byte	22
 594 0235 44       		.byte	68
 595 0236 17       		.byte	23
 596 0237 40       		.byte	64
 597 0238 19       		.byte	25
 598 0239 84       		.byte	-124
 599 023a 1E       		.byte	30
 600 023b 49       		.byte	73
 601 023c 1F       		.byte	31
 602 023d C4       		.byte	-60
 603 023e 21       		.byte	33
 604 023f 10       		.byte	16
 605 0240 27       		.byte	39
 606 0241 40       		.byte	64
 607 0242 28       		.byte	40
 608 0243 40       		.byte	64
 609 0244 29       		.byte	41
 610 0245 80       		.byte	-128
 611 0246 2A       		.byte	42
 612 0247 24       		.byte	36
 613 0248 2D       		.byte	45
 614 0249 02       		.byte	2
 615 024a 2F       		.byte	47
 616 024b 40       		.byte	64
 617 024c 30       		.byte	48
 618 024d 04       		.byte	4
 619 024e 32       		.byte	50
 620 024f 22       		.byte	34
 621 0250 33       		.byte	51
 622 0251 80       		.byte	-128
 623 0252 36       		.byte	54
 624 0253 22       		.byte	34
 625 0254 3A       		.byte	58
 626 0255 80       		.byte	-128
 627 0256 3B       		.byte	59
ARM GAS  C:\Users\marco\AppData\Local\Temp\ccgXlvEJ.s 			page 12


 628 0257 25       		.byte	37
 629 0258 3E       		.byte	62
 630 0259 04       		.byte	4
 631 025a 44       		.byte	68
 632 025b 04       		.byte	4
 633 025c 46       		.byte	70
 634 025d 08       		.byte	8
 635 025e 8C       		.byte	-116
 636 025f 40       		.byte	64
 637 0260 8E       		.byte	-114
 638 0261 25       		.byte	37
 639 0262 AF       		.byte	-81
 640 0263 12       		.byte	18
 641 0264 C0       		.byte	-64
 642 0265 FF       		.byte	-1
 643 0266 C2       		.byte	-62
 644 0267 FF       		.byte	-1
 645 0268 C4       		.byte	-60
 646 0269 FF       		.byte	-1
 647 026a CA       		.byte	-54
 648 026b 8F       		.byte	-113
 649 026c CC       		.byte	-52
 650 026d AF       		.byte	-81
 651 026e CE       		.byte	-50
 652 026f 4F       		.byte	79
 653 0270 06       		.byte	6
 654 0271 08       		.byte	8
 655 0272 07       		.byte	7
 656 0273 13       		.byte	19
 657 0274 08       		.byte	8
 658 0275 20       		.byte	32
 659 0276 0B       		.byte	11
 660 0277 08       		.byte	8
 661 0278 0C       		.byte	12
 662 0279 03       		.byte	3
 663 027a 0E       		.byte	14
 664 027b 14       		.byte	20
 665 027c 10       		.byte	16
 666 027d 03       		.byte	3
 667 027e 11       		.byte	17
 668 027f 11       		.byte	17
 669 0280 12       		.byte	18
 670 0281 0C       		.byte	12
 671 0282 13       		.byte	19
 672 0283 06       		.byte	6
 673 0284 15       		.byte	21
 674 0285 0C       		.byte	12
 675 0286 16       		.byte	22
 676 0287 18       		.byte	24
 677 0288 17       		.byte	23
 678 0289 13       		.byte	19
 679 028a 1B       		.byte	27
 680 028b 10       		.byte	16
 681 028c 21       		.byte	33
 682 028d 11       		.byte	17
 683 028e 23       		.byte	35
 684 028f 0E       		.byte	14
ARM GAS  C:\Users\marco\AppData\Local\Temp\ccgXlvEJ.s 			page 13


 685 0290 24       		.byte	36
 686 0291 1A       		.byte	26
 687 0292 26       		.byte	38
 688 0293 04       		.byte	4
 689 0294 27       		.byte	39
 690 0295 0C       		.byte	12
 691 0296 2A       		.byte	42
 692 0297 05       		.byte	5
 693 0298 30       		.byte	48
 694 0299 1C       		.byte	28
 695 029a 32       		.byte	50
 696 029b 03       		.byte	3
 697 029c 34       		.byte	52
 698 029d 20       		.byte	32
 699 029e 35       		.byte	53
 700 029f 0F       		.byte	15
 701 02a0 37       		.byte	55
 702 02a1 10       		.byte	16
 703 02a2 38       		.byte	56
 704 02a3 08       		.byte	8
 705 02a4 3A       		.byte	58
 706 02a5 02       		.byte	2
 707 02a6 3B       		.byte	59
 708 02a7 20       		.byte	32
 709 02a8 3E       		.byte	62
 710 02a9 14       		.byte	20
 711 02aa 3F       		.byte	63
 712 02ab 40       		.byte	64
 713 02ac 40       		.byte	64
 714 02ad 03       		.byte	3
 715 02ae 46       		.byte	70
 716 02af 40       		.byte	64
 717 02b0 49       		.byte	73
 718 02b1 FF       		.byte	-1
 719 02b2 4A       		.byte	74
 720 02b3 07       		.byte	7
 721 02b4 4B       		.byte	75
 722 02b5 FF       		.byte	-1
 723 02b6 4C       		.byte	76
 724 02b7 40       		.byte	64
 725 02b8 4D       		.byte	77
 726 02b9 20       		.byte	32
 727 02ba 4E       		.byte	78
 728 02bb F0       		.byte	-16
 729 02bc 4F       		.byte	79
 730 02bd 05       		.byte	5
 731 02be 50       		.byte	80
 732 02bf 08       		.byte	8
 733 02c0 54       		.byte	84
 734 02c1 01       		.byte	1
 735 02c2 58       		.byte	88
 736 02c3 04       		.byte	4
 737 02c4 59       		.byte	89
 738 02c5 04       		.byte	4
 739 02c6 5A       		.byte	90
 740 02c7 04       		.byte	4
 741 02c8 5B       		.byte	91
ARM GAS  C:\Users\marco\AppData\Local\Temp\ccgXlvEJ.s 			page 14


 742 02c9 04       		.byte	4
 743 02ca 5F       		.byte	95
 744 02cb 01       		.byte	1
 745 02cc 60       		.byte	96
 746 02cd 40       		.byte	64
 747 02ce 61       		.byte	97
 748 02cf A8       		.byte	-88
 749 02d0 62       		.byte	98
 750 02d1 40       		.byte	64
 751 02d2 63       		.byte	99
 752 02d3 20       		.byte	32
 753 02d4 84       		.byte	-124
 754 02d5 20       		.byte	32
 755 02d6 85       		.byte	-123
 756 02d7 28       		.byte	40
 757 02d8 86       		.byte	-122
 758 02d9 05       		.byte	5
 759 02da 89       		.byte	-119
 760 02db 20       		.byte	32
 761 02dc 8C       		.byte	-116
 762 02dd 13       		.byte	19
 763 02de 8D       		.byte	-115
 764 02df 20       		.byte	32
 765 02e0 8E       		.byte	-114
 766 02e1 04       		.byte	4
 767 02e2 8F       		.byte	-113
 768 02e3 18       		.byte	24
 769 02e4 90       		.byte	-112
 770 02e5 13       		.byte	19
 771 02e6 91       		.byte	-111
 772 02e7 01       		.byte	1
 773 02e8 92       		.byte	-110
 774 02e9 0C       		.byte	12
 775 02ea 93       		.byte	-109
 776 02eb 06       		.byte	6
 777 02ec 95       		.byte	-107
 778 02ed 38       		.byte	56
 779 02ee 97       		.byte	-105
 780 02ef 04       		.byte	4
 781 02f0 98       		.byte	-104
 782 02f1 0A       		.byte	10
 783 02f2 9A       		.byte	-102
 784 02f3 14       		.byte	20
 785 02f4 A1       		.byte	-95
 786 02f5 18       		.byte	24
 787 02f6 A3       		.byte	-93
 788 02f7 22       		.byte	34
 789 02f8 A4       		.byte	-92
 790 02f9 03       		.byte	3
 791 02fa A5       		.byte	-91
 792 02fb 12       		.byte	18
 793 02fc A6       		.byte	-90
 794 02fd 04       		.byte	4
 795 02fe A7       		.byte	-89
 796 02ff 20       		.byte	32
 797 0300 AA       		.byte	-86
 798 0301 08       		.byte	8
ARM GAS  C:\Users\marco\AppData\Local\Temp\ccgXlvEJ.s 			page 15


 799 0302 B0       		.byte	-80
 800 0303 0F       		.byte	15
 801 0304 B1       		.byte	-79
 802 0305 3E       		.byte	62
 803 0306 B4       		.byte	-76
 804 0307 30       		.byte	48
 805 0308 B7       		.byte	-73
 806 0309 01       		.byte	1
 807 030a B8       		.byte	-72
 808 030b 20       		.byte	32
 809 030c BA       		.byte	-70
 810 030d 02       		.byte	2
 811 030e BF       		.byte	-65
 812 030f 40       		.byte	64
 813 0310 C0       		.byte	-64
 814 0311 12       		.byte	18
 815 0312 C1       		.byte	-63
 816 0313 05       		.byte	5
 817 0314 C5       		.byte	-59
 818 0315 0C       		.byte	12
 819 0316 C6       		.byte	-58
 820 0317 E0       		.byte	-32
 821 0318 C7       		.byte	-57
 822 0319 0B       		.byte	11
 823 031a C8       		.byte	-56
 824 031b 19       		.byte	25
 825 031c C9       		.byte	-55
 826 031d FF       		.byte	-1
 827 031e CA       		.byte	-54
 828 031f FF       		.byte	-1
 829 0320 CB       		.byte	-53
 830 0321 FF       		.byte	-1
 831 0322 CE       		.byte	-50
 832 0323 F0       		.byte	-16
 833 0324 CF       		.byte	-49
 834 0325 44       		.byte	68
 835 0326 D0       		.byte	-48
 836 0327 0C       		.byte	12
 837 0328 D8       		.byte	-40
 838 0329 04       		.byte	4
 839 032a D9       		.byte	-39
 840 032b 04       		.byte	4
 841 032c DA       		.byte	-38
 842 032d 04       		.byte	4
 843 032e DF       		.byte	-33
 844 032f 01       		.byte	1
 845 0330 E6       		.byte	-26
 846 0331 C0       		.byte	-64
 847 0332 EA       		.byte	-22
 848 0333 40       		.byte	64
 849 0334 EB       		.byte	-21
 850 0335 02       		.byte	2
 851 0336 00       		.byte	0
 852 0337 08       		.byte	8
 853 0338 03       		.byte	3
 854 0339 02       		.byte	2
 855 033a 04       		.byte	4
ARM GAS  C:\Users\marco\AppData\Local\Temp\ccgXlvEJ.s 			page 16


 856 033b A0       		.byte	-96
 857 033c 06       		.byte	6
 858 033d 10       		.byte	16
 859 033e 08       		.byte	8
 860 033f 02       		.byte	2
 861 0340 09       		.byte	9
 862 0341 20       		.byte	32
 863 0342 0E       		.byte	14
 864 0343 40       		.byte	64
 865 0344 0F       		.byte	15
 866 0345 20       		.byte	32
 867 0346 12       		.byte	18
 868 0347 24       		.byte	36
 869 0348 16       		.byte	22
 870 0349 08       		.byte	8
 871 034a 17       		.byte	23
 872 034b 04       		.byte	4
 873 034c 18       		.byte	24
 874 034d 80       		.byte	-128
 875 034e 19       		.byte	25
 876 034f 01       		.byte	1
 877 0350 1A       		.byte	26
 878 0351 04       		.byte	4
 879 0352 1B       		.byte	27
 880 0353 10       		.byte	16
 881 0354 1D       		.byte	29
 882 0355 08       		.byte	8
 883 0356 1E       		.byte	30
 884 0357 48       		.byte	72
 885 0358 1F       		.byte	31
 886 0359 02       		.byte	2
 887 035a 21       		.byte	33
 888 035b 42       		.byte	66
 889 035c 25       		.byte	37
 890 035d 20       		.byte	32
 891 035e 26       		.byte	38
 892 035f 40       		.byte	64
 893 0360 27       		.byte	39
 894 0361 04       		.byte	4
 895 0362 28       		.byte	40
 896 0363 40       		.byte	64
 897 0364 2A       		.byte	42
 898 0365 04       		.byte	4
 899 0366 2B       		.byte	43
 900 0367 10       		.byte	16
 901 0368 2C       		.byte	44
 902 0369 40       		.byte	64
 903 036a 2E       		.byte	46
 904 036b 04       		.byte	4
 905 036c 31       		.byte	49
 906 036d 02       		.byte	2
 907 036e 33       		.byte	51
 908 036f 04       		.byte	4
 909 0370 34       		.byte	52
 910 0371 02       		.byte	2
 911 0372 35       		.byte	53
 912 0373 01       		.byte	1
ARM GAS  C:\Users\marco\AppData\Local\Temp\ccgXlvEJ.s 			page 17


 913 0374 36       		.byte	54
 914 0375 20       		.byte	32
 915 0376 37       		.byte	55
 916 0377 04       		.byte	4
 917 0378 38       		.byte	56
 918 0379 88       		.byte	-120
 919 037a 3A       		.byte	58
 920 037b 10       		.byte	16
 921 037c 3C       		.byte	60
 922 037d 20       		.byte	32
 923 037e 3E       		.byte	62
 924 037f 08       		.byte	8
 925 0380 40       		.byte	64
 926 0381 02       		.byte	2
 927 0382 42       		.byte	66
 928 0383 08       		.byte	8
 929 0384 45       		.byte	69
 930 0385 08       		.byte	8
 931 0386 49       		.byte	73
 932 0387 40       		.byte	64
 933 0388 4A       		.byte	74
 934 0389 30       		.byte	48
 935 038a 50       		.byte	80
 936 038b 14       		.byte	20
 937 038c 53       		.byte	83
 938 038d 10       		.byte	16
 939 038e 54       		.byte	84
 940 038f 14       		.byte	20
 941 0390 56       		.byte	86
 942 0391 18       		.byte	24
 943 0392 58       		.byte	88
 944 0393 40       		.byte	64
 945 0394 59       		.byte	89
 946 0395 40       		.byte	64
 947 0396 5A       		.byte	90
 948 0397 40       		.byte	64
 949 0398 5E       		.byte	94
 950 0399 A8       		.byte	-88
 951 039a 5F       		.byte	95
 952 039b 02       		.byte	2
 953 039c 81       		.byte	-127
 954 039d 40       		.byte	64
 955 039e C0       		.byte	-64
 956 039f E5       		.byte	-27
 957 03a0 C2       		.byte	-62
 958 03a1 3A       		.byte	58
 959 03a2 C4       		.byte	-60
 960 03a3 66       		.byte	102
 961 03a4 CA       		.byte	-54
 962 03a5 C3       		.byte	-61
 963 03a6 CC       		.byte	-52
 964 03a7 E3       		.byte	-29
 965 03a8 CE       		.byte	-50
 966 03a9 6E       		.byte	110
 967 03aa D0       		.byte	-48
 968 03ab 4C       		.byte	76
 969 03ac D2       		.byte	-46
ARM GAS  C:\Users\marco\AppData\Local\Temp\ccgXlvEJ.s 			page 18


 970 03ad 08       		.byte	8
 971 03ae D6       		.byte	-42
 972 03af F0       		.byte	-16
 973 03b0 E0       		.byte	-32
 974 03b1 01       		.byte	1
 975 03b2 E6       		.byte	-26
 976 03b3 08       		.byte	8
 977 03b4 01       		.byte	1
 978 03b5 22       		.byte	34
 979 03b6 03       		.byte	3
 980 03b7 05       		.byte	5
 981 03b8 05       		.byte	5
 982 03b9 0C       		.byte	12
 983 03ba 07       		.byte	7
 984 03bb 03       		.byte	3
 985 03bc 09       		.byte	9
 986 03bd 0A       		.byte	10
 987 03be 0D       		.byte	13
 988 03bf 01       		.byte	1
 989 03c0 13       		.byte	19
 990 03c1 30       		.byte	48
 991 03c2 15       		.byte	21
 992 03c3 0C       		.byte	12
 993 03c4 17       		.byte	23
 994 03c5 03       		.byte	3
 995 03c6 19       		.byte	25
 996 03c7 3F       		.byte	63
 997 03c8 1A       		.byte	26
 998 03c9 01       		.byte	1
 999 03ca 1D       		.byte	29
 1000 03cb 01       		.byte	1
 1001 03cc 21       		.byte	33
 1002 03cd 3F       		.byte	63
 1003 03ce 27       		.byte	39
 1004 03cf 3F       		.byte	63
 1005 03d0 2A       		.byte	42
 1006 03d1 01       		.byte	1
 1007 03d2 2B       		.byte	43
 1008 03d3 3F       		.byte	63
 1009 03d4 2D       		.byte	45
 1010 03d5 03       		.byte	3
 1011 03d6 2F       		.byte	47
 1012 03d7 0C       		.byte	12
 1013 03d8 30       		.byte	48
 1014 03d9 01       		.byte	1
 1015 03da 31       		.byte	49
 1016 03db 20       		.byte	32
 1017 03dc 35       		.byte	53
 1018 03dd 1F       		.byte	31
 1019 03de 3E       		.byte	62
 1020 03df 01       		.byte	1
 1021 03e0 3F       		.byte	63
 1022 03e1 10       		.byte	16
 1023 03e2 54       		.byte	84
 1024 03e3 59       		.byte	89
 1025 03e4 56       		.byte	86
 1026 03e5 04       		.byte	4
ARM GAS  C:\Users\marco\AppData\Local\Temp\ccgXlvEJ.s 			page 19


 1027 03e6 58       		.byte	88
 1028 03e7 04       		.byte	4
 1029 03e8 59       		.byte	89
 1030 03e9 04       		.byte	4
 1031 03ea 5B       		.byte	91
 1032 03eb 04       		.byte	4
 1033 03ec 5F       		.byte	95
 1034 03ed 01       		.byte	1
 1035 03ee 82       		.byte	-126
 1036 03ef 03       		.byte	3
 1037 03f0 83       		.byte	-125
 1038 03f1 04       		.byte	4
 1039 03f2 84       		.byte	-124
 1040 03f3 08       		.byte	8
 1041 03f4 87       		.byte	-121
 1042 03f5 08       		.byte	8
 1043 03f6 88       		.byte	-120
 1044 03f7 08       		.byte	8
 1045 03f8 8B       		.byte	-117
 1046 03f9 01       		.byte	1
 1047 03fa 8C       		.byte	-116
 1048 03fb 03       		.byte	3
 1049 03fc 8D       		.byte	-115
 1050 03fd 01       		.byte	1
 1051 03fe 90       		.byte	-112
 1052 03ff 03       		.byte	3
 1053 0400 93       		.byte	-109
 1054 0401 10       		.byte	16
 1055 0402 94       		.byte	-108
 1056 0403 03       		.byte	3
 1057 0404 95       		.byte	-107
 1058 0405 01       		.byte	1
 1059 0406 98       		.byte	-104
 1060 0407 01       		.byte	1
 1061 0408 9B       		.byte	-101
 1062 0409 01       		.byte	1
 1063 040a 9D       		.byte	-99
 1064 040b 01       		.byte	1
 1065 040c A0       		.byte	-96
 1066 040d 02       		.byte	2
 1067 040e A3       		.byte	-93
 1068 040f 02       		.byte	2
 1069 0410 A4       		.byte	-92
 1070 0411 03       		.byte	3
 1071 0412 A7       		.byte	-89
 1072 0413 10       		.byte	16
 1073 0414 AA       		.byte	-86
 1074 0415 04       		.byte	4
 1075 0416 AB       		.byte	-85
 1076 0417 01       		.byte	1
 1077 0418 AC       		.byte	-84
 1078 0419 08       		.byte	8
 1079 041a B1       		.byte	-79
 1080 041b 07       		.byte	7
 1081 041c B2       		.byte	-78
 1082 041d 08       		.byte	8
 1083 041e B4       		.byte	-76
ARM GAS  C:\Users\marco\AppData\Local\Temp\ccgXlvEJ.s 			page 20


 1084 041f 07       		.byte	7
 1085 0420 B7       		.byte	-73
 1086 0421 18       		.byte	24
 1087 0422 BA       		.byte	-70
 1088 0423 20       		.byte	32
 1089 0424 BB       		.byte	-69
 1090 0425 02       		.byte	2
 1091 0426 BF       		.byte	-65
 1092 0427 40       		.byte	64
 1093 0428 D8       		.byte	-40
 1094 0429 04       		.byte	4
 1095 042a D9       		.byte	-39
 1096 042b 04       		.byte	4
 1097 042c DF       		.byte	-33
 1098 042d 01       		.byte	1
 1099 042e 01       		.byte	1
 1100 042f 04       		.byte	4
 1101 0430 02       		.byte	2
 1102 0431 02       		.byte	2
 1103 0432 03       		.byte	3
 1104 0433 44       		.byte	68
 1105 0434 0A       		.byte	10
 1106 0435 10       		.byte	16
 1107 0436 0B       		.byte	11
 1108 0437 84       		.byte	-124
 1109 0438 0D       		.byte	13
 1110 0439 10       		.byte	16
 1111 043a 10       		.byte	16
 1112 043b 90       		.byte	-112
 1113 043c 11       		.byte	17
 1114 043d 60       		.byte	96
 1115 043e 16       		.byte	22
 1116 043f 04       		.byte	4
 1117 0440 1A       		.byte	26
 1118 0441 04       		.byte	4
 1119 0442 1B       		.byte	27
 1120 0443 28       		.byte	40
 1121 0444 1F       		.byte	31
 1122 0445 01       		.byte	1
 1123 0446 20       		.byte	32
 1124 0447 02       		.byte	2
 1125 0448 21       		.byte	33
 1126 0449 80       		.byte	-128
 1127 044a 22       		.byte	34
 1128 044b 02       		.byte	2
 1129 044c 23       		.byte	35
 1130 044d 01       		.byte	1
 1131 044e 25       		.byte	37
 1132 044f 10       		.byte	16
 1133 0450 26       		.byte	38
 1134 0451 01       		.byte	1
 1135 0452 28       		.byte	40
 1136 0453 20       		.byte	32
 1137 0454 29       		.byte	41
 1138 0455 02       		.byte	2
 1139 0456 2B       		.byte	43
 1140 0457 08       		.byte	8
ARM GAS  C:\Users\marco\AppData\Local\Temp\ccgXlvEJ.s 			page 21


 1141 0458 2C       		.byte	44
 1142 0459 12       		.byte	18
 1143 045a 2E       		.byte	46
 1144 045b 04       		.byte	4
 1145 045c 2F       		.byte	47
 1146 045d 48       		.byte	72
 1147 045e 30       		.byte	48
 1148 045f 04       		.byte	4
 1149 0460 31       		.byte	49
 1150 0461 80       		.byte	-128
 1151 0462 32       		.byte	50
 1152 0463 01       		.byte	1
 1153 0464 33       		.byte	51
 1154 0465 20       		.byte	32
 1155 0466 34       		.byte	52
 1156 0467 80       		.byte	-128
 1157 0468 36       		.byte	54
 1158 0469 22       		.byte	34
 1159 046a 37       		.byte	55
 1160 046b 08       		.byte	8
 1161 046c 38       		.byte	56
 1162 046d 02       		.byte	2
 1163 046e 39       		.byte	57
 1164 046f 08       		.byte	8
 1165 0470 3A       		.byte	58
 1166 0471 20       		.byte	32
 1167 0472 3B       		.byte	59
 1168 0473 80       		.byte	-128
 1169 0474 3C       		.byte	60
 1170 0475 28       		.byte	40
 1171 0476 3D       		.byte	61
 1172 0477 80       		.byte	-128
 1173 0478 3E       		.byte	62
 1174 0479 A0       		.byte	-96
 1175 047a 3F       		.byte	63
 1176 047b 01       		.byte	1
 1177 047c 40       		.byte	64
 1178 047d 80       		.byte	-128
 1179 047e 43       		.byte	67
 1180 047f 02       		.byte	2
 1181 0480 5C       		.byte	92
 1182 0481 40       		.byte	64
 1183 0482 5E       		.byte	94
 1184 0483 02       		.byte	2
 1185 0484 66       		.byte	102
 1186 0485 0A       		.byte	10
 1187 0486 67       		.byte	103
 1188 0487 0A       		.byte	10
 1189 0488 7E       		.byte	126
 1190 0489 04       		.byte	4
 1191 048a 7F       		.byte	127
 1192 048b 08       		.byte	8
 1193 048c 86       		.byte	-122
 1194 048d 02       		.byte	2
 1195 048e 8E       		.byte	-114
 1196 048f 20       		.byte	32
 1197 0490 8F       		.byte	-113
ARM GAS  C:\Users\marco\AppData\Local\Temp\ccgXlvEJ.s 			page 22


 1198 0491 40       		.byte	64
 1199 0492 90       		.byte	-112
 1200 0493 42       		.byte	66
 1201 0494 91       		.byte	-111
 1202 0495 20       		.byte	32
 1203 0496 92       		.byte	-110
 1204 0497 20       		.byte	32
 1205 0498 93       		.byte	-109
 1206 0499 88       		.byte	-120
 1207 049a 96       		.byte	-106
 1208 049b 14       		.byte	20
 1209 049c 97       		.byte	-105
 1210 049d 05       		.byte	5
 1211 049e 99       		.byte	-103
 1212 049f 04       		.byte	4
 1213 04a0 9A       		.byte	-102
 1214 04a1 04       		.byte	4
 1215 04a2 9B       		.byte	-101
 1216 04a3 08       		.byte	8
 1217 04a4 9E       		.byte	-98
 1218 04a5 20       		.byte	32
 1219 04a6 A0       		.byte	-96
 1220 04a7 06       		.byte	6
 1221 04a8 A1       		.byte	-95
 1222 04a9 40       		.byte	64
 1223 04aa A2       		.byte	-94
 1224 04ab 20       		.byte	32
 1225 04ac A3       		.byte	-93
 1226 04ad 02       		.byte	2
 1227 04ae A4       		.byte	-92
 1228 04af 81       		.byte	-127
 1229 04b0 A5       		.byte	-91
 1230 04b1 80       		.byte	-128
 1231 04b2 A6       		.byte	-90
 1232 04b3 02       		.byte	2
 1233 04b4 A7       		.byte	-89
 1234 04b5 08       		.byte	8
 1235 04b6 B0       		.byte	-80
 1236 04b7 10       		.byte	16
 1237 04b8 B3       		.byte	-77
 1238 04b9 40       		.byte	64
 1239 04ba C0       		.byte	-64
 1240 04bb 0F       		.byte	15
 1241 04bc C2       		.byte	-62
 1242 04bd 4E       		.byte	78
 1243 04be C4       		.byte	-60
 1244 04bf 4F       		.byte	79
 1245 04c0 CA       		.byte	-54
 1246 04c1 F7       		.byte	-9
 1247 04c2 CC       		.byte	-52
 1248 04c3 FF       		.byte	-1
 1249 04c4 CE       		.byte	-50
 1250 04c5 FF       		.byte	-1
 1251 04c6 D6       		.byte	-42
 1252 04c7 90       		.byte	-112
 1253 04c8 D8       		.byte	-40
 1254 04c9 F0       		.byte	-16
ARM GAS  C:\Users\marco\AppData\Local\Temp\ccgXlvEJ.s 			page 23


 1255 04ca 00       		.byte	0
 1256 04cb 04       		.byte	4
 1257 04cc 02       		.byte	2
 1258 04cd 10       		.byte	16
 1259 04ce 04       		.byte	4
 1260 04cf 0C       		.byte	12
 1261 04d0 05       		.byte	5
 1262 04d1 1F       		.byte	31
 1263 04d2 06       		.byte	6
 1264 04d3 01       		.byte	1
 1265 04d4 09       		.byte	9
 1266 04d5 04       		.byte	4
 1267 04d6 0A       		.byte	10
 1268 04d7 04       		.byte	4
 1269 04d8 0B       		.byte	11
 1270 04d9 18       		.byte	24
 1271 04da 0E       		.byte	14
 1272 04db 01       		.byte	1
 1273 04dc 10       		.byte	16
 1274 04dd 0F       		.byte	15
 1275 04de 11       		.byte	17
 1276 04df 12       		.byte	18
 1277 04e0 13       		.byte	19
 1278 04e1 05       		.byte	5
 1279 04e2 14       		.byte	20
 1280 04e3 07       		.byte	7
 1281 04e4 15       		.byte	21
 1282 04e5 1F       		.byte	31
 1283 04e6 16       		.byte	22
 1284 04e7 08       		.byte	8
 1285 04e8 1A       		.byte	26
 1286 04e9 03       		.byte	3
 1287 04ea 1E       		.byte	30
 1288 04eb 01       		.byte	1
 1289 04ec 20       		.byte	32
 1290 04ed 08       		.byte	8
 1291 04ee 25       		.byte	37
 1292 04ef 09       		.byte	9
 1293 04f0 26       		.byte	38
 1294 04f1 01       		.byte	1
 1295 04f2 27       		.byte	39
 1296 04f3 06       		.byte	6
 1297 04f4 28       		.byte	40
 1298 04f5 08       		.byte	8
 1299 04f6 2C       		.byte	44
 1300 04f7 0C       		.byte	12
 1301 04f8 2E       		.byte	46
 1302 04f9 02       		.byte	2
 1303 04fa 30       		.byte	48
 1304 04fb 0F       		.byte	15
 1305 04fc 31       		.byte	49
 1306 04fd 03       		.byte	3
 1307 04fe 32       		.byte	50
 1308 04ff 10       		.byte	16
 1309 0500 33       		.byte	51
 1310 0501 1C       		.byte	28
 1311 0502 3E       		.byte	62
ARM GAS  C:\Users\marco\AppData\Local\Temp\ccgXlvEJ.s 			page 24


 1312 0503 01       		.byte	1
 1313 0504 56       		.byte	86
 1314 0505 02       		.byte	2
 1315 0506 57       		.byte	87
 1316 0507 12       		.byte	18
 1317 0508 58       		.byte	88
 1318 0509 04       		.byte	4
 1319 050a 59       		.byte	89
 1320 050b 04       		.byte	4
 1321 050c 5B       		.byte	91
 1322 050d 04       		.byte	4
 1323 050e 5F       		.byte	95
 1324 050f 01       		.byte	1
 1325 0510 80       		.byte	-128
 1326 0511 3F       		.byte	63
 1327 0512 83       		.byte	-125
 1328 0513 2A       		.byte	42
 1329 0514 84       		.byte	-124
 1330 0515 36       		.byte	54
 1331 0516 85       		.byte	-123
 1332 0517 40       		.byte	64
 1333 0518 86       		.byte	-122
 1334 0519 09       		.byte	9
 1335 051a 87       		.byte	-121
 1336 051b 0C       		.byte	12
 1337 051c 88       		.byte	-120
 1338 051d 38       		.byte	56
 1339 051e 8A       		.byte	-118
 1340 051f 07       		.byte	7
 1341 0520 8C       		.byte	-116
 1342 0521 09       		.byte	9
 1343 0522 8E       		.byte	-114
 1344 0523 24       		.byte	36
 1345 0524 8F       		.byte	-113
 1346 0525 15       		.byte	21
 1347 0526 90       		.byte	-112
 1348 0527 3F       		.byte	63
 1349 0528 93       		.byte	-109
 1350 0529 3F       		.byte	63
 1351 052a 94       		.byte	-108
 1352 052b 3F       		.byte	63
 1353 052c 95       		.byte	-107
 1354 052d 40       		.byte	64
 1355 052e 97       		.byte	-105
 1356 052f 30       		.byte	48
 1357 0530 98       		.byte	-104
 1358 0531 38       		.byte	56
 1359 0532 9A       		.byte	-102
 1360 0533 07       		.byte	7
 1361 0534 9B       		.byte	-101
 1362 0535 3F       		.byte	63
 1363 0536 9D       		.byte	-99
 1364 0537 80       		.byte	-128
 1365 0538 9E       		.byte	-98
 1366 0539 3F       		.byte	63
 1367 053a A0       		.byte	-96
 1368 053b 09       		.byte	9
ARM GAS  C:\Users\marco\AppData\Local\Temp\ccgXlvEJ.s 			page 25


 1369 053c A1       		.byte	-95
 1370 053d 3F       		.byte	63
 1371 053e A2       		.byte	-94
 1372 053f 12       		.byte	18
 1373 0540 A6       		.byte	-90
 1374 0541 3F       		.byte	63
 1375 0542 A7       		.byte	-89
 1376 0543 3F       		.byte	63
 1377 0544 A9       		.byte	-87
 1378 0545 3F       		.byte	63
 1379 0546 AA       		.byte	-86
 1380 0547 3F       		.byte	63
 1381 0548 AC       		.byte	-84
 1382 0549 07       		.byte	7
 1383 054a AD       		.byte	-83
 1384 054b 40       		.byte	64
 1385 054c AE       		.byte	-82
 1386 054d 38       		.byte	56
 1387 054e AF       		.byte	-81
 1388 054f 03       		.byte	3
 1389 0550 B1       		.byte	-79
 1390 0551 3F       		.byte	63
 1391 0552 B2       		.byte	-78
 1392 0553 3F       		.byte	63
 1393 0554 B3       		.byte	-77
 1394 0555 C0       		.byte	-64
 1395 0556 B9       		.byte	-71
 1396 0557 08       		.byte	8
 1397 0558 BA       		.byte	-70
 1398 0559 08       		.byte	8
 1399 055a BF       		.byte	-65
 1400 055b 04       		.byte	4
 1401 055c D8       		.byte	-40
 1402 055d 04       		.byte	4
 1403 055e D9       		.byte	-39
 1404 055f 04       		.byte	4
 1405 0560 DF       		.byte	-33
 1406 0561 01       		.byte	1
 1407 0562 02       		.byte	2
 1408 0563 11       		.byte	17
 1409 0564 03       		.byte	3
 1410 0565 AA       		.byte	-86
 1411 0566 06       		.byte	6
 1412 0567 63       		.byte	99
 1413 0568 07       		.byte	7
 1414 0569 08       		.byte	8
 1415 056a 08       		.byte	8
 1416 056b 14       		.byte	20
 1417 056c 0A       		.byte	10
 1418 056d 28       		.byte	40
 1419 056e 0B       		.byte	11
 1420 056f 81       		.byte	-127
 1421 0570 0C       		.byte	12
 1422 0571 04       		.byte	4
 1423 0572 0F       		.byte	15
 1424 0573 49       		.byte	73
 1425 0574 10       		.byte	16
ARM GAS  C:\Users\marco\AppData\Local\Temp\ccgXlvEJ.s 			page 26


 1426 0575 88       		.byte	-120
 1427 0576 12       		.byte	18
 1428 0577 02       		.byte	2
 1429 0578 13       		.byte	19
 1430 0579 48       		.byte	72
 1431 057a 14       		.byte	20
 1432 057b 01       		.byte	1
 1433 057c 16       		.byte	22
 1434 057d 90       		.byte	-112
 1435 057e 17       		.byte	23
 1436 057f 20       		.byte	32
 1437 0580 19       		.byte	25
 1438 0581 02       		.byte	2
 1439 0582 1B       		.byte	27
 1440 0583 08       		.byte	8
 1441 0584 1C       		.byte	28
 1442 0585 20       		.byte	32
 1443 0586 20       		.byte	32
 1444 0587 10       		.byte	16
 1445 0588 21       		.byte	33
 1446 0589 04       		.byte	4
 1447 058a 22       		.byte	34
 1448 058b 01       		.byte	1
 1449 058c 27       		.byte	39
 1450 058d 50       		.byte	80
 1451 058e 28       		.byte	40
 1452 058f 20       		.byte	32
 1453 0590 2C       		.byte	44
 1454 0591 07       		.byte	7
 1455 0592 2F       		.byte	47
 1456 0593 60       		.byte	96
 1457 0594 32       		.byte	50
 1458 0595 01       		.byte	1
 1459 0596 33       		.byte	51
 1460 0597 04       		.byte	4
 1461 0598 34       		.byte	52
 1462 0599 10       		.byte	16
 1463 059a 36       		.byte	54
 1464 059b 02       		.byte	2
 1465 059c 37       		.byte	55
 1466 059d 68       		.byte	104
 1467 059e 38       		.byte	56
 1468 059f 10       		.byte	16
 1469 05a0 39       		.byte	57
 1470 05a1 04       		.byte	4
 1471 05a2 3A       		.byte	58
 1472 05a3 40       		.byte	64
 1473 05a4 3B       		.byte	59
 1474 05a5 80       		.byte	-128
 1475 05a6 3C       		.byte	60
 1476 05a7 08       		.byte	8
 1477 05a8 3E       		.byte	62
 1478 05a9 82       		.byte	-126
 1479 05aa 3F       		.byte	63
 1480 05ab 08       		.byte	8
 1481 05ac 42       		.byte	66
 1482 05ad 08       		.byte	8
ARM GAS  C:\Users\marco\AppData\Local\Temp\ccgXlvEJ.s 			page 27


 1483 05ae 43       		.byte	67
 1484 05af 10       		.byte	16
 1485 05b0 59       		.byte	89
 1486 05b1 04       		.byte	4
 1487 05b2 69       		.byte	105
 1488 05b3 44       		.byte	68
 1489 05b4 6B       		.byte	107
 1490 05b5 04       		.byte	4
 1491 05b6 70       		.byte	112
 1492 05b7 88       		.byte	-120
 1493 05b8 72       		.byte	114
 1494 05b9 10       		.byte	16
 1495 05ba 73       		.byte	115
 1496 05bb 04       		.byte	4
 1497 05bc 8C       		.byte	-116
 1498 05bd 20       		.byte	32
 1499 05be 8F       		.byte	-113
 1500 05bf 80       		.byte	-128
 1501 05c0 92       		.byte	-110
 1502 05c1 28       		.byte	40
 1503 05c2 93       		.byte	-109
 1504 05c3 81       		.byte	-127
 1505 05c4 95       		.byte	-107
 1506 05c5 4C       		.byte	76
 1507 05c6 96       		.byte	-106
 1508 05c7 12       		.byte	18
 1509 05c8 97       		.byte	-105
 1510 05c9 04       		.byte	4
 1511 05ca 99       		.byte	-103
 1512 05cb 04       		.byte	4
 1513 05cc 9A       		.byte	-102
 1514 05cd A0       		.byte	-96
 1515 05ce 9B       		.byte	-101
 1516 05cf 08       		.byte	8
 1517 05d0 9C       		.byte	-100
 1518 05d1 24       		.byte	36
 1519 05d2 9D       		.byte	-99
 1520 05d3 02       		.byte	2
 1521 05d4 9E       		.byte	-98
 1522 05d5 08       		.byte	8
 1523 05d6 9F       		.byte	-97
 1524 05d7 04       		.byte	4
 1525 05d8 A0       		.byte	-96
 1526 05d9 06       		.byte	6
 1527 05da A2       		.byte	-94
 1528 05db 02       		.byte	2
 1529 05dc A3       		.byte	-93
 1530 05dd 22       		.byte	34
 1531 05de A4       		.byte	-92
 1532 05df 90       		.byte	-112
 1533 05e0 C0       		.byte	-64
 1534 05e1 FF       		.byte	-1
 1535 05e2 C2       		.byte	-62
 1536 05e3 FF       		.byte	-1
 1537 05e4 C4       		.byte	-60
 1538 05e5 FF       		.byte	-1
 1539 05e6 CA       		.byte	-54
ARM GAS  C:\Users\marco\AppData\Local\Temp\ccgXlvEJ.s 			page 28


 1540 05e7 F2       		.byte	-14
 1541 05e8 CC       		.byte	-52
 1542 05e9 F3       		.byte	-13
 1543 05ea CE       		.byte	-50
 1544 05eb D6       		.byte	-42
 1545 05ec D6       		.byte	-42
 1546 05ed 02       		.byte	2
 1547 05ee 33       		.byte	51
 1548 05ef 80       		.byte	-128
 1549 05f0 CC       		.byte	-52
 1550 05f1 10       		.byte	16
 1551 05f2 A7       		.byte	-89
 1552 05f3 80       		.byte	-128
 1553 05f4 A7       		.byte	-89
 1554 05f5 80       		.byte	-128
 1555 05f6 A7       		.byte	-89
 1556 05f7 80       		.byte	-128
 1557 05f8 72       		.byte	114
 1558 05f9 80       		.byte	-128
 1559 05fa DC       		.byte	-36
 1560 05fb 01       		.byte	1
 1561 05fc 82       		.byte	-126
 1562 05fd 80       		.byte	-128
 1563 05fe 9E       		.byte	-98
 1564 05ff 80       		.byte	-128
 1565 0600 87       		.byte	-121
 1566 0601 80       		.byte	-128
 1567 0602 A7       		.byte	-89
 1568 0603 80       		.byte	-128
 1569 0604 E6       		.byte	-26
 1570 0605 10       		.byte	16
 1571 0606 12       		.byte	18
 1572 0607 80       		.byte	-128
 1573 0608 8E       		.byte	-114
 1574 0609 80       		.byte	-128
 1575 060a C4       		.byte	-60
 1576 060b 08       		.byte	8
 1577 060c E2       		.byte	-30
 1578 060d 02       		.byte	2
 1579 060e 00       		.byte	0
 1580 060f 01       		.byte	1
 1581 0610 0C       		.byte	12
 1582 0611 01       		.byte	1
 1583 0612 0E       		.byte	14
 1584 0613 01       		.byte	1
 1585 0614 10       		.byte	16
 1586 0615 01       		.byte	1
 1587 0616 1C       		.byte	28
 1588 0617 01       		.byte	1
 1589 0618 00       		.byte	0
 1590 0619 03       		.byte	3
 1591 061a 00       		.byte	0
 1592 061b 00       		.byte	0
 1593 061c 40       		.byte	64
 1594 061d 80       		.byte	-128
 1595 061e 80       		.byte	-128
 1596 061f 00       		.byte	0
ARM GAS  C:\Users\marco\AppData\Local\Temp\ccgXlvEJ.s 			page 29


 1597 0620 80       		.byte	-128
 1598 0621 00       		.byte	0
 1599 0622 00       		.byte	0
 1600 0623 00       		.byte	0
 1601 0624 00       		.byte	0
 1602 0625 0B       		.byte	11
 1603 0626 0B       		.byte	11
 1604 0627 00       		.byte	0
 1605 0628 00       		.byte	0
 1606 0629 00       		.byte	0
 1607 062a 00       		.byte	0
 1608 062b 00       		.byte	0
 1609 062c 00       		.byte	0
 1610 062d 02       		.byte	2
 1611 062e 02       		.byte	2
 1612 062f 00       		.byte	0
 1613 0630 00       		.byte	0
 1614 0631 00       		.byte	0
 1615 0632 00       		.byte	0
 1616 0633 00       		.byte	0
 1617              		.section	.cywolatch,"a",%progbits
 1618              		.align	2
 1619              		.type	cy_meta_wonvl, %object
 1620              		.size	cy_meta_wonvl, 4
 1621              	cy_meta_wonvl:
 1622 0000 BC       		.byte	-68
 1623 0001 90       		.byte	-112
 1624 0002 AC       		.byte	-84
 1625 0003 AF       		.byte	-81
 1626              		.section	.cycustnvl,"a",%progbits
 1627              		.align	2
 1628              		.type	cy_meta_custnvl, %object
 1629              		.size	cy_meta_custnvl, 4
 1630              	cy_meta_custnvl:
 1631 0000 00       		.byte	0
 1632 0001 00       		.byte	0
 1633 0002 40       		.byte	64
 1634 0003 05       		.byte	5
 1635              		.section	.cymeta,"a",%progbits
 1636              		.align	2
 1637              		.type	cy_metadata, %object
 1638              		.size	cy_metadata, 12
 1639              	cy_metadata:
 1640 0000 00       		.byte	0
 1641 0001 01       		.byte	1
 1642 0002 2E       		.byte	46
 1643 0003 16       		.byte	22
 1644 0004 10       		.byte	16
 1645 0005 69       		.byte	105
 1646 0006 00       		.byte	0
 1647 0007 01       		.byte	1
 1648 0008 00       		.byte	0
 1649 0009 00       		.byte	0
 1650 000a 00       		.byte	0
 1651 000b 00       		.byte	0
 1652              		.section	.cyflashprotect,"a",%progbits
 1653              		.align	2
ARM GAS  C:\Users\marco\AppData\Local\Temp\ccgXlvEJ.s 			page 30


 1654              		.type	cy_meta_flashprotect, %object
 1655              		.size	cy_meta_flashprotect, 256
 1656              	cy_meta_flashprotect:
 1657 0000 00000000 		.space	256
 1657      00000000 
 1657      00000000 
 1657      00000000 
 1657      00000000 
 1658              		.text
 1659              	.Letext0:
 1660              		.file 1 "c:\\program files (x86)\\cypress\\psoc creator\\4.4\\psoc creator\\import\\gnu\\arm\\5.4.
 1661              		.file 2 "c:\\program files (x86)\\cypress\\psoc creator\\4.4\\psoc creator\\import\\gnu\\arm\\5.4.
 1662              		.file 3 "Generated_Source\\PSoC5\\cymetadata.c"
 1663              		.section	.debug_info,"",%progbits
 1664              	.Ldebug_info0:
 1665 0000 34010000 		.4byte	0x134
 1666 0004 0400     		.2byte	0x4
 1667 0006 00000000 		.4byte	.Ldebug_abbrev0
 1668 000a 04       		.byte	0x4
 1669 000b 01       		.uleb128 0x1
 1670 000c 6C000000 		.4byte	.LASF17
 1671 0010 0C       		.byte	0xc
 1672 0011 C6010000 		.4byte	.LASF18
 1673 0015 00000000 		.4byte	.LASF19
 1674 0019 00000000 		.4byte	.Ldebug_line0
 1675 001d 02       		.uleb128 0x2
 1676 001e 01       		.byte	0x1
 1677 001f 06       		.byte	0x6
 1678 0020 BA010000 		.4byte	.LASF0
 1679 0024 03       		.uleb128 0x3
 1680 0025 48000000 		.4byte	.LASF9
 1681 0029 01       		.byte	0x1
 1682 002a 1D       		.byte	0x1d
 1683 002b 2F000000 		.4byte	0x2f
 1684 002f 02       		.uleb128 0x2
 1685 0030 01       		.byte	0x1
 1686 0031 08       		.byte	0x8
 1687 0032 5E000000 		.4byte	.LASF1
 1688 0036 02       		.uleb128 0x2
 1689 0037 02       		.byte	0x2
 1690 0038 05       		.byte	0x5
 1691 0039 A7010000 		.4byte	.LASF2
 1692 003d 02       		.uleb128 0x2
 1693 003e 02       		.byte	0x2
 1694 003f 07       		.byte	0x7
 1695 0040 0C010000 		.4byte	.LASF3
 1696 0044 02       		.uleb128 0x2
 1697 0045 04       		.byte	0x4
 1698 0046 05       		.byte	0x5
 1699 0047 B1010000 		.4byte	.LASF4
 1700 004b 02       		.uleb128 0x2
 1701 004c 04       		.byte	0x4
 1702 004d 07       		.byte	0x7
 1703 004e FA000000 		.4byte	.LASF5
 1704 0052 02       		.uleb128 0x2
 1705 0053 08       		.byte	0x8
 1706 0054 05       		.byte	0x5
ARM GAS  C:\Users\marco\AppData\Local\Temp\ccgXlvEJ.s 			page 31


 1707 0055 99010000 		.4byte	.LASF6
 1708 0059 02       		.uleb128 0x2
 1709 005a 08       		.byte	0x8
 1710 005b 07       		.byte	0x7
 1711 005c 4E010000 		.4byte	.LASF7
 1712 0060 04       		.uleb128 0x4
 1713 0061 04       		.byte	0x4
 1714 0062 05       		.byte	0x5
 1715 0063 696E7400 		.ascii	"int\000"
 1716 0067 02       		.uleb128 0x2
 1717 0068 04       		.byte	0x4
 1718 0069 07       		.byte	0x7
 1719 006a 41010000 		.4byte	.LASF8
 1720 006e 03       		.uleb128 0x3
 1721 006f 65010000 		.4byte	.LASF10
 1722 0073 02       		.byte	0x2
 1723 0074 18       		.byte	0x18
 1724 0075 24000000 		.4byte	0x24
 1725 0079 05       		.uleb128 0x5
 1726 007a 91000000 		.4byte	0x91
 1727 007e 8A000000 		.4byte	0x8a
 1728 0082 06       		.uleb128 0x6
 1729 0083 8A000000 		.4byte	0x8a
 1730 0087 3306     		.2byte	0x633
 1731 0089 00       		.byte	0
 1732 008a 02       		.uleb128 0x2
 1733 008b 04       		.byte	0x4
 1734 008c 07       		.byte	0x7
 1735 008d 90010000 		.4byte	.LASF11
 1736 0091 07       		.uleb128 0x7
 1737 0092 6E000000 		.4byte	0x6e
 1738 0096 08       		.uleb128 0x8
 1739 0097 2F010000 		.4byte	.LASF12
 1740 009b 03       		.byte	0x3
 1741 009c 1F       		.byte	0x1f
 1742 009d A7000000 		.4byte	0xa7
 1743 00a1 05       		.uleb128 0x5
 1744 00a2 03       		.byte	0x3
 1745 00a3 00000000 		.4byte	cy_meta_configecc
 1746 00a7 07       		.uleb128 0x7
 1747 00a8 79000000 		.4byte	0x79
 1748 00ac 05       		.uleb128 0x5
 1749 00ad 91000000 		.4byte	0x91
 1750 00b1 BC000000 		.4byte	0xbc
 1751 00b5 09       		.uleb128 0x9
 1752 00b6 8A000000 		.4byte	0x8a
 1753 00ba 03       		.byte	0x3
 1754 00bb 00       		.byte	0
 1755 00bc 08       		.uleb128 0x8
 1756 00bd 1F010000 		.4byte	.LASF13
 1757 00c1 03       		.byte	0x3
 1758 00c2 F3       		.byte	0xf3
 1759 00c3 CD000000 		.4byte	0xcd
 1760 00c7 05       		.uleb128 0x5
 1761 00c8 03       		.byte	0x3
 1762 00c9 00000000 		.4byte	cy_meta_custnvl
 1763 00cd 07       		.uleb128 0x7
ARM GAS  C:\Users\marco\AppData\Local\Temp\ccgXlvEJ.s 			page 32


 1764 00ce AC000000 		.4byte	0xac
 1765 00d2 0A       		.uleb128 0xa
 1766 00d3 82010000 		.4byte	.LASF14
 1767 00d7 03       		.byte	0x3
 1768 00d8 0101     		.2byte	0x101
 1769 00da E4000000 		.4byte	0xe4
 1770 00de 05       		.uleb128 0x5
 1771 00df 03       		.byte	0x3
 1772 00e0 00000000 		.4byte	cy_meta_wonvl
 1773 00e4 07       		.uleb128 0x7
 1774 00e5 AC000000 		.4byte	0xac
 1775 00e9 05       		.uleb128 0x5
 1776 00ea 91000000 		.4byte	0x91
 1777 00ee F9000000 		.4byte	0xf9
 1778 00f2 09       		.uleb128 0x9
 1779 00f3 8A000000 		.4byte	0x8a
 1780 00f7 FF       		.byte	0xff
 1781 00f8 00       		.byte	0
 1782 00f9 0A       		.uleb128 0xa
 1783 00fa 6D010000 		.4byte	.LASF15
 1784 00fe 03       		.byte	0x3
 1785 00ff 0F01     		.2byte	0x10f
 1786 0101 0B010000 		.4byte	0x10b
 1787 0105 05       		.uleb128 0x5
 1788 0106 03       		.byte	0x3
 1789 0107 00000000 		.4byte	cy_meta_flashprotect
 1790 010b 07       		.uleb128 0x7
 1791 010c E9000000 		.4byte	0xe9
 1792 0110 05       		.uleb128 0x5
 1793 0111 91000000 		.4byte	0x91
 1794 0115 20010000 		.4byte	0x120
 1795 0119 09       		.uleb128 0x9
 1796 011a 8A000000 		.4byte	0x8a
 1797 011e 0B       		.byte	0xb
 1798 011f 00       		.byte	0
 1799 0120 0A       		.uleb128 0xa
 1800 0121 52000000 		.4byte	.LASF16
 1801 0125 03       		.byte	0x3
 1802 0126 3C01     		.2byte	0x13c
 1803 0128 32010000 		.4byte	0x132
 1804 012c 05       		.uleb128 0x5
 1805 012d 03       		.byte	0x3
 1806 012e 00000000 		.4byte	cy_metadata
 1807 0132 07       		.uleb128 0x7
 1808 0133 10010000 		.4byte	0x110
 1809 0137 00       		.byte	0
 1810              		.section	.debug_abbrev,"",%progbits
 1811              	.Ldebug_abbrev0:
 1812 0000 01       		.uleb128 0x1
 1813 0001 11       		.uleb128 0x11
 1814 0002 01       		.byte	0x1
 1815 0003 25       		.uleb128 0x25
 1816 0004 0E       		.uleb128 0xe
 1817 0005 13       		.uleb128 0x13
 1818 0006 0B       		.uleb128 0xb
 1819 0007 03       		.uleb128 0x3
 1820 0008 0E       		.uleb128 0xe
ARM GAS  C:\Users\marco\AppData\Local\Temp\ccgXlvEJ.s 			page 33


 1821 0009 1B       		.uleb128 0x1b
 1822 000a 0E       		.uleb128 0xe
 1823 000b 10       		.uleb128 0x10
 1824 000c 17       		.uleb128 0x17
 1825 000d 00       		.byte	0
 1826 000e 00       		.byte	0
 1827 000f 02       		.uleb128 0x2
 1828 0010 24       		.uleb128 0x24
 1829 0011 00       		.byte	0
 1830 0012 0B       		.uleb128 0xb
 1831 0013 0B       		.uleb128 0xb
 1832 0014 3E       		.uleb128 0x3e
 1833 0015 0B       		.uleb128 0xb
 1834 0016 03       		.uleb128 0x3
 1835 0017 0E       		.uleb128 0xe
 1836 0018 00       		.byte	0
 1837 0019 00       		.byte	0
 1838 001a 03       		.uleb128 0x3
 1839 001b 16       		.uleb128 0x16
 1840 001c 00       		.byte	0
 1841 001d 03       		.uleb128 0x3
 1842 001e 0E       		.uleb128 0xe
 1843 001f 3A       		.uleb128 0x3a
 1844 0020 0B       		.uleb128 0xb
 1845 0021 3B       		.uleb128 0x3b
 1846 0022 0B       		.uleb128 0xb
 1847 0023 49       		.uleb128 0x49
 1848 0024 13       		.uleb128 0x13
 1849 0025 00       		.byte	0
 1850 0026 00       		.byte	0
 1851 0027 04       		.uleb128 0x4
 1852 0028 24       		.uleb128 0x24
 1853 0029 00       		.byte	0
 1854 002a 0B       		.uleb128 0xb
 1855 002b 0B       		.uleb128 0xb
 1856 002c 3E       		.uleb128 0x3e
 1857 002d 0B       		.uleb128 0xb
 1858 002e 03       		.uleb128 0x3
 1859 002f 08       		.uleb128 0x8
 1860 0030 00       		.byte	0
 1861 0031 00       		.byte	0
 1862 0032 05       		.uleb128 0x5
 1863 0033 01       		.uleb128 0x1
 1864 0034 01       		.byte	0x1
 1865 0035 49       		.uleb128 0x49
 1866 0036 13       		.uleb128 0x13
 1867 0037 01       		.uleb128 0x1
 1868 0038 13       		.uleb128 0x13
 1869 0039 00       		.byte	0
 1870 003a 00       		.byte	0
 1871 003b 06       		.uleb128 0x6
 1872 003c 21       		.uleb128 0x21
 1873 003d 00       		.byte	0
 1874 003e 49       		.uleb128 0x49
 1875 003f 13       		.uleb128 0x13
 1876 0040 2F       		.uleb128 0x2f
 1877 0041 05       		.uleb128 0x5
ARM GAS  C:\Users\marco\AppData\Local\Temp\ccgXlvEJ.s 			page 34


 1878 0042 00       		.byte	0
 1879 0043 00       		.byte	0
 1880 0044 07       		.uleb128 0x7
 1881 0045 26       		.uleb128 0x26
 1882 0046 00       		.byte	0
 1883 0047 49       		.uleb128 0x49
 1884 0048 13       		.uleb128 0x13
 1885 0049 00       		.byte	0
 1886 004a 00       		.byte	0
 1887 004b 08       		.uleb128 0x8
 1888 004c 34       		.uleb128 0x34
 1889 004d 00       		.byte	0
 1890 004e 03       		.uleb128 0x3
 1891 004f 0E       		.uleb128 0xe
 1892 0050 3A       		.uleb128 0x3a
 1893 0051 0B       		.uleb128 0xb
 1894 0052 3B       		.uleb128 0x3b
 1895 0053 0B       		.uleb128 0xb
 1896 0054 49       		.uleb128 0x49
 1897 0055 13       		.uleb128 0x13
 1898 0056 3F       		.uleb128 0x3f
 1899 0057 19       		.uleb128 0x19
 1900 0058 02       		.uleb128 0x2
 1901 0059 18       		.uleb128 0x18
 1902 005a 00       		.byte	0
 1903 005b 00       		.byte	0
 1904 005c 09       		.uleb128 0x9
 1905 005d 21       		.uleb128 0x21
 1906 005e 00       		.byte	0
 1907 005f 49       		.uleb128 0x49
 1908 0060 13       		.uleb128 0x13
 1909 0061 2F       		.uleb128 0x2f
 1910 0062 0B       		.uleb128 0xb
 1911 0063 00       		.byte	0
 1912 0064 00       		.byte	0
 1913 0065 0A       		.uleb128 0xa
 1914 0066 34       		.uleb128 0x34
 1915 0067 00       		.byte	0
 1916 0068 03       		.uleb128 0x3
 1917 0069 0E       		.uleb128 0xe
 1918 006a 3A       		.uleb128 0x3a
 1919 006b 0B       		.uleb128 0xb
 1920 006c 3B       		.uleb128 0x3b
 1921 006d 05       		.uleb128 0x5
 1922 006e 49       		.uleb128 0x49
 1923 006f 13       		.uleb128 0x13
 1924 0070 3F       		.uleb128 0x3f
 1925 0071 19       		.uleb128 0x19
 1926 0072 02       		.uleb128 0x2
 1927 0073 18       		.uleb128 0x18
 1928 0074 00       		.byte	0
 1929 0075 00       		.byte	0
 1930 0076 00       		.byte	0
 1931              		.section	.debug_aranges,"",%progbits
 1932 0000 14000000 		.4byte	0x14
 1933 0004 0200     		.2byte	0x2
 1934 0006 00000000 		.4byte	.Ldebug_info0
ARM GAS  C:\Users\marco\AppData\Local\Temp\ccgXlvEJ.s 			page 35


 1935 000a 04       		.byte	0x4
 1936 000b 00       		.byte	0
 1937 000c 0000     		.2byte	0
 1938 000e 0000     		.2byte	0
 1939 0010 00000000 		.4byte	0
 1940 0014 00000000 		.4byte	0
 1941              		.section	.debug_line,"",%progbits
 1942              	.Ldebug_line0:
 1943 0000 3D010000 		.section	.debug_str,"MS",%progbits,1
 1943      02003701 
 1943      00000201 
 1943      FB0E0D00 
 1943      01010101 
 1944              	.LASF19:
 1945 0000 433A5C55 		.ascii	"C:\\Users\\marco\\OneDrive\\Documenti\\PSoC Creator"
 1945      73657273 
 1945      5C6D6172 
 1945      636F5C4F 
 1945      6E654472 
 1946 002e 5C50726F 		.ascii	"\\Prove_PSOC\\LED_GUI.cydsn\000"
 1946      76655F50 
 1946      534F435C 
 1946      4C45445F 
 1946      4755492E 
 1947              	.LASF9:
 1948 0048 5F5F7569 		.ascii	"__uint8_t\000"
 1948      6E74385F 
 1948      7400
 1949              	.LASF16:
 1950 0052 63795F6D 		.ascii	"cy_metadata\000"
 1950      65746164 
 1950      61746100 
 1951              	.LASF1:
 1952 005e 756E7369 		.ascii	"unsigned char\000"
 1952      676E6564 
 1952      20636861 
 1952      7200
 1953              	.LASF17:
 1954 006c 474E5520 		.ascii	"GNU C11 5.4.1 20160609 (release) [ARM/embedded-5-br"
 1954      43313120 
 1954      352E342E 
 1954      31203230 
 1954      31363036 
 1955 009f 616E6368 		.ascii	"anch revision 237715] -mcpu=cortex-m3 -mthumb -g -O"
 1955      20726576 
 1955      6973696F 
 1955      6E203233 
 1955      37373135 
 1956 00d2 67202D66 		.ascii	"g -ffunction-sections -ffat-lto-objects\000"
 1956      66756E63 
 1956      74696F6E 
 1956      2D736563 
 1956      74696F6E 
 1957              	.LASF5:
 1958 00fa 6C6F6E67 		.ascii	"long unsigned int\000"
 1958      20756E73 
 1958      69676E65 
ARM GAS  C:\Users\marco\AppData\Local\Temp\ccgXlvEJ.s 			page 36


 1958      6420696E 
 1958      7400
 1959              	.LASF3:
 1960 010c 73686F72 		.ascii	"short unsigned int\000"
 1960      7420756E 
 1960      7369676E 
 1960      65642069 
 1960      6E7400
 1961              	.LASF13:
 1962 011f 63795F6D 		.ascii	"cy_meta_custnvl\000"
 1962      6574615F 
 1962      63757374 
 1962      6E766C00 
 1963              	.LASF12:
 1964 012f 63795F6D 		.ascii	"cy_meta_configecc\000"
 1964      6574615F 
 1964      636F6E66 
 1964      69676563 
 1964      6300
 1965              	.LASF8:
 1966 0141 756E7369 		.ascii	"unsigned int\000"
 1966      676E6564 
 1966      20696E74 
 1966      00
 1967              	.LASF7:
 1968 014e 6C6F6E67 		.ascii	"long long unsigned int\000"
 1968      206C6F6E 
 1968      6720756E 
 1968      7369676E 
 1968      65642069 
 1969              	.LASF10:
 1970 0165 75696E74 		.ascii	"uint8_t\000"
 1970      385F7400 
 1971              	.LASF15:
 1972 016d 63795F6D 		.ascii	"cy_meta_flashprotect\000"
 1972      6574615F 
 1972      666C6173 
 1972      6870726F 
 1972      74656374 
 1973              	.LASF14:
 1974 0182 63795F6D 		.ascii	"cy_meta_wonvl\000"
 1974      6574615F 
 1974      776F6E76 
 1974      6C00
 1975              	.LASF11:
 1976 0190 73697A65 		.ascii	"sizetype\000"
 1976      74797065 
 1976      00
 1977              	.LASF6:
 1978 0199 6C6F6E67 		.ascii	"long long int\000"
 1978      206C6F6E 
 1978      6720696E 
 1978      7400
 1979              	.LASF2:
 1980 01a7 73686F72 		.ascii	"short int\000"
 1980      7420696E 
 1980      7400
ARM GAS  C:\Users\marco\AppData\Local\Temp\ccgXlvEJ.s 			page 37


 1981              	.LASF4:
 1982 01b1 6C6F6E67 		.ascii	"long int\000"
 1982      20696E74 
 1982      00
 1983              	.LASF0:
 1984 01ba 7369676E 		.ascii	"signed char\000"
 1984      65642063 
 1984      68617200 
 1985              	.LASF18:
 1986 01c6 47656E65 		.ascii	"Generated_Source\\PSoC5\\cymetadata.c\000"
 1986      72617465 
 1986      645F536F 
 1986      75726365 
 1986      5C50536F 
 1987              		.ident	"GCC: (GNU Tools for ARM Embedded Processors) 5.4.1 20160609 (release) [ARM/embedded-5-bran
