ARM GAS  C:\Users\marco\AppData\Local\Temp\ccOlw5X2.s 			page 1


   1              		.syntax unified
   2              		.cpu cortex-m3
   3              		.fpu softvfp
   4              		.eabi_attribute 20, 1
   5              		.eabi_attribute 21, 1
   6              		.eabi_attribute 23, 3
   7              		.eabi_attribute 24, 1
   8              		.eabi_attribute 25, 1
   9              		.eabi_attribute 26, 1
  10              		.eabi_attribute 30, 1
  11              		.eabi_attribute 34, 1
  12              		.eabi_attribute 18, 4
  13              		.thumb
  14              		.syntax unified
  15              		.file	"UART_PM.c"
  16              		.text
  17              	.Ltext0:
  18              		.cfi_sections	.debug_frame
  19              		.section	.text.UART_SaveConfig,"ax",%progbits
  20              		.align	2
  21              		.global	UART_SaveConfig
  22              		.thumb
  23              		.thumb_func
  24              		.type	UART_SaveConfig, %function
  25              	UART_SaveConfig:
  26              	.LFB0:
  27              		.file 1 "Generated_Source\\PSoC5\\UART_PM.c"
   1:Generated_Source\PSoC5/UART_PM.c **** /*******************************************************************************
   2:Generated_Source\PSoC5/UART_PM.c **** * File Name: UART_PM.c
   3:Generated_Source\PSoC5/UART_PM.c **** * Version 2.50
   4:Generated_Source\PSoC5/UART_PM.c **** *
   5:Generated_Source\PSoC5/UART_PM.c **** * Description:
   6:Generated_Source\PSoC5/UART_PM.c **** *  This file provides Sleep/WakeUp APIs functionality.
   7:Generated_Source\PSoC5/UART_PM.c **** *
   8:Generated_Source\PSoC5/UART_PM.c **** * Note:
   9:Generated_Source\PSoC5/UART_PM.c **** *
  10:Generated_Source\PSoC5/UART_PM.c **** ********************************************************************************
  11:Generated_Source\PSoC5/UART_PM.c **** * Copyright 2008-2015, Cypress Semiconductor Corporation.  All rights reserved.
  12:Generated_Source\PSoC5/UART_PM.c **** * You may use this file only in accordance with the license, terms, conditions,
  13:Generated_Source\PSoC5/UART_PM.c **** * disclaimers, and limitations in the end user license agreement accompanying
  14:Generated_Source\PSoC5/UART_PM.c **** * the software package with which this file was provided.
  15:Generated_Source\PSoC5/UART_PM.c **** *******************************************************************************/
  16:Generated_Source\PSoC5/UART_PM.c **** 
  17:Generated_Source\PSoC5/UART_PM.c **** #include "UART.h"
  18:Generated_Source\PSoC5/UART_PM.c **** 
  19:Generated_Source\PSoC5/UART_PM.c **** 
  20:Generated_Source\PSoC5/UART_PM.c **** /***************************************
  21:Generated_Source\PSoC5/UART_PM.c **** * Local data allocation
  22:Generated_Source\PSoC5/UART_PM.c **** ***************************************/
  23:Generated_Source\PSoC5/UART_PM.c **** 
  24:Generated_Source\PSoC5/UART_PM.c **** static UART_BACKUP_STRUCT  UART_backup =
  25:Generated_Source\PSoC5/UART_PM.c **** {
  26:Generated_Source\PSoC5/UART_PM.c ****     /* enableState - disabled */
  27:Generated_Source\PSoC5/UART_PM.c ****     0u,
  28:Generated_Source\PSoC5/UART_PM.c **** };
  29:Generated_Source\PSoC5/UART_PM.c **** 
  30:Generated_Source\PSoC5/UART_PM.c **** 
ARM GAS  C:\Users\marco\AppData\Local\Temp\ccOlw5X2.s 			page 2


  31:Generated_Source\PSoC5/UART_PM.c **** 
  32:Generated_Source\PSoC5/UART_PM.c **** /*******************************************************************************
  33:Generated_Source\PSoC5/UART_PM.c **** * Function Name: UART_SaveConfig
  34:Generated_Source\PSoC5/UART_PM.c **** ********************************************************************************
  35:Generated_Source\PSoC5/UART_PM.c **** *
  36:Generated_Source\PSoC5/UART_PM.c **** * Summary:
  37:Generated_Source\PSoC5/UART_PM.c **** *  This function saves the component nonretention control register.
  38:Generated_Source\PSoC5/UART_PM.c **** *  Does not save the FIFO which is a set of nonretention registers.
  39:Generated_Source\PSoC5/UART_PM.c **** *  This function is called by the UART_Sleep() function.
  40:Generated_Source\PSoC5/UART_PM.c **** *
  41:Generated_Source\PSoC5/UART_PM.c **** * Parameters:
  42:Generated_Source\PSoC5/UART_PM.c **** *  None.
  43:Generated_Source\PSoC5/UART_PM.c **** *
  44:Generated_Source\PSoC5/UART_PM.c **** * Return:
  45:Generated_Source\PSoC5/UART_PM.c **** *  None.
  46:Generated_Source\PSoC5/UART_PM.c **** *
  47:Generated_Source\PSoC5/UART_PM.c **** * Global Variables:
  48:Generated_Source\PSoC5/UART_PM.c **** *  UART_backup - modified when non-retention registers are saved.
  49:Generated_Source\PSoC5/UART_PM.c **** *
  50:Generated_Source\PSoC5/UART_PM.c **** * Reentrant:
  51:Generated_Source\PSoC5/UART_PM.c **** *  No.
  52:Generated_Source\PSoC5/UART_PM.c **** *
  53:Generated_Source\PSoC5/UART_PM.c **** *******************************************************************************/
  54:Generated_Source\PSoC5/UART_PM.c **** void UART_SaveConfig(void)
  55:Generated_Source\PSoC5/UART_PM.c **** {
  28              		.loc 1 55 0
  29              		.cfi_startproc
  30              		@ args = 0, pretend = 0, frame = 0
  31              		@ frame_needed = 0, uses_anonymous_args = 0
  32              		@ link register save eliminated.
  56:Generated_Source\PSoC5/UART_PM.c ****     #if(UART_CONTROL_REG_REMOVED == 0u)
  57:Generated_Source\PSoC5/UART_PM.c ****         UART_backup.cr = UART_CONTROL_REG;
  33              		.loc 1 57 0
  34 0000 024B     		ldr	r3, .L2
  35 0002 1A78     		ldrb	r2, [r3]	@ zero_extendqisi2
  36 0004 024B     		ldr	r3, .L2+4
  37 0006 5A70     		strb	r2, [r3, #1]
  38 0008 7047     		bx	lr
  39              	.L3:
  40 000a 00BF     		.align	2
  41              	.L2:
  42 000c 78650040 		.word	1073767800
  43 0010 00000000 		.word	.LANCHOR0
  44              		.cfi_endproc
  45              	.LFE0:
  46              		.size	UART_SaveConfig, .-UART_SaveConfig
  47              		.section	.text.UART_RestoreConfig,"ax",%progbits
  48              		.align	2
  49              		.global	UART_RestoreConfig
  50              		.thumb
  51              		.thumb_func
  52              		.type	UART_RestoreConfig, %function
  53              	UART_RestoreConfig:
  54              	.LFB1:
  58:Generated_Source\PSoC5/UART_PM.c ****     #endif /* End UART_CONTROL_REG_REMOVED */
  59:Generated_Source\PSoC5/UART_PM.c **** }
  60:Generated_Source\PSoC5/UART_PM.c **** 
ARM GAS  C:\Users\marco\AppData\Local\Temp\ccOlw5X2.s 			page 3


  61:Generated_Source\PSoC5/UART_PM.c **** 
  62:Generated_Source\PSoC5/UART_PM.c **** /*******************************************************************************
  63:Generated_Source\PSoC5/UART_PM.c **** * Function Name: UART_RestoreConfig
  64:Generated_Source\PSoC5/UART_PM.c **** ********************************************************************************
  65:Generated_Source\PSoC5/UART_PM.c **** *
  66:Generated_Source\PSoC5/UART_PM.c **** * Summary:
  67:Generated_Source\PSoC5/UART_PM.c **** *  Restores the nonretention control register except FIFO.
  68:Generated_Source\PSoC5/UART_PM.c **** *  Does not restore the FIFO which is a set of nonretention registers.
  69:Generated_Source\PSoC5/UART_PM.c **** *
  70:Generated_Source\PSoC5/UART_PM.c **** * Parameters:
  71:Generated_Source\PSoC5/UART_PM.c **** *  None.
  72:Generated_Source\PSoC5/UART_PM.c **** *
  73:Generated_Source\PSoC5/UART_PM.c **** * Return:
  74:Generated_Source\PSoC5/UART_PM.c **** *  None.
  75:Generated_Source\PSoC5/UART_PM.c **** *
  76:Generated_Source\PSoC5/UART_PM.c **** * Global Variables:
  77:Generated_Source\PSoC5/UART_PM.c **** *  UART_backup - used when non-retention registers are restored.
  78:Generated_Source\PSoC5/UART_PM.c **** *
  79:Generated_Source\PSoC5/UART_PM.c **** * Reentrant:
  80:Generated_Source\PSoC5/UART_PM.c **** *  No.
  81:Generated_Source\PSoC5/UART_PM.c **** *
  82:Generated_Source\PSoC5/UART_PM.c **** * Notes:
  83:Generated_Source\PSoC5/UART_PM.c **** *  If this function is called without calling UART_SaveConfig() 
  84:Generated_Source\PSoC5/UART_PM.c **** *  first, the data loaded may be incorrect.
  85:Generated_Source\PSoC5/UART_PM.c **** *
  86:Generated_Source\PSoC5/UART_PM.c **** *******************************************************************************/
  87:Generated_Source\PSoC5/UART_PM.c **** void UART_RestoreConfig(void)
  88:Generated_Source\PSoC5/UART_PM.c **** {
  55              		.loc 1 88 0
  56              		.cfi_startproc
  57              		@ args = 0, pretend = 0, frame = 0
  58              		@ frame_needed = 0, uses_anonymous_args = 0
  59              		@ link register save eliminated.
  89:Generated_Source\PSoC5/UART_PM.c ****     #if(UART_CONTROL_REG_REMOVED == 0u)
  90:Generated_Source\PSoC5/UART_PM.c ****         UART_CONTROL_REG = UART_backup.cr;
  60              		.loc 1 90 0
  61 0000 024B     		ldr	r3, .L5
  62 0002 5A78     		ldrb	r2, [r3, #1]	@ zero_extendqisi2
  63 0004 024B     		ldr	r3, .L5+4
  64 0006 1A70     		strb	r2, [r3]
  65 0008 7047     		bx	lr
  66              	.L6:
  67 000a 00BF     		.align	2
  68              	.L5:
  69 000c 00000000 		.word	.LANCHOR0
  70 0010 78650040 		.word	1073767800
  71              		.cfi_endproc
  72              	.LFE1:
  73              		.size	UART_RestoreConfig, .-UART_RestoreConfig
  74              		.section	.text.UART_Sleep,"ax",%progbits
  75              		.align	2
  76              		.global	UART_Sleep
  77              		.thumb
  78              		.thumb_func
  79              		.type	UART_Sleep, %function
  80              	UART_Sleep:
  81              	.LFB2:
ARM GAS  C:\Users\marco\AppData\Local\Temp\ccOlw5X2.s 			page 4


  91:Generated_Source\PSoC5/UART_PM.c ****     #endif /* End UART_CONTROL_REG_REMOVED */
  92:Generated_Source\PSoC5/UART_PM.c **** }
  93:Generated_Source\PSoC5/UART_PM.c **** 
  94:Generated_Source\PSoC5/UART_PM.c **** 
  95:Generated_Source\PSoC5/UART_PM.c **** /*******************************************************************************
  96:Generated_Source\PSoC5/UART_PM.c **** * Function Name: UART_Sleep
  97:Generated_Source\PSoC5/UART_PM.c **** ********************************************************************************
  98:Generated_Source\PSoC5/UART_PM.c **** *
  99:Generated_Source\PSoC5/UART_PM.c **** * Summary:
 100:Generated_Source\PSoC5/UART_PM.c **** *  This is the preferred API to prepare the component for sleep. 
 101:Generated_Source\PSoC5/UART_PM.c **** *  The UART_Sleep() API saves the current component state. Then it
 102:Generated_Source\PSoC5/UART_PM.c **** *  calls the UART_Stop() function and calls 
 103:Generated_Source\PSoC5/UART_PM.c **** *  UART_SaveConfig() to save the hardware configuration.
 104:Generated_Source\PSoC5/UART_PM.c **** *  Call the UART_Sleep() function before calling the CyPmSleep() 
 105:Generated_Source\PSoC5/UART_PM.c **** *  or the CyPmHibernate() function. 
 106:Generated_Source\PSoC5/UART_PM.c **** *
 107:Generated_Source\PSoC5/UART_PM.c **** * Parameters:
 108:Generated_Source\PSoC5/UART_PM.c **** *  None.
 109:Generated_Source\PSoC5/UART_PM.c **** *
 110:Generated_Source\PSoC5/UART_PM.c **** * Return:
 111:Generated_Source\PSoC5/UART_PM.c **** *  None.
 112:Generated_Source\PSoC5/UART_PM.c **** *
 113:Generated_Source\PSoC5/UART_PM.c **** * Global Variables:
 114:Generated_Source\PSoC5/UART_PM.c **** *  UART_backup - modified when non-retention registers are saved.
 115:Generated_Source\PSoC5/UART_PM.c **** *
 116:Generated_Source\PSoC5/UART_PM.c **** * Reentrant:
 117:Generated_Source\PSoC5/UART_PM.c **** *  No.
 118:Generated_Source\PSoC5/UART_PM.c **** *
 119:Generated_Source\PSoC5/UART_PM.c **** *******************************************************************************/
 120:Generated_Source\PSoC5/UART_PM.c **** void UART_Sleep(void)
 121:Generated_Source\PSoC5/UART_PM.c **** {
  82              		.loc 1 121 0
  83              		.cfi_startproc
  84              		@ args = 0, pretend = 0, frame = 0
  85              		@ frame_needed = 0, uses_anonymous_args = 0
  86 0000 08B5     		push	{r3, lr}
  87              		.cfi_def_cfa_offset 8
  88              		.cfi_offset 3, -8
  89              		.cfi_offset 14, -4
 122:Generated_Source\PSoC5/UART_PM.c ****     #if(UART_RX_ENABLED || UART_HD_ENABLED)
 123:Generated_Source\PSoC5/UART_PM.c ****         if((UART_RXSTATUS_ACTL_REG  & UART_INT_ENABLE) != 0u)
  90              		.loc 1 123 0
  91 0002 084B     		ldr	r3, .L11
  92 0004 1B78     		ldrb	r3, [r3]	@ zero_extendqisi2
  93 0006 13F0100F 		tst	r3, #16
  94 000a 03D0     		beq	.L8
 124:Generated_Source\PSoC5/UART_PM.c ****         {
 125:Generated_Source\PSoC5/UART_PM.c ****             UART_backup.enableState = 1u;
  95              		.loc 1 125 0
  96 000c 0122     		movs	r2, #1
  97 000e 064B     		ldr	r3, .L11+4
  98 0010 1A70     		strb	r2, [r3]
  99 0012 02E0     		b	.L9
 100              	.L8:
 126:Generated_Source\PSoC5/UART_PM.c ****         }
 127:Generated_Source\PSoC5/UART_PM.c ****         else
 128:Generated_Source\PSoC5/UART_PM.c ****         {
ARM GAS  C:\Users\marco\AppData\Local\Temp\ccOlw5X2.s 			page 5


 129:Generated_Source\PSoC5/UART_PM.c ****             UART_backup.enableState = 0u;
 101              		.loc 1 129 0
 102 0014 0022     		movs	r2, #0
 103 0016 044B     		ldr	r3, .L11+4
 104 0018 1A70     		strb	r2, [r3]
 105              	.L9:
 130:Generated_Source\PSoC5/UART_PM.c ****         }
 131:Generated_Source\PSoC5/UART_PM.c ****     #else
 132:Generated_Source\PSoC5/UART_PM.c ****         if((UART_TXSTATUS_ACTL_REG  & UART_INT_ENABLE) !=0u)
 133:Generated_Source\PSoC5/UART_PM.c ****         {
 134:Generated_Source\PSoC5/UART_PM.c ****             UART_backup.enableState = 1u;
 135:Generated_Source\PSoC5/UART_PM.c ****         }
 136:Generated_Source\PSoC5/UART_PM.c ****         else
 137:Generated_Source\PSoC5/UART_PM.c ****         {
 138:Generated_Source\PSoC5/UART_PM.c ****             UART_backup.enableState = 0u;
 139:Generated_Source\PSoC5/UART_PM.c ****         }
 140:Generated_Source\PSoC5/UART_PM.c ****     #endif /* End UART_RX_ENABLED || UART_HD_ENABLED*/
 141:Generated_Source\PSoC5/UART_PM.c **** 
 142:Generated_Source\PSoC5/UART_PM.c ****     UART_Stop();
 106              		.loc 1 142 0
 107 001a FFF7FEFF 		bl	UART_Stop
 108              	.LVL0:
 143:Generated_Source\PSoC5/UART_PM.c ****     UART_SaveConfig();
 109              		.loc 1 143 0
 110 001e FFF7FEFF 		bl	UART_SaveConfig
 111              	.LVL1:
 112 0022 08BD     		pop	{r3, pc}
 113              	.L12:
 114              		.align	2
 115              	.L11:
 116 0024 9A640040 		.word	1073767578
 117 0028 00000000 		.word	.LANCHOR0
 118              		.cfi_endproc
 119              	.LFE2:
 120              		.size	UART_Sleep, .-UART_Sleep
 121              		.section	.text.UART_Wakeup,"ax",%progbits
 122              		.align	2
 123              		.global	UART_Wakeup
 124              		.thumb
 125              		.thumb_func
 126              		.type	UART_Wakeup, %function
 127              	UART_Wakeup:
 128              	.LFB3:
 144:Generated_Source\PSoC5/UART_PM.c **** }
 145:Generated_Source\PSoC5/UART_PM.c **** 
 146:Generated_Source\PSoC5/UART_PM.c **** 
 147:Generated_Source\PSoC5/UART_PM.c **** /*******************************************************************************
 148:Generated_Source\PSoC5/UART_PM.c **** * Function Name: UART_Wakeup
 149:Generated_Source\PSoC5/UART_PM.c **** ********************************************************************************
 150:Generated_Source\PSoC5/UART_PM.c **** *
 151:Generated_Source\PSoC5/UART_PM.c **** * Summary:
 152:Generated_Source\PSoC5/UART_PM.c **** *  This is the preferred API to restore the component to the state when 
 153:Generated_Source\PSoC5/UART_PM.c **** *  UART_Sleep() was called. The UART_Wakeup() function
 154:Generated_Source\PSoC5/UART_PM.c **** *  calls the UART_RestoreConfig() function to restore the 
 155:Generated_Source\PSoC5/UART_PM.c **** *  configuration. If the component was enabled before the 
 156:Generated_Source\PSoC5/UART_PM.c **** *  UART_Sleep() function was called, the UART_Wakeup()
 157:Generated_Source\PSoC5/UART_PM.c **** *  function will also re-enable the component.
ARM GAS  C:\Users\marco\AppData\Local\Temp\ccOlw5X2.s 			page 6


 158:Generated_Source\PSoC5/UART_PM.c **** *
 159:Generated_Source\PSoC5/UART_PM.c **** * Parameters:
 160:Generated_Source\PSoC5/UART_PM.c **** *  None.
 161:Generated_Source\PSoC5/UART_PM.c **** *
 162:Generated_Source\PSoC5/UART_PM.c **** * Return:
 163:Generated_Source\PSoC5/UART_PM.c **** *  None.
 164:Generated_Source\PSoC5/UART_PM.c **** *
 165:Generated_Source\PSoC5/UART_PM.c **** * Global Variables:
 166:Generated_Source\PSoC5/UART_PM.c **** *  UART_backup - used when non-retention registers are restored.
 167:Generated_Source\PSoC5/UART_PM.c **** *
 168:Generated_Source\PSoC5/UART_PM.c **** * Reentrant:
 169:Generated_Source\PSoC5/UART_PM.c **** *  No.
 170:Generated_Source\PSoC5/UART_PM.c **** *
 171:Generated_Source\PSoC5/UART_PM.c **** *******************************************************************************/
 172:Generated_Source\PSoC5/UART_PM.c **** void UART_Wakeup(void)
 173:Generated_Source\PSoC5/UART_PM.c **** {
 129              		.loc 1 173 0
 130              		.cfi_startproc
 131              		@ args = 0, pretend = 0, frame = 0
 132              		@ frame_needed = 0, uses_anonymous_args = 0
 133 0000 08B5     		push	{r3, lr}
 134              		.cfi_def_cfa_offset 8
 135              		.cfi_offset 3, -8
 136              		.cfi_offset 14, -4
 174:Generated_Source\PSoC5/UART_PM.c ****     UART_RestoreConfig();
 137              		.loc 1 174 0
 138 0002 FFF7FEFF 		bl	UART_RestoreConfig
 139              	.LVL2:
 175:Generated_Source\PSoC5/UART_PM.c ****     #if( (UART_RX_ENABLED) || (UART_HD_ENABLED) )
 176:Generated_Source\PSoC5/UART_PM.c ****         UART_ClearRxBuffer();
 140              		.loc 1 176 0
 141 0006 FFF7FEFF 		bl	UART_ClearRxBuffer
 142              	.LVL3:
 177:Generated_Source\PSoC5/UART_PM.c ****     #endif /* End (UART_RX_ENABLED) || (UART_HD_ENABLED) */
 178:Generated_Source\PSoC5/UART_PM.c ****     #if(UART_TX_ENABLED || UART_HD_ENABLED)
 179:Generated_Source\PSoC5/UART_PM.c ****         UART_ClearTxBuffer();
 180:Generated_Source\PSoC5/UART_PM.c ****     #endif /* End UART_TX_ENABLED || UART_HD_ENABLED */
 181:Generated_Source\PSoC5/UART_PM.c **** 
 182:Generated_Source\PSoC5/UART_PM.c ****     if(UART_backup.enableState != 0u)
 143              		.loc 1 182 0
 144 000a 034B     		ldr	r3, .L16
 145 000c 1B78     		ldrb	r3, [r3]	@ zero_extendqisi2
 146 000e 0BB1     		cbz	r3, .L13
 183:Generated_Source\PSoC5/UART_PM.c ****     {
 184:Generated_Source\PSoC5/UART_PM.c ****         UART_Enable();
 147              		.loc 1 184 0
 148 0010 FFF7FEFF 		bl	UART_Enable
 149              	.LVL4:
 150              	.L13:
 151 0014 08BD     		pop	{r3, pc}
 152              	.L17:
 153 0016 00BF     		.align	2
 154              	.L16:
 155 0018 00000000 		.word	.LANCHOR0
 156              		.cfi_endproc
 157              	.LFE3:
 158              		.size	UART_Wakeup, .-UART_Wakeup
ARM GAS  C:\Users\marco\AppData\Local\Temp\ccOlw5X2.s 			page 7


 159              		.bss
 160              		.align	2
 161              		.set	.LANCHOR0,. + 0
 162              		.type	UART_backup, %object
 163              		.size	UART_backup, 2
 164              	UART_backup:
 165 0000 0000     		.space	2
 166              		.text
 167              	.Letext0:
 168              		.file 2 "Generated_Source\\PSoC5\\cytypes.h"
 169              		.file 3 "Generated_Source\\PSoC5\\UART.h"
 170              		.section	.debug_info,"",%progbits
 171              	.Ldebug_info0:
 172 0000 84010000 		.4byte	0x184
 173 0004 0400     		.2byte	0x4
 174 0006 00000000 		.4byte	.Ldebug_abbrev0
 175 000a 04       		.byte	0x4
 176 000b 01       		.uleb128 0x1
 177 000c BC000000 		.4byte	.LASF25
 178 0010 0C       		.byte	0xc
 179 0011 1A020000 		.4byte	.LASF26
 180 0015 00000000 		.4byte	.LASF27
 181 0019 00000000 		.4byte	.Ldebug_ranges0+0
 182 001d 00000000 		.4byte	0
 183 0021 00000000 		.4byte	.Ldebug_line0
 184 0025 02       		.uleb128 0x2
 185 0026 01       		.byte	0x1
 186 0027 06       		.byte	0x6
 187 0028 0E020000 		.4byte	.LASF0
 188 002c 02       		.uleb128 0x2
 189 002d 01       		.byte	0x1
 190 002e 08       		.byte	0x8
 191 002f AE000000 		.4byte	.LASF1
 192 0033 02       		.uleb128 0x2
 193 0034 02       		.byte	0x2
 194 0035 05       		.byte	0x5
 195 0036 D7010000 		.4byte	.LASF2
 196 003a 02       		.uleb128 0x2
 197 003b 02       		.byte	0x2
 198 003c 07       		.byte	0x7
 199 003d 6B000000 		.4byte	.LASF3
 200 0041 02       		.uleb128 0x2
 201 0042 04       		.byte	0x4
 202 0043 05       		.byte	0x5
 203 0044 ED010000 		.4byte	.LASF4
 204 0048 02       		.uleb128 0x2
 205 0049 04       		.byte	0x4
 206 004a 07       		.byte	0x7
 207 004b 4F010000 		.4byte	.LASF5
 208 004f 02       		.uleb128 0x2
 209 0050 08       		.byte	0x8
 210 0051 05       		.byte	0x5
 211 0052 B1010000 		.4byte	.LASF6
 212 0056 02       		.uleb128 0x2
 213 0057 08       		.byte	0x8
 214 0058 07       		.byte	0x7
 215 0059 7B010000 		.4byte	.LASF7
ARM GAS  C:\Users\marco\AppData\Local\Temp\ccOlw5X2.s 			page 8


 216 005d 03       		.uleb128 0x3
 217 005e 04       		.byte	0x4
 218 005f 05       		.byte	0x5
 219 0060 696E7400 		.ascii	"int\000"
 220 0064 02       		.uleb128 0x2
 221 0065 04       		.byte	0x4
 222 0066 07       		.byte	0x7
 223 0067 6E010000 		.4byte	.LASF8
 224 006b 04       		.uleb128 0x4
 225 006c 61010000 		.4byte	.LASF12
 226 0070 02       		.byte	0x2
 227 0071 E801     		.2byte	0x1e8
 228 0073 2C000000 		.4byte	0x2c
 229 0077 02       		.uleb128 0x2
 230 0078 04       		.byte	0x4
 231 0079 04       		.byte	0x4
 232 007a 9C000000 		.4byte	.LASF9
 233 007e 02       		.uleb128 0x2
 234 007f 08       		.byte	0x8
 235 0080 04       		.byte	0x4
 236 0081 67010000 		.4byte	.LASF10
 237 0085 02       		.uleb128 0x2
 238 0086 01       		.byte	0x1
 239 0087 08       		.byte	0x8
 240 0088 BF010000 		.4byte	.LASF11
 241 008c 04       		.uleb128 0x4
 242 008d 4A010000 		.4byte	.LASF13
 243 0091 02       		.byte	0x2
 244 0092 9202     		.2byte	0x292
 245 0094 98000000 		.4byte	0x98
 246 0098 05       		.uleb128 0x5
 247 0099 6B000000 		.4byte	0x6b
 248 009d 02       		.uleb128 0x2
 249 009e 08       		.byte	0x8
 250 009f 04       		.byte	0x4
 251 00a0 02020000 		.4byte	.LASF14
 252 00a4 02       		.uleb128 0x2
 253 00a5 04       		.byte	0x4
 254 00a6 07       		.byte	0x7
 255 00a7 A8010000 		.4byte	.LASF15
 256 00ab 06       		.uleb128 0x6
 257 00ac C4010000 		.4byte	.LASF28
 258 00b0 02       		.byte	0x2
 259 00b1 03       		.byte	0x3
 260 00b2 45       		.byte	0x45
 261 00b3 CF000000 		.4byte	0xcf
 262 00b7 07       		.uleb128 0x7
 263 00b8 F6010000 		.4byte	.LASF16
 264 00bc 03       		.byte	0x3
 265 00bd 47       		.byte	0x47
 266 00be 6B000000 		.4byte	0x6b
 267 00c2 00       		.byte	0
 268 00c3 08       		.uleb128 0x8
 269 00c4 637200   		.ascii	"cr\000"
 270 00c7 03       		.byte	0x3
 271 00c8 4A       		.byte	0x4a
 272 00c9 6B000000 		.4byte	0x6b
ARM GAS  C:\Users\marco\AppData\Local\Temp\ccOlw5X2.s 			page 9


 273 00cd 01       		.byte	0x1
 274 00ce 00       		.byte	0
 275 00cf 09       		.uleb128 0x9
 276 00d0 3B020000 		.4byte	.LASF17
 277 00d4 03       		.byte	0x3
 278 00d5 4D       		.byte	0x4d
 279 00d6 AB000000 		.4byte	0xab
 280 00da 0A       		.uleb128 0xa
 281 00db 48000000 		.4byte	.LASF18
 282 00df 01       		.byte	0x1
 283 00e0 36       		.byte	0x36
 284 00e1 00000000 		.4byte	.LFB0
 285 00e5 14000000 		.4byte	.LFE0-.LFB0
 286 00e9 01       		.uleb128 0x1
 287 00ea 9C       		.byte	0x9c
 288 00eb 0A       		.uleb128 0xa
 289 00ec 58000000 		.4byte	.LASF19
 290 00f0 01       		.byte	0x1
 291 00f1 57       		.byte	0x57
 292 00f2 00000000 		.4byte	.LFB1
 293 00f6 14000000 		.4byte	.LFE1-.LFB1
 294 00fa 01       		.uleb128 0x1
 295 00fb 9C       		.byte	0x9c
 296 00fc 0B       		.uleb128 0xb
 297 00fd 91000000 		.4byte	.LASF20
 298 0101 01       		.byte	0x1
 299 0102 78       		.byte	0x78
 300 0103 00000000 		.4byte	.LFB2
 301 0107 2C000000 		.4byte	.LFE2-.LFB2
 302 010b 01       		.uleb128 0x1
 303 010c 9C       		.byte	0x9c
 304 010d 24010000 		.4byte	0x124
 305 0111 0C       		.uleb128 0xc
 306 0112 1E000000 		.4byte	.LVL0
 307 0116 66010000 		.4byte	0x166
 308 011a 0C       		.uleb128 0xc
 309 011b 22000000 		.4byte	.LVL1
 310 011f DA000000 		.4byte	0xda
 311 0123 00       		.byte	0
 312 0124 0B       		.uleb128 0xb
 313 0125 E1010000 		.4byte	.LASF21
 314 0129 01       		.byte	0x1
 315 012a AC       		.byte	0xac
 316 012b 00000000 		.4byte	.LFB3
 317 012f 1C000000 		.4byte	.LFE3-.LFB3
 318 0133 01       		.uleb128 0x1
 319 0134 9C       		.byte	0x9c
 320 0135 55010000 		.4byte	0x155
 321 0139 0C       		.uleb128 0xc
 322 013a 06000000 		.4byte	.LVL2
 323 013e EB000000 		.4byte	0xeb
 324 0142 0C       		.uleb128 0xc
 325 0143 0A000000 		.4byte	.LVL3
 326 0147 71010000 		.4byte	0x171
 327 014b 0C       		.uleb128 0xc
 328 014c 14000000 		.4byte	.LVL4
 329 0150 7C010000 		.4byte	0x17c
ARM GAS  C:\Users\marco\AppData\Local\Temp\ccOlw5X2.s 			page 10


 330 0154 00       		.byte	0
 331 0155 0D       		.uleb128 0xd
 332 0156 92010000 		.4byte	.LASF29
 333 015a 01       		.byte	0x1
 334 015b 18       		.byte	0x18
 335 015c CF000000 		.4byte	0xcf
 336 0160 05       		.uleb128 0x5
 337 0161 03       		.byte	0x3
 338 0162 00000000 		.4byte	UART_backup
 339 0166 0E       		.uleb128 0xe
 340 0167 9E010000 		.4byte	.LASF22
 341 016b 9E010000 		.4byte	.LASF22
 342 016f 03       		.byte	0x3
 343 0170 55       		.byte	0x55
 344 0171 0E       		.uleb128 0xe
 345 0172 7E000000 		.4byte	.LASF23
 346 0176 7E000000 		.4byte	.LASF23
 347 017a 03       		.byte	0x3
 348 017b 75       		.byte	0x75
 349 017c 0E       		.uleb128 0xe
 350 017d A2000000 		.4byte	.LASF24
 351 0181 A2000000 		.4byte	.LASF24
 352 0185 03       		.byte	0x3
 353 0186 5A       		.byte	0x5a
 354 0187 00       		.byte	0
 355              		.section	.debug_abbrev,"",%progbits
 356              	.Ldebug_abbrev0:
 357 0000 01       		.uleb128 0x1
 358 0001 11       		.uleb128 0x11
 359 0002 01       		.byte	0x1
 360 0003 25       		.uleb128 0x25
 361 0004 0E       		.uleb128 0xe
 362 0005 13       		.uleb128 0x13
 363 0006 0B       		.uleb128 0xb
 364 0007 03       		.uleb128 0x3
 365 0008 0E       		.uleb128 0xe
 366 0009 1B       		.uleb128 0x1b
 367 000a 0E       		.uleb128 0xe
 368 000b 55       		.uleb128 0x55
 369 000c 17       		.uleb128 0x17
 370 000d 11       		.uleb128 0x11
 371 000e 01       		.uleb128 0x1
 372 000f 10       		.uleb128 0x10
 373 0010 17       		.uleb128 0x17
 374 0011 00       		.byte	0
 375 0012 00       		.byte	0
 376 0013 02       		.uleb128 0x2
 377 0014 24       		.uleb128 0x24
 378 0015 00       		.byte	0
 379 0016 0B       		.uleb128 0xb
 380 0017 0B       		.uleb128 0xb
 381 0018 3E       		.uleb128 0x3e
 382 0019 0B       		.uleb128 0xb
 383 001a 03       		.uleb128 0x3
 384 001b 0E       		.uleb128 0xe
 385 001c 00       		.byte	0
 386 001d 00       		.byte	0
ARM GAS  C:\Users\marco\AppData\Local\Temp\ccOlw5X2.s 			page 11


 387 001e 03       		.uleb128 0x3
 388 001f 24       		.uleb128 0x24
 389 0020 00       		.byte	0
 390 0021 0B       		.uleb128 0xb
 391 0022 0B       		.uleb128 0xb
 392 0023 3E       		.uleb128 0x3e
 393 0024 0B       		.uleb128 0xb
 394 0025 03       		.uleb128 0x3
 395 0026 08       		.uleb128 0x8
 396 0027 00       		.byte	0
 397 0028 00       		.byte	0
 398 0029 04       		.uleb128 0x4
 399 002a 16       		.uleb128 0x16
 400 002b 00       		.byte	0
 401 002c 03       		.uleb128 0x3
 402 002d 0E       		.uleb128 0xe
 403 002e 3A       		.uleb128 0x3a
 404 002f 0B       		.uleb128 0xb
 405 0030 3B       		.uleb128 0x3b
 406 0031 05       		.uleb128 0x5
 407 0032 49       		.uleb128 0x49
 408 0033 13       		.uleb128 0x13
 409 0034 00       		.byte	0
 410 0035 00       		.byte	0
 411 0036 05       		.uleb128 0x5
 412 0037 35       		.uleb128 0x35
 413 0038 00       		.byte	0
 414 0039 49       		.uleb128 0x49
 415 003a 13       		.uleb128 0x13
 416 003b 00       		.byte	0
 417 003c 00       		.byte	0
 418 003d 06       		.uleb128 0x6
 419 003e 13       		.uleb128 0x13
 420 003f 01       		.byte	0x1
 421 0040 03       		.uleb128 0x3
 422 0041 0E       		.uleb128 0xe
 423 0042 0B       		.uleb128 0xb
 424 0043 0B       		.uleb128 0xb
 425 0044 3A       		.uleb128 0x3a
 426 0045 0B       		.uleb128 0xb
 427 0046 3B       		.uleb128 0x3b
 428 0047 0B       		.uleb128 0xb
 429 0048 01       		.uleb128 0x1
 430 0049 13       		.uleb128 0x13
 431 004a 00       		.byte	0
 432 004b 00       		.byte	0
 433 004c 07       		.uleb128 0x7
 434 004d 0D       		.uleb128 0xd
 435 004e 00       		.byte	0
 436 004f 03       		.uleb128 0x3
 437 0050 0E       		.uleb128 0xe
 438 0051 3A       		.uleb128 0x3a
 439 0052 0B       		.uleb128 0xb
 440 0053 3B       		.uleb128 0x3b
 441 0054 0B       		.uleb128 0xb
 442 0055 49       		.uleb128 0x49
 443 0056 13       		.uleb128 0x13
ARM GAS  C:\Users\marco\AppData\Local\Temp\ccOlw5X2.s 			page 12


 444 0057 38       		.uleb128 0x38
 445 0058 0B       		.uleb128 0xb
 446 0059 00       		.byte	0
 447 005a 00       		.byte	0
 448 005b 08       		.uleb128 0x8
 449 005c 0D       		.uleb128 0xd
 450 005d 00       		.byte	0
 451 005e 03       		.uleb128 0x3
 452 005f 08       		.uleb128 0x8
 453 0060 3A       		.uleb128 0x3a
 454 0061 0B       		.uleb128 0xb
 455 0062 3B       		.uleb128 0x3b
 456 0063 0B       		.uleb128 0xb
 457 0064 49       		.uleb128 0x49
 458 0065 13       		.uleb128 0x13
 459 0066 38       		.uleb128 0x38
 460 0067 0B       		.uleb128 0xb
 461 0068 00       		.byte	0
 462 0069 00       		.byte	0
 463 006a 09       		.uleb128 0x9
 464 006b 16       		.uleb128 0x16
 465 006c 00       		.byte	0
 466 006d 03       		.uleb128 0x3
 467 006e 0E       		.uleb128 0xe
 468 006f 3A       		.uleb128 0x3a
 469 0070 0B       		.uleb128 0xb
 470 0071 3B       		.uleb128 0x3b
 471 0072 0B       		.uleb128 0xb
 472 0073 49       		.uleb128 0x49
 473 0074 13       		.uleb128 0x13
 474 0075 00       		.byte	0
 475 0076 00       		.byte	0
 476 0077 0A       		.uleb128 0xa
 477 0078 2E       		.uleb128 0x2e
 478 0079 00       		.byte	0
 479 007a 3F       		.uleb128 0x3f
 480 007b 19       		.uleb128 0x19
 481 007c 03       		.uleb128 0x3
 482 007d 0E       		.uleb128 0xe
 483 007e 3A       		.uleb128 0x3a
 484 007f 0B       		.uleb128 0xb
 485 0080 3B       		.uleb128 0x3b
 486 0081 0B       		.uleb128 0xb
 487 0082 27       		.uleb128 0x27
 488 0083 19       		.uleb128 0x19
 489 0084 11       		.uleb128 0x11
 490 0085 01       		.uleb128 0x1
 491 0086 12       		.uleb128 0x12
 492 0087 06       		.uleb128 0x6
 493 0088 40       		.uleb128 0x40
 494 0089 18       		.uleb128 0x18
 495 008a 9742     		.uleb128 0x2117
 496 008c 19       		.uleb128 0x19
 497 008d 00       		.byte	0
 498 008e 00       		.byte	0
 499 008f 0B       		.uleb128 0xb
 500 0090 2E       		.uleb128 0x2e
ARM GAS  C:\Users\marco\AppData\Local\Temp\ccOlw5X2.s 			page 13


 501 0091 01       		.byte	0x1
 502 0092 3F       		.uleb128 0x3f
 503 0093 19       		.uleb128 0x19
 504 0094 03       		.uleb128 0x3
 505 0095 0E       		.uleb128 0xe
 506 0096 3A       		.uleb128 0x3a
 507 0097 0B       		.uleb128 0xb
 508 0098 3B       		.uleb128 0x3b
 509 0099 0B       		.uleb128 0xb
 510 009a 27       		.uleb128 0x27
 511 009b 19       		.uleb128 0x19
 512 009c 11       		.uleb128 0x11
 513 009d 01       		.uleb128 0x1
 514 009e 12       		.uleb128 0x12
 515 009f 06       		.uleb128 0x6
 516 00a0 40       		.uleb128 0x40
 517 00a1 18       		.uleb128 0x18
 518 00a2 9742     		.uleb128 0x2117
 519 00a4 19       		.uleb128 0x19
 520 00a5 01       		.uleb128 0x1
 521 00a6 13       		.uleb128 0x13
 522 00a7 00       		.byte	0
 523 00a8 00       		.byte	0
 524 00a9 0C       		.uleb128 0xc
 525 00aa 898201   		.uleb128 0x4109
 526 00ad 00       		.byte	0
 527 00ae 11       		.uleb128 0x11
 528 00af 01       		.uleb128 0x1
 529 00b0 31       		.uleb128 0x31
 530 00b1 13       		.uleb128 0x13
 531 00b2 00       		.byte	0
 532 00b3 00       		.byte	0
 533 00b4 0D       		.uleb128 0xd
 534 00b5 34       		.uleb128 0x34
 535 00b6 00       		.byte	0
 536 00b7 03       		.uleb128 0x3
 537 00b8 0E       		.uleb128 0xe
 538 00b9 3A       		.uleb128 0x3a
 539 00ba 0B       		.uleb128 0xb
 540 00bb 3B       		.uleb128 0x3b
 541 00bc 0B       		.uleb128 0xb
 542 00bd 49       		.uleb128 0x49
 543 00be 13       		.uleb128 0x13
 544 00bf 02       		.uleb128 0x2
 545 00c0 18       		.uleb128 0x18
 546 00c1 00       		.byte	0
 547 00c2 00       		.byte	0
 548 00c3 0E       		.uleb128 0xe
 549 00c4 2E       		.uleb128 0x2e
 550 00c5 00       		.byte	0
 551 00c6 3F       		.uleb128 0x3f
 552 00c7 19       		.uleb128 0x19
 553 00c8 3C       		.uleb128 0x3c
 554 00c9 19       		.uleb128 0x19
 555 00ca 6E       		.uleb128 0x6e
 556 00cb 0E       		.uleb128 0xe
 557 00cc 03       		.uleb128 0x3
ARM GAS  C:\Users\marco\AppData\Local\Temp\ccOlw5X2.s 			page 14


 558 00cd 0E       		.uleb128 0xe
 559 00ce 3A       		.uleb128 0x3a
 560 00cf 0B       		.uleb128 0xb
 561 00d0 3B       		.uleb128 0x3b
 562 00d1 0B       		.uleb128 0xb
 563 00d2 00       		.byte	0
 564 00d3 00       		.byte	0
 565 00d4 00       		.byte	0
 566              		.section	.debug_aranges,"",%progbits
 567 0000 34000000 		.4byte	0x34
 568 0004 0200     		.2byte	0x2
 569 0006 00000000 		.4byte	.Ldebug_info0
 570 000a 04       		.byte	0x4
 571 000b 00       		.byte	0
 572 000c 0000     		.2byte	0
 573 000e 0000     		.2byte	0
 574 0010 00000000 		.4byte	.LFB0
 575 0014 14000000 		.4byte	.LFE0-.LFB0
 576 0018 00000000 		.4byte	.LFB1
 577 001c 14000000 		.4byte	.LFE1-.LFB1
 578 0020 00000000 		.4byte	.LFB2
 579 0024 2C000000 		.4byte	.LFE2-.LFB2
 580 0028 00000000 		.4byte	.LFB3
 581 002c 1C000000 		.4byte	.LFE3-.LFB3
 582 0030 00000000 		.4byte	0
 583 0034 00000000 		.4byte	0
 584              		.section	.debug_ranges,"",%progbits
 585              	.Ldebug_ranges0:
 586 0000 00000000 		.4byte	.LFB0
 587 0004 14000000 		.4byte	.LFE0
 588 0008 00000000 		.4byte	.LFB1
 589 000c 14000000 		.4byte	.LFE1
 590 0010 00000000 		.4byte	.LFB2
 591 0014 2C000000 		.4byte	.LFE2
 592 0018 00000000 		.4byte	.LFB3
 593 001c 1C000000 		.4byte	.LFE3
 594 0020 00000000 		.4byte	0
 595 0024 00000000 		.4byte	0
 596              		.section	.debug_line,"",%progbits
 597              	.Ldebug_line0:
 598 0000 A0000000 		.section	.debug_str,"MS",%progbits,1
 598      02004E00 
 598      00000201 
 598      FB0E0D00 
 598      01010101 
 599              	.LASF27:
 600 0000 433A5C55 		.ascii	"C:\\Users\\marco\\OneDrive\\Documenti\\PSoC Creator"
 600      73657273 
 600      5C6D6172 
 600      636F5C4F 
 600      6E654472 
 601 002e 5C50726F 		.ascii	"\\Prove_PSOC\\LED_GUI.cydsn\000"
 601      76655F50 
 601      534F435C 
 601      4C45445F 
 601      4755492E 
 602              	.LASF18:
ARM GAS  C:\Users\marco\AppData\Local\Temp\ccOlw5X2.s 			page 15


 603 0048 55415254 		.ascii	"UART_SaveConfig\000"
 603      5F536176 
 603      65436F6E 
 603      66696700 
 604              	.LASF19:
 605 0058 55415254 		.ascii	"UART_RestoreConfig\000"
 605      5F526573 
 605      746F7265 
 605      436F6E66 
 605      696700
 606              	.LASF3:
 607 006b 73686F72 		.ascii	"short unsigned int\000"
 607      7420756E 
 607      7369676E 
 607      65642069 
 607      6E7400
 608              	.LASF23:
 609 007e 55415254 		.ascii	"UART_ClearRxBuffer\000"
 609      5F436C65 
 609      61725278 
 609      42756666 
 609      657200
 610              	.LASF20:
 611 0091 55415254 		.ascii	"UART_Sleep\000"
 611      5F536C65 
 611      657000
 612              	.LASF9:
 613 009c 666C6F61 		.ascii	"float\000"
 613      7400
 614              	.LASF24:
 615 00a2 55415254 		.ascii	"UART_Enable\000"
 615      5F456E61 
 615      626C6500 
 616              	.LASF1:
 617 00ae 756E7369 		.ascii	"unsigned char\000"
 617      676E6564 
 617      20636861 
 617      7200
 618              	.LASF25:
 619 00bc 474E5520 		.ascii	"GNU C11 5.4.1 20160609 (release) [ARM/embedded-5-br"
 619      43313120 
 619      352E342E 
 619      31203230 
 619      31363036 
 620 00ef 616E6368 		.ascii	"anch revision 237715] -mcpu=cortex-m3 -mthumb -g -O"
 620      20726576 
 620      6973696F 
 620      6E203233 
 620      37373135 
 621 0122 67202D66 		.ascii	"g -ffunction-sections -ffat-lto-objects\000"
 621      66756E63 
 621      74696F6E 
 621      2D736563 
 621      74696F6E 
 622              	.LASF13:
 623 014a 72656738 		.ascii	"reg8\000"
 623      00
ARM GAS  C:\Users\marco\AppData\Local\Temp\ccOlw5X2.s 			page 16


 624              	.LASF5:
 625 014f 6C6F6E67 		.ascii	"long unsigned int\000"
 625      20756E73 
 625      69676E65 
 625      6420696E 
 625      7400
 626              	.LASF12:
 627 0161 75696E74 		.ascii	"uint8\000"
 627      3800
 628              	.LASF10:
 629 0167 646F7562 		.ascii	"double\000"
 629      6C6500
 630              	.LASF8:
 631 016e 756E7369 		.ascii	"unsigned int\000"
 631      676E6564 
 631      20696E74 
 631      00
 632              	.LASF7:
 633 017b 6C6F6E67 		.ascii	"long long unsigned int\000"
 633      206C6F6E 
 633      6720756E 
 633      7369676E 
 633      65642069 
 634              	.LASF29:
 635 0192 55415254 		.ascii	"UART_backup\000"
 635      5F626163 
 635      6B757000 
 636              	.LASF22:
 637 019e 55415254 		.ascii	"UART_Stop\000"
 637      5F53746F 
 637      7000
 638              	.LASF15:
 639 01a8 73697A65 		.ascii	"sizetype\000"
 639      74797065 
 639      00
 640              	.LASF6:
 641 01b1 6C6F6E67 		.ascii	"long long int\000"
 641      206C6F6E 
 641      6720696E 
 641      7400
 642              	.LASF11:
 643 01bf 63686172 		.ascii	"char\000"
 643      00
 644              	.LASF28:
 645 01c4 55415254 		.ascii	"UART_backupStruct_\000"
 645      5F626163 
 645      6B757053 
 645      74727563 
 645      745F00
 646              	.LASF2:
 647 01d7 73686F72 		.ascii	"short int\000"
 647      7420696E 
 647      7400
 648              	.LASF21:
 649 01e1 55415254 		.ascii	"UART_Wakeup\000"
 649      5F57616B 
 649      65757000 
ARM GAS  C:\Users\marco\AppData\Local\Temp\ccOlw5X2.s 			page 17


 650              	.LASF4:
 651 01ed 6C6F6E67 		.ascii	"long int\000"
 651      20696E74 
 651      00
 652              	.LASF16:
 653 01f6 656E6162 		.ascii	"enableState\000"
 653      6C655374 
 653      61746500 
 654              	.LASF14:
 655 0202 6C6F6E67 		.ascii	"long double\000"
 655      20646F75 
 655      626C6500 
 656              	.LASF0:
 657 020e 7369676E 		.ascii	"signed char\000"
 657      65642063 
 657      68617200 
 658              	.LASF26:
 659 021a 47656E65 		.ascii	"Generated_Source\\PSoC5\\UART_PM.c\000"
 659      72617465 
 659      645F536F 
 659      75726365 
 659      5C50536F 
 660              	.LASF17:
 661 023b 55415254 		.ascii	"UART_BACKUP_STRUCT\000"
 661      5F424143 
 661      4B55505F 
 661      53545255 
 661      435400
 662              		.ident	"GCC: (GNU Tools for ARM Embedded Processors) 5.4.1 20160609 (release) [ARM/embedded-5-bran
