ARM GAS  C:\Users\marco\AppData\Local\Temp\cciZbxOd.s 			page 1


   1              		.syntax unified
   2              		.cpu cortex-m3
   3              		.fpu softvfp
   4              		.eabi_attribute 20, 1
   5              		.eabi_attribute 21, 1
   6              		.eabi_attribute 23, 3
   7              		.eabi_attribute 24, 1
   8              		.eabi_attribute 25, 1
   9              		.eabi_attribute 26, 1
  10              		.eabi_attribute 30, 1
  11              		.eabi_attribute 34, 1
  12              		.eabi_attribute 18, 4
  13              		.thumb
  14              		.syntax unified
  15              		.file	"ISR_TIMER.c"
  16              		.text
  17              	.Ltext0:
  18              		.cfi_sections	.debug_frame
  19              		.section	.text.Custom_ISR_TIMER,"ax",%progbits
  20              		.align	2
  21              		.global	Custom_ISR_TIMER
  22              		.thumb
  23              		.thumb_func
  24              		.type	Custom_ISR_TIMER, %function
  25              	Custom_ISR_TIMER:
  26              	.LFB64:
  27              		.file 1 "ISR_TIMER.c"
   1:ISR_TIMER.c   **** /* ========================================
   2:ISR_TIMER.c   ****  *
   3:ISR_TIMER.c   ****  * Copyright YOUR COMPANY, THE YEAR
   4:ISR_TIMER.c   ****  * All Rights Reserved
   5:ISR_TIMER.c   ****  * UNPUBLISHED, LICENSED SOFTWARE.
   6:ISR_TIMER.c   ****  *
   7:ISR_TIMER.c   ****  * CONFIDENTIAL AND PROPRIETARY INFORMATION
   8:ISR_TIMER.c   ****  * WHICH IS THE PROPERTY OF your company.
   9:ISR_TIMER.c   ****  *
  10:ISR_TIMER.c   ****  * ========================================
  11:ISR_TIMER.c   **** */
  12:ISR_TIMER.c   **** #include "ISR_TIMER.h"
  13:ISR_TIMER.c   **** #include "project.h"
  14:ISR_TIMER.c   **** 
  15:ISR_TIMER.c   **** CY_ISR(Custom_ISR_TIMER)
  16:ISR_TIMER.c   **** {
  28              		.loc 1 16 0
  29              		.cfi_startproc
  30              		@ args = 0, pretend = 0, frame = 0
  31              		@ frame_needed = 0, uses_anonymous_args = 0
  32 0000 08B5     		push	{r3, lr}
  33              		.cfi_def_cfa_offset 8
  34              		.cfi_offset 3, -8
  35              		.cfi_offset 14, -4
  17:ISR_TIMER.c   ****     LED_Write(~LED_Read());
  36              		.loc 1 17 0
  37 0002 FFF7FEFF 		bl	LED_Read
  38              	.LVL0:
  39 0006 C043     		mvns	r0, r0
  40 0008 C0B2     		uxtb	r0, r0
ARM GAS  C:\Users\marco\AppData\Local\Temp\cciZbxOd.s 			page 2


  41 000a FFF7FEFF 		bl	LED_Write
  42              	.LVL1:
  43 000e 08BD     		pop	{r3, pc}
  44              		.cfi_endproc
  45              	.LFE64:
  46              		.size	Custom_ISR_TIMER, .-Custom_ISR_TIMER
  47              		.text
  48              	.Letext0:
  49              		.file 2 "c:\\program files (x86)\\cypress\\psoc creator\\4.4\\psoc creator\\import\\gnu\\arm\\5.4.
  50              		.file 3 "c:\\program files (x86)\\cypress\\psoc creator\\4.4\\psoc creator\\import\\gnu\\arm\\5.4.
  51              		.file 4 "Generated_Source\\PSoC5/LED.h"
  52              		.file 5 "Generated_Source\\PSoC5/core_cm3.h"
  53              		.section	.debug_info,"",%progbits
  54              	.Ldebug_info0:
  55 0000 F0000000 		.4byte	0xf0
  56 0004 0400     		.2byte	0x4
  57 0006 00000000 		.4byte	.Ldebug_abbrev0
  58 000a 04       		.byte	0x4
  59 000b 01       		.uleb128 0x1
  60 000c 2E000000 		.4byte	.LASF18
  61 0010 0C       		.byte	0xc
  62 0011 14010000 		.4byte	.LASF19
  63 0015 33010000 		.4byte	.LASF20
  64 0019 00000000 		.4byte	.Ldebug_ranges0+0
  65 001d 00000000 		.4byte	0
  66 0021 00000000 		.4byte	.Ldebug_line0
  67 0025 02       		.uleb128 0x2
  68 0026 01       		.byte	0x1
  69 0027 06       		.byte	0x6
  70 0028 8E010000 		.4byte	.LASF0
  71 002c 02       		.uleb128 0x2
  72 002d 01       		.byte	0x1
  73 002e 08       		.byte	0x8
  74 002f F8000000 		.4byte	.LASF1
  75 0033 02       		.uleb128 0x2
  76 0034 02       		.byte	0x2
  77 0035 05       		.byte	0x5
  78 0036 BB010000 		.4byte	.LASF2
  79 003a 02       		.uleb128 0x2
  80 003b 02       		.byte	0x2
  81 003c 07       		.byte	0x7
  82 003d 0E000000 		.4byte	.LASF3
  83 0041 03       		.uleb128 0x3
  84 0042 AB010000 		.4byte	.LASF9
  85 0046 02       		.byte	0x2
  86 0047 3F       		.byte	0x3f
  87 0048 4C000000 		.4byte	0x4c
  88 004c 02       		.uleb128 0x2
  89 004d 04       		.byte	0x4
  90 004e 05       		.byte	0x5
  91 004f 0B010000 		.4byte	.LASF4
  92 0053 02       		.uleb128 0x2
  93 0054 04       		.byte	0x4
  94 0055 07       		.byte	0x7
  95 0056 C6000000 		.4byte	.LASF5
  96 005a 02       		.uleb128 0x2
  97 005b 08       		.byte	0x8
ARM GAS  C:\Users\marco\AppData\Local\Temp\cciZbxOd.s 			page 3


  98 005c 05       		.byte	0x5
  99 005d 00000000 		.4byte	.LASF6
 100 0061 02       		.uleb128 0x2
 101 0062 08       		.byte	0x8
 102 0063 07       		.byte	0x7
 103 0064 D8000000 		.4byte	.LASF7
 104 0068 04       		.uleb128 0x4
 105 0069 04       		.byte	0x4
 106 006a 05       		.byte	0x5
 107 006b 696E7400 		.ascii	"int\000"
 108 006f 02       		.uleb128 0x2
 109 0070 04       		.byte	0x4
 110 0071 07       		.byte	0x7
 111 0072 21000000 		.4byte	.LASF8
 112 0076 03       		.uleb128 0x3
 113 0077 C5010000 		.4byte	.LASF10
 114 007b 03       		.byte	0x3
 115 007c 2C       		.byte	0x2c
 116 007d 41000000 		.4byte	0x41
 117 0081 02       		.uleb128 0x2
 118 0082 04       		.byte	0x4
 119 0083 04       		.byte	0x4
 120 0084 B5010000 		.4byte	.LASF11
 121 0088 02       		.uleb128 0x2
 122 0089 08       		.byte	0x8
 123 008a 04       		.byte	0x4
 124 008b 20010000 		.4byte	.LASF12
 125 008f 02       		.uleb128 0x2
 126 0090 01       		.byte	0x1
 127 0091 08       		.byte	0x8
 128 0092 06010000 		.4byte	.LASF13
 129 0096 02       		.uleb128 0x2
 130 0097 08       		.byte	0x8
 131 0098 04       		.byte	0x4
 132 0099 27010000 		.4byte	.LASF14
 133 009d 02       		.uleb128 0x2
 134 009e 04       		.byte	0x4
 135 009f 07       		.byte	0x7
 136 00a0 CD010000 		.4byte	.LASF15
 137 00a4 05       		.uleb128 0x5
 138 00a5 9A010000 		.4byte	.LASF21
 139 00a9 01       		.byte	0x1
 140 00aa 0F       		.byte	0xf
 141 00ab 00000000 		.4byte	.LFB64
 142 00af 10000000 		.4byte	.LFE64-.LFB64
 143 00b3 01       		.uleb128 0x1
 144 00b4 9C       		.byte	0x9c
 145 00b5 CC000000 		.4byte	0xcc
 146 00b9 06       		.uleb128 0x6
 147 00ba 06000000 		.4byte	.LVL0
 148 00be DD000000 		.4byte	0xdd
 149 00c2 06       		.uleb128 0x6
 150 00c3 0E000000 		.4byte	.LVL1
 151 00c7 E8000000 		.4byte	0xe8
 152 00cb 00       		.byte	0
 153 00cc 07       		.uleb128 0x7
 154 00cd 81010000 		.4byte	.LASF22
ARM GAS  C:\Users\marco\AppData\Local\Temp\cciZbxOd.s 			page 4


 155 00d1 05       		.byte	0x5
 156 00d2 1207     		.2byte	0x712
 157 00d4 D8000000 		.4byte	0xd8
 158 00d8 08       		.uleb128 0x8
 159 00d9 76000000 		.4byte	0x76
 160 00dd 09       		.uleb128 0x9
 161 00de EF000000 		.4byte	.LASF16
 162 00e2 EF000000 		.4byte	.LASF16
 163 00e6 04       		.byte	0x4
 164 00e7 29       		.byte	0x29
 165 00e8 09       		.uleb128 0x9
 166 00e9 BC000000 		.4byte	.LASF17
 167 00ed BC000000 		.4byte	.LASF17
 168 00f1 04       		.byte	0x4
 169 00f2 26       		.byte	0x26
 170 00f3 00       		.byte	0
 171              		.section	.debug_abbrev,"",%progbits
 172              	.Ldebug_abbrev0:
 173 0000 01       		.uleb128 0x1
 174 0001 11       		.uleb128 0x11
 175 0002 01       		.byte	0x1
 176 0003 25       		.uleb128 0x25
 177 0004 0E       		.uleb128 0xe
 178 0005 13       		.uleb128 0x13
 179 0006 0B       		.uleb128 0xb
 180 0007 03       		.uleb128 0x3
 181 0008 0E       		.uleb128 0xe
 182 0009 1B       		.uleb128 0x1b
 183 000a 0E       		.uleb128 0xe
 184 000b 55       		.uleb128 0x55
 185 000c 17       		.uleb128 0x17
 186 000d 11       		.uleb128 0x11
 187 000e 01       		.uleb128 0x1
 188 000f 10       		.uleb128 0x10
 189 0010 17       		.uleb128 0x17
 190 0011 00       		.byte	0
 191 0012 00       		.byte	0
 192 0013 02       		.uleb128 0x2
 193 0014 24       		.uleb128 0x24
 194 0015 00       		.byte	0
 195 0016 0B       		.uleb128 0xb
 196 0017 0B       		.uleb128 0xb
 197 0018 3E       		.uleb128 0x3e
 198 0019 0B       		.uleb128 0xb
 199 001a 03       		.uleb128 0x3
 200 001b 0E       		.uleb128 0xe
 201 001c 00       		.byte	0
 202 001d 00       		.byte	0
 203 001e 03       		.uleb128 0x3
 204 001f 16       		.uleb128 0x16
 205 0020 00       		.byte	0
 206 0021 03       		.uleb128 0x3
 207 0022 0E       		.uleb128 0xe
 208 0023 3A       		.uleb128 0x3a
 209 0024 0B       		.uleb128 0xb
 210 0025 3B       		.uleb128 0x3b
 211 0026 0B       		.uleb128 0xb
ARM GAS  C:\Users\marco\AppData\Local\Temp\cciZbxOd.s 			page 5


 212 0027 49       		.uleb128 0x49
 213 0028 13       		.uleb128 0x13
 214 0029 00       		.byte	0
 215 002a 00       		.byte	0
 216 002b 04       		.uleb128 0x4
 217 002c 24       		.uleb128 0x24
 218 002d 00       		.byte	0
 219 002e 0B       		.uleb128 0xb
 220 002f 0B       		.uleb128 0xb
 221 0030 3E       		.uleb128 0x3e
 222 0031 0B       		.uleb128 0xb
 223 0032 03       		.uleb128 0x3
 224 0033 08       		.uleb128 0x8
 225 0034 00       		.byte	0
 226 0035 00       		.byte	0
 227 0036 05       		.uleb128 0x5
 228 0037 2E       		.uleb128 0x2e
 229 0038 01       		.byte	0x1
 230 0039 3F       		.uleb128 0x3f
 231 003a 19       		.uleb128 0x19
 232 003b 03       		.uleb128 0x3
 233 003c 0E       		.uleb128 0xe
 234 003d 3A       		.uleb128 0x3a
 235 003e 0B       		.uleb128 0xb
 236 003f 3B       		.uleb128 0x3b
 237 0040 0B       		.uleb128 0xb
 238 0041 27       		.uleb128 0x27
 239 0042 19       		.uleb128 0x19
 240 0043 11       		.uleb128 0x11
 241 0044 01       		.uleb128 0x1
 242 0045 12       		.uleb128 0x12
 243 0046 06       		.uleb128 0x6
 244 0047 40       		.uleb128 0x40
 245 0048 18       		.uleb128 0x18
 246 0049 9742     		.uleb128 0x2117
 247 004b 19       		.uleb128 0x19
 248 004c 01       		.uleb128 0x1
 249 004d 13       		.uleb128 0x13
 250 004e 00       		.byte	0
 251 004f 00       		.byte	0
 252 0050 06       		.uleb128 0x6
 253 0051 898201   		.uleb128 0x4109
 254 0054 00       		.byte	0
 255 0055 11       		.uleb128 0x11
 256 0056 01       		.uleb128 0x1
 257 0057 31       		.uleb128 0x31
 258 0058 13       		.uleb128 0x13
 259 0059 00       		.byte	0
 260 005a 00       		.byte	0
 261 005b 07       		.uleb128 0x7
 262 005c 34       		.uleb128 0x34
 263 005d 00       		.byte	0
 264 005e 03       		.uleb128 0x3
 265 005f 0E       		.uleb128 0xe
 266 0060 3A       		.uleb128 0x3a
 267 0061 0B       		.uleb128 0xb
 268 0062 3B       		.uleb128 0x3b
ARM GAS  C:\Users\marco\AppData\Local\Temp\cciZbxOd.s 			page 6


 269 0063 05       		.uleb128 0x5
 270 0064 49       		.uleb128 0x49
 271 0065 13       		.uleb128 0x13
 272 0066 3F       		.uleb128 0x3f
 273 0067 19       		.uleb128 0x19
 274 0068 3C       		.uleb128 0x3c
 275 0069 19       		.uleb128 0x19
 276 006a 00       		.byte	0
 277 006b 00       		.byte	0
 278 006c 08       		.uleb128 0x8
 279 006d 35       		.uleb128 0x35
 280 006e 00       		.byte	0
 281 006f 49       		.uleb128 0x49
 282 0070 13       		.uleb128 0x13
 283 0071 00       		.byte	0
 284 0072 00       		.byte	0
 285 0073 09       		.uleb128 0x9
 286 0074 2E       		.uleb128 0x2e
 287 0075 00       		.byte	0
 288 0076 3F       		.uleb128 0x3f
 289 0077 19       		.uleb128 0x19
 290 0078 3C       		.uleb128 0x3c
 291 0079 19       		.uleb128 0x19
 292 007a 6E       		.uleb128 0x6e
 293 007b 0E       		.uleb128 0xe
 294 007c 03       		.uleb128 0x3
 295 007d 0E       		.uleb128 0xe
 296 007e 3A       		.uleb128 0x3a
 297 007f 0B       		.uleb128 0xb
 298 0080 3B       		.uleb128 0x3b
 299 0081 0B       		.uleb128 0xb
 300 0082 00       		.byte	0
 301 0083 00       		.byte	0
 302 0084 00       		.byte	0
 303              		.section	.debug_aranges,"",%progbits
 304 0000 1C000000 		.4byte	0x1c
 305 0004 0200     		.2byte	0x2
 306 0006 00000000 		.4byte	.Ldebug_info0
 307 000a 04       		.byte	0x4
 308 000b 00       		.byte	0
 309 000c 0000     		.2byte	0
 310 000e 0000     		.2byte	0
 311 0010 00000000 		.4byte	.LFB64
 312 0014 10000000 		.4byte	.LFE64-.LFB64
 313 0018 00000000 		.4byte	0
 314 001c 00000000 		.4byte	0
 315              		.section	.debug_ranges,"",%progbits
 316              	.Ldebug_ranges0:
 317 0000 00000000 		.4byte	.LFB64
 318 0004 10000000 		.4byte	.LFE64
 319 0008 00000000 		.4byte	0
 320 000c 00000000 		.4byte	0
 321              		.section	.debug_line,"",%progbits
 322              	.Ldebug_line0:
 323 0000 63010000 		.section	.debug_str,"MS",%progbits,1
 323      02004D01 
 323      00000201 
ARM GAS  C:\Users\marco\AppData\Local\Temp\cciZbxOd.s 			page 7


 323      FB0E0D00 
 323      01010101 
 324              	.LASF6:
 325 0000 6C6F6E67 		.ascii	"long long int\000"
 325      206C6F6E 
 325      6720696E 
 325      7400
 326              	.LASF3:
 327 000e 73686F72 		.ascii	"short unsigned int\000"
 327      7420756E 
 327      7369676E 
 327      65642069 
 327      6E7400
 328              	.LASF8:
 329 0021 756E7369 		.ascii	"unsigned int\000"
 329      676E6564 
 329      20696E74 
 329      00
 330              	.LASF18:
 331 002e 474E5520 		.ascii	"GNU C11 5.4.1 20160609 (release) [ARM/embedded-5-br"
 331      43313120 
 331      352E342E 
 331      31203230 
 331      31363036 
 332 0061 616E6368 		.ascii	"anch revision 237715] -mcpu=cortex-m3 -mthumb -g -O"
 332      20726576 
 332      6973696F 
 332      6E203233 
 332      37373135 
 333 0094 67202D66 		.ascii	"g -ffunction-sections -ffat-lto-objects\000"
 333      66756E63 
 333      74696F6E 
 333      2D736563 
 333      74696F6E 
 334              	.LASF17:
 335 00bc 4C45445F 		.ascii	"LED_Write\000"
 335      57726974 
 335      6500
 336              	.LASF5:
 337 00c6 6C6F6E67 		.ascii	"long unsigned int\000"
 337      20756E73 
 337      69676E65 
 337      6420696E 
 337      7400
 338              	.LASF7:
 339 00d8 6C6F6E67 		.ascii	"long long unsigned int\000"
 339      206C6F6E 
 339      6720756E 
 339      7369676E 
 339      65642069 
 340              	.LASF16:
 341 00ef 4C45445F 		.ascii	"LED_Read\000"
 341      52656164 
 341      00
 342              	.LASF1:
 343 00f8 756E7369 		.ascii	"unsigned char\000"
 343      676E6564 
ARM GAS  C:\Users\marco\AppData\Local\Temp\cciZbxOd.s 			page 8


 343      20636861 
 343      7200
 344              	.LASF13:
 345 0106 63686172 		.ascii	"char\000"
 345      00
 346              	.LASF4:
 347 010b 6C6F6E67 		.ascii	"long int\000"
 347      20696E74 
 347      00
 348              	.LASF19:
 349 0114 4953525F 		.ascii	"ISR_TIMER.c\000"
 349      54494D45 
 349      522E6300 
 350              	.LASF12:
 351 0120 646F7562 		.ascii	"double\000"
 351      6C6500
 352              	.LASF14:
 353 0127 6C6F6E67 		.ascii	"long double\000"
 353      20646F75 
 353      626C6500 
 354              	.LASF20:
 355 0133 433A5C55 		.ascii	"C:\\Users\\marco\\OneDrive\\Documenti\\PSoC Creator"
 355      73657273 
 355      5C6D6172 
 355      636F5C4F 
 355      6E654472 
 356 0161 5C50726F 		.ascii	"\\Prove_PSOC\\LED_INTERRUPT.cydsn\000"
 356      76655F50 
 356      534F435C 
 356      4C45445F 
 356      494E5445 
 357              	.LASF22:
 358 0181 49544D5F 		.ascii	"ITM_RxBuffer\000"
 358      52784275 
 358      66666572 
 358      00
 359              	.LASF0:
 360 018e 7369676E 		.ascii	"signed char\000"
 360      65642063 
 360      68617200 
 361              	.LASF21:
 362 019a 43757374 		.ascii	"Custom_ISR_TIMER\000"
 362      6F6D5F49 
 362      53525F54 
 362      494D4552 
 362      00
 363              	.LASF9:
 364 01ab 5F5F696E 		.ascii	"__int32_t\000"
 364      7433325F 
 364      7400
 365              	.LASF11:
 366 01b5 666C6F61 		.ascii	"float\000"
 366      7400
 367              	.LASF2:
 368 01bb 73686F72 		.ascii	"short int\000"
 368      7420696E 
 368      7400
ARM GAS  C:\Users\marco\AppData\Local\Temp\cciZbxOd.s 			page 9


 369              	.LASF10:
 370 01c5 696E7433 		.ascii	"int32_t\000"
 370      325F7400 
 371              	.LASF15:
 372 01cd 73697A65 		.ascii	"sizetype\000"
 372      74797065 
 372      00
 373              		.ident	"GCC: (GNU Tools for ARM Embedded Processors) 5.4.1 20160609 (release) [ARM/embedded-5-bran
